---------------------------------------------
Log D:\dayz\DayZServer\profiles\script_2023-11-21_18-02-34.log started at 21.11. 18:02:38

SCRIPT       : Registered 440 temporary action enum(s), UAN==440
SCRIPT    (W): @"GoreZ/3_game/effects\effectparticle\bulletimpactbase\hit_meatbones.c,74": FIX-ME: Overriding function 'BloodSplatGround' but not marked as 'override'
SCRIPT    (W): @"GoreZ/3_game/effects\effectparticle\bulletimpactbase\hit_meatbones.c,109": FIX-ME: Overriding function 'BloodSplatWall' but not marked as 'override'
SCRIPT       : Registering faction type eAIFactionShamans ID -1484989417
SCRIPT       : Registering faction type eAIFactionObservers ID -563736721
SCRIPT       : Registering faction type eAIFactionInvincibleObservers ID -1227299746
SCRIPT       : Registering faction type eAIFactionEast ID 90522109
SCRIPT       : Registering faction type eAIFactionGuards ID 963933710
SCRIPT       : Registering faction type eAIFactionRaiders ID 1535276022
SCRIPT       : Registering faction type eAIFactionMercenaries ID 1629891834
SCRIPT       : Registering faction type eAIFactionWest ID 113880155
SCRIPT       : Registering faction type eAIFactionCivilian ID 1096178351
SCRIPT       : Registering faction type eAIFactionPassive ID -1159399789
SCRIPT       : Registering faction type eAIFactionInvincibleGuards ID 782746017
SCRIPT       : ... Backlit Effects Enabled
SCRIPT       : VPPNotificationManager()
SCRIPT       : [VPPAT] Internal VPPNotifications module loaded!
SCRIPT       : [DayZ Game]:: DayZGame(): Initializing V++ Admin Tools.
SCRIPT       : Default Mission: $saves:VPPDebugMissions/Debug.chernarusplus exists!
SCRIPT       : Default Mission: $saves:VPPDebugMissions/Debug.enoch exists!
SCRIPT       : 18:02:40 [EXPANSION LOG]: DayZGame<8fa954c0> Start time (local time) 2023-11-21 18:02:22
SCRIPT       : 18:02:40 [EXPANSION LOG]: DayZGame<8fa954c0> Start time (UTC) 2023-11-21 15:02:22
SCRIPT       : 18:02:40 [EXPANSION LOG]: DayZGame<8fa954c0> Runtime since start (seconds) 18.643
SCRIPT    (W): @"WindstrideClothing/scripts/4_World/playerbase.c,36": Missing ';' at the end of line
SCRIPT    (W): @"GoreZ/4_world/entities\manbase\playerbase.c,11": FIX-ME: Overriding function 'CheckDeath' but not marked as 'override'
SCRIPT    (W): @"WindstrideClothing/scripts/4_World/eyepatch\eyepatch_dismantle.c,58": FIX-ME: Overriding function 'SetActions' but not marked as 'override'
SCRIPT    (W): @"GoreZ/4_world/entities\infected\zombiebase.c,27": FIX-ME: Overriding function 'IsAlive' but not marked as 'override'
SCRIPT    (W): @"TTC_Rifles/Scripts/4_World/entities\itembase\switchablebase\universallight.c,11": FIX-ME: Overriding function 'InitAttachmentsSlotsToCheck' but not marked as 'override'
SCRIPT    (W): @"VPPAdminTools/4_World/vppadmintools\plugins\pluginbase\webhooksmanager\classes\messagetypes\joinleavemessage.c,7": Possible variable name conflict 'guid'
SCRIPT    (W): @"VPPAdminTools/4_World/vppadmintools\plugins\pluginbase\webhooksmanager\classes\messagetypes\joinleavemessage.c,7": Possible variable name conflict 'details'
SCRIPT    (W): @"WinterGear/Scripts/4_World/newrecipes.c,3": FIX-ME: Overriding function 'RegisterRecipies' but not marked as 'override'
SCRIPT    (W): @"VPPAdminTools/4_World/vppadmintools\plugins\pluginbase\webhooksmanager\classes\webhookmessagebase.c,53": Possible variable name conflict 'title'
SCRIPT    (W): @"VPPAdminTools/4_World/vppadmintools\plugins\pluginbase\webhooksmanager\classes\webhookmessagebase.c,53": Possible variable name conflict 'color'
SCRIPT    (W): @"GoreZ/4_world/classes\bleedingsources\bleedingsource.c,56": FIX-ME: Overriding function 'GetBit' but not marked as 'override'
SCRIPT    (W): @"GoreZ/4_world/classes\bleedingsources\bleedingsource.c,157": FIX-ME: Overriding function 'DrawDebugShape' but not marked as 'override'
SCRIPT    (W): @"VPPAdminTools/4_World/vppadmintools\plugins\pluginbase\chatcommandmanager\classes\chatmodules\argumentcommands\spawning\spawnongroundmodule.c,32": FIX-ME: Undefined function 'ItemBase.SetupSpawnedItem'
SCRIPT    (W): @"VPPAdminTools/4_World/vppadmintools\plugins\pluginbase\itemmanager\itemmanager.c,225": FIX-ME: Undefined function 'ItemBase.SetupSpawnedItem'
SCRIPT    (W): @"VPPAdminTools/4_World/vppadmintools\plugins\pluginbase\admintools\admintools.c,60": No need to use 'Cast' for up-casting
SCRIPT    (W): @"WindstrideClothing/scripts/4_World/playerbase.c,13": Unsafe down-casting, use 'ItemBase.Cast' for safe down-casting
SCRIPT    (W): @"WindstrideClothing/scripts/4_World/playerbase.c,37": Unsafe down-casting, use 'ItemBase.Cast' for safe down-casting
SCRIPT    (W): @"WindstrideClothing/scripts/4_World/playerbase.c,56": Unsafe down-casting, use 'ItemBase.Cast' for safe down-casting
SCRIPT    (W): @"WindstrideClothing/scripts/4_World/playerbase.c,59": Unsafe down-casting, use 'ItemBase.Cast' for safe down-casting
SCRIPT    (W): @"WindstrideClothing/scripts/4_World/playerbase.c,60": Unsafe down-casting, use 'ItemBase.Cast' for safe down-casting
SCRIPT    (W): @"WindstrideClothing/scripts/4_World/playerbase.c,69": Unsafe down-casting, use 'ItemBase.Cast' for safe down-casting
SCRIPT    (W): @"WindstrideClothing/scripts/4_World/playerbase.c,79": Unsafe down-casting, use 'ItemBase.Cast' for safe down-casting
SCRIPT    (W): @"WindstrideClothing/scripts/4_World/playerbase.c,93": Unsafe down-casting, use 'ItemBase.Cast' for safe down-casting
SCRIPT       : Registering faction type eAIFactionLunatics ID 1167351711
SCRIPT       : Registering faction type eAIFactionInfected ID 1371958374
SCRIPT    (W): @"DayZServerManager/Scripts/5_Mission/dayzservermanager\game\dayzservermanagerwatcher.c,24": Missing ';' at the end of line
SCRIPT    (W): @"VPPAdminTools/5_Mission/vppadmintools\gui\submenus\menuobjectmanager\menuobjectmanager.c,203": Missing ';' at the end of line
SCRIPT    (W): @"DayZServerManager/Scripts/5_Mission/dayzservermanager\game\dayzservermanagerwatcher.c,12": Possible variable name conflict 'classname'
SCRIPT    (W): @"DayZServerManager/Scripts/5_Mission/dayzservermanager\game\dayzservermanagerwatcher.c,12": Possible variable name conflict 'source'
SCRIPT    (W): @"DayZServerManager/Scripts/5_Mission/dayzservermanager\game\dayzservermanagerwatcher.c,61": FIX-ME: Overriding function 'Init' but not marked as 'override'
SCRIPT    (W): @"DayZServerManager/Scripts/5_Mission/dayzservermanager\game\dayzservermanagerwatcher.c,61": Possible variable name conflict 'classname'
SCRIPT    (W): @"DayZServerManager/Scripts/5_Mission/dayzservermanager\game\dayzservermanagerwatcher.c,61": Possible variable name conflict 'source'
SCRIPT    (W): @"DayZServerManager/Scripts/5_Mission/dayzservermanager\game\dayzservermanagerwatcher.c,670": Possible variable name conflict 'classname'
SCRIPT    (W): @"DayZServerManager/Scripts/5_Mission/dayzservermanager\game\dayzservermanagerwatcher.c,193": Possible variable name conflict 'classname'
SCRIPT    (W): @"DayZServerManager/Scripts/5_Mission/dayzservermanager\game\dayzservermanagerwatcher.c,305": Possible variable name conflict 'classname'
SCRIPT    (W): @"DayZServerManager/Scripts/5_Mission/dayzservermanager\game\dayzservermanagerwatcher.c,458": Possible variable name conflict 'classname'
SCRIPT    (W): @"DayZServerManager/Scripts/5_Mission/dayzservermanager\game\dayzservermanagerwatcher.c,123": Possible variable name conflict 'classname'
SCRIPT    (W): @"DayZServerManager/Scripts/5_Mission/dayzservermanager\game\dayzservermanagerwatcher.c,728": Possible variable name conflict 'classname'
SCRIPT    (W): @"DayZServerManager/Scripts/5_Mission/dayzservermanager\game\dayzservermanagerwatcher.c,558": Possible variable name conflict 'classname'
SCRIPT    (W): @"DayZServerManager/Scripts/5_Mission/dayzservermanager\game\dayzservermanagerwatcher.c,244": Possible variable name conflict 'name'
SCRIPT    (W): @"DayZServerManager/Scripts/5_Mission/dayzservermanager\game\dayzservermanagerwatcher.c,244": Possible variable name conflict 'rpm'
SCRIPT    (W): @"DayZServerManager/Scripts/5_Mission/dayzservermanager\game\dayzservermanagerwatcher.c,244": Possible variable name conflict 'dispersion'
SCRIPT    (W): @"DayZServerManager/Scripts/5_Mission/dayzservermanager\game\dayzservermanagerwatcher.c,244": Possible variable name conflict 'rounds'
SCRIPT    (W): @"VPPAdminTools/5_Mission/vppadmintools\gui\submenus\menuitemmanager\menuitemmanager.c,201": FIX-ME: Undefined function 'DayZGame.GetMousePos'
SCRIPT    (W): @"VPPAdminTools/5_Mission/vppadmintools\gui\uihelpers\mouseevents\vppmouseeventbase.c,53": FIX-ME: Undefined function 'CGame.GetMouseState'
SCRIPT    (W): @"VPPAdminTools/5_Mission/vppadmintools\gui\vppadminhud.c,126": Unsafe down-casting, use 'MenuObjectManager.Cast' for safe down-casting
SCRIPT    (W): @"VPPAdminTools/5_Mission/vppadmintools\gui\submenus\menuesptools\esptoolsmenu.c,580": Unsafe down-casting, use 'EntityAI.Cast' for safe down-casting
SCRIPT    (W): @"VPPAdminTools/5_Mission/vppadmintools\gui\uihelpers\infoboxinstance.c,61": FIX-ME: Undefined function 'DayZGame.GetMousePos'
SCRIPT    (W): @"VPPAdminTools/5_Mission/vppadmintools\gui\uihelpers\mouseevents\vppholdleftclickevent.c,13": FIX-ME: Undefined function 'CGame.GetMouseState'
SCRIPT    (W): @"VPPAdminTools/5_Mission/vppadmintools\gui\uihelpers\tooltiphandler.c,38": FIX-ME: Undefined function 'DayZGame.GetMousePos'
SCRIPT    (W): @"VPPAdminTools/5_Mission/vppadmintools\gui\submenus\menuplayermanager\menuplayermanager.c,71": FIX-ME: Callbacks do not properly support overloaded methods 'OnUpdate'
SCRIPT    (W): @"VPPAdminTools/5_Mission/vppadmintools\gui\vppuimanager.c,183": FIX-ME: Undefined function 'CGame.GetMouseState'
SCRIPT    (W): @"VPPAdminTools/5_Mission/vppadmintools\missiondebug.c,38": Unsafe down-casting, use 'PlayerBase.Cast' for safe down-casting
SCRIPT    (W): @"VPPAdminTools/5_Mission/vppadmintools\gui\submenus\menuobjectmanager\menuobjectmanager.c,862": FIX-ME: Undefined function 'DayZGame.GetMousePos'
SCRIPT    (W): @"VPPAdminTools/5_Mission/vppadmintools\gui\submenus\menuxmleditor\menuxmleditor.c,264": FIX-ME: Undefined function 'DayZGame.GetMousePos'
SCRIPT       : Vanilla++ AdminTools Plugins Registering..
SCRIPT       : [VPPAdminTools] Error parsing credentials.txt! Please input a valid password, with no // at the start of the line!
SCRIPT       : Expansion version: 1.8.32
SCRIPT       : 18:03:12.890 [EXPANSION DEBUG]: [ExpansionDebugSettings] Load existing setting file:$profile:ExpansionMod\Settings\DebugSettings.json
SCRIPT       : 18:03:12.890 [EXPANSION DEBUG]: [ExpansionLogSettings] Load existing setting file:$profile:ExpansionMod\Settings\LogsSettings.json
SCRIPT       : 18:03:12.890 [EXPANSION DEBUG]: [ExpansionNotificationSettings] Load existing setting file:$profile:ExpansionMod\Settings\NotificationSettings.json
SCRIPT       : 18:03:12.890 [EXPANSION DEBUG]: [ExpansionMonitoringSettings] Load existing setting file:$profile:ExpansionMod\Settings\MonitoringSettings.json
SCRIPT       : 18:03:12.890 [EXPANSION DEBUG]: [ExpansionDamageSystemSettings] Load existing setting file:$profile:ExpansionMod\Settings\DamageSystemSettings.json
SCRIPT       : 18:03:12.890 [EXPANSION DEBUG]: [ExpansionPartySettings] Load existing setting file:$profile:ExpansionMod\Settings\PartySettings.json
SCRIPT       : 18:03:12.894 [EXPANSION DEBUG]: [ExpansionHardlineSettings] Load existing setting file:$mission:expansion\settings\HardlineSettings.json
SCRIPT       : 18:03:12.914 [EXPANSION DEBUG]: [ExpansionMarketSettings] Load existing setting file:$mission:expansion\settings\MarketSettings.json
SCRIPT       : ExpansionMarketSettings::LoadCategories - Adding category ID 1 (Ammo)
SCRIPT       : ExpansionMarketSettings::LoadCategories - Adding category ID 2 (Ammo_Boxes)
SCRIPT       : ExpansionMarketSettings::LoadCategories - Adding category ID 3 (Ammo_Boxes_Mortys)
SCRIPT       : ExpansionMarketSettings::LoadCategories - Adding category ID 4 (Ammo_Mortys)
SCRIPT       : ExpansionMarketSettings::LoadCategories - Adding category ID 5 (Armbands)
SCRIPT       : ExpansionMarketSettings::LoadCategories - Adding category ID 6 (Assault_Rifles)
SCRIPT       : ExpansionMarketSettings::LoadCategories - Adding category ID 7 (Assault_Rifles_Mortys)
SCRIPT       : ExpansionMarketSettings::LoadCategories - Adding category ID 8 (Backpacks)
SCRIPT       : ExpansionMarketSettings::LoadCategories - Adding category ID 9 (Bandanas)
SCRIPT       : ExpansionMarketSettings::LoadCategories - Adding category ID 10 (Batteries)
SCRIPT       : ExpansionMarketSettings::LoadCategories - Adding category ID 11 (Bayonets)
SCRIPT       : ExpansionMarketSettings::LoadCategories - Adding category ID 12 (Bayonets_Mortys)
SCRIPT       : ExpansionMarketSettings::LoadCategories - Adding category ID 13 (Belts)
SCRIPT       : ExpansionMarketSettings::LoadCategories - Adding category ID 14 (Bipods_Mortys)
SCRIPT       : ExpansionMarketSettings::LoadCategories - Adding category ID 15 (Blouses_And_Suits)
SCRIPT       : ExpansionMarketSettings::LoadCategories - Adding category ID 16 (Boats)
SCRIPT       : ExpansionMarketSettings::LoadCategories - Adding category ID 17 (Boots_And_Shoes)
SCRIPT       : ExpansionMarketSettings::LoadCategories - Adding category ID 18 (Buttstocks)
SCRIPT       : ExpansionMarketSettings::LoadCategories - Adding category ID 19 (Buttstocks_Mortys)
SCRIPT       : ExpansionMarketSettings::LoadCategories - Adding category ID 20 (Caps)
SCRIPT       : ExpansionMarketSettings::LoadCategories - Adding category ID 21 (Cars)
SCRIPT       : ExpansionMarketSettings::LoadCategories - Adding category ID 22 (Coats_And_Jackets)
SCRIPT       : ExpansionMarketSettings::LoadCategories - Adding category ID 23 (Containers)
SCRIPT       : ExpansionMarketSettings::LoadCategories - Adding category ID 24 (Crossbows)
SCRIPT       : ExpansionMarketSettings::LoadCategories - Adding category ID 25 (Drinks)
SCRIPT       : ExpansionMarketSettings::LoadCategories - Adding category ID 26 (Electronics)
SCRIPT       : ExpansionMarketSettings::LoadCategories - Adding category ID 27 (Event)
SCRIPT       : ExpansionMarketSettings::LoadCategories - Adding category ID 28 (Exchange)
SCRIPT       : ExpansionMarketSettings::LoadCategories - Adding category ID 29 (Explosives_And_Grenades)
SCRIPT       : ExpansionMarketSettings::LoadCategories - Adding category ID 30 (Eyewear)
SCRIPT       : ExpansionMarketSettings::LoadCategories - Adding category ID 31 (Fish)
SCRIPT       : ExpansionMarketSettings::LoadCategories - Adding category ID 32 (Fishing)
SCRIPT       : ExpansionMarketSettings::LoadCategories - Adding category ID 33 (Flags)
SCRIPT       : ExpansionMarketSettings::LoadCategories - Adding category ID 34 (Food)
SCRIPT       : ExpansionMarketSettings::LoadCategories - Adding category ID 35 (Fruit_And_Vegetables)
SCRIPT       : ExpansionMarketSettings::LoadCategories - Adding category ID 36 (Furnishings)
SCRIPT       : ExpansionMarketSettings::LoadCategories - Adding category ID 37 (Gardening)
SCRIPT       : ExpansionMarketSettings::LoadCategories - Adding category ID 38 (Ghillies)
SCRIPT       : ExpansionMarketSettings::LoadCategories - Adding category ID 39 (Gloves)
SCRIPT       : ExpansionMarketSettings::LoadCategories - Adding category ID 40 (Handguards)
SCRIPT       : ExpansionMarketSettings::LoadCategories - Adding category ID 41 (Handguards_Mortys)
SCRIPT       : ExpansionMarketSettings::LoadCategories - Adding category ID 42 (Hats_And_Hoods)
SCRIPT       : ExpansionMarketSettings::LoadCategories - Adding category ID 43 (Helicopters)
SCRIPT       : ExpansionMarketSettings::LoadCategories - Adding category ID 44 (Helmets)
SCRIPT       : ExpansionMarketSettings::LoadCategories - Adding category ID 45 (Holsters_And_Pouches)
SCRIPT       : ExpansionMarketSettings::LoadCategories - Adding category ID 46 (Kits)
SCRIPT       : ExpansionMarketSettings::LoadCategories - Adding category ID 47 (Knifes)
SCRIPT       : ExpansionMarketSettings::LoadCategories - Adding category ID 48 (Launchers)
SCRIPT       : ExpansionMarketSettings::LoadCategories - Adding category ID 49 (Lights)
SCRIPT       : ExpansionMarketSettings::LoadCategories - Adding category ID 50 (Liquids)
SCRIPT       : ExpansionMarketSettings::LoadCategories - Adding category ID 51 (Locks)
SCRIPT       : ExpansionMarketSettings::LoadCategories - Adding category ID 52 (Magazines)
SCRIPT       : ExpansionMarketSettings::LoadCategories - Adding category ID 53 (Magazines_Mortys)
SCRIPT       : ExpansionMarketSettings::LoadCategories - Adding category ID 54 (Masks)
SCRIPT       : ExpansionMarketSettings::LoadCategories - Adding category ID 55 (Meat)
SCRIPT       : ExpansionMarketSettings::LoadCategories - Adding category ID 56 (Medical)
SCRIPT       : ExpansionMarketSettings::LoadCategories - Adding category ID 57 (Melee_Weapons)
SCRIPT       : ExpansionMarketSettings::LoadCategories - Adding category ID 58 (Muzzles)
SCRIPT       : ExpansionMarketSettings::LoadCategories - Adding category ID 59 (Muzzles_Mortys)
SCRIPT       : ExpansionMarketSettings::LoadCategories - Adding category ID 60 (Navigation)
SCRIPT       : ExpansionMarketSettings::LoadCategories - Adding category ID 61 (Optics)
SCRIPT       : ExpansionMarketSettings::LoadCategories - Adding category ID 62 (Optics_Mortys)
SCRIPT       : ExpansionMarketSettings::LoadCategories - Adding category ID 63 (Pants_And_Shorts)
SCRIPT       : ExpansionMarketSettings::LoadCategories - Adding category ID 64 (Pistols)
SCRIPT       : ExpansionMarketSettings::LoadCategories - Adding category ID 65 (Pistols_Mortys)
SCRIPT       : ExpansionMarketSettings::LoadCategories - Adding category ID 66 (Rifles)
SCRIPT       : ExpansionMarketSettings::LoadCategories - Adding category ID 67 (Rifles_Mortys)
SCRIPT       : ExpansionMarketSettings::LoadCategories - Adding category ID 68 (Shirts_And_TShirts)
SCRIPT       : ExpansionMarketSettings::LoadCategories - Adding category ID 69 (Shotguns)
SCRIPT       : ExpansionMarketSettings::LoadCategories - Adding category ID 70 (Shotguns_Mortys)
SCRIPT       : ExpansionMarketSettings::LoadCategories - Adding category ID 71 (Skirts_And_Dresses)
SCRIPT       : ExpansionMarketSettings::LoadCategories - Adding category ID 72 (Sniper_Rifles)
SCRIPT       : ExpansionMarketSettings::LoadCategories - Adding category ID 73 (Sniper_Rifles_Mortys)
SCRIPT       : ExpansionMarketSettings::LoadCategories - Adding category ID 74 (Spraycans)
SCRIPT       : ExpansionMarketSettings::LoadCategories - Adding category ID 75 (Submachine_Guns)
SCRIPT       : ExpansionMarketSettings::LoadCategories - Adding category ID 76 (Submachine_Guns_Mortys)
SCRIPT       : ExpansionMarketSettings::LoadCategories - Adding category ID 77 (Supplies)
SCRIPT       : ExpansionMarketSettings::LoadCategories - Adding category ID 78 (Sweaters_And_Hoodies)
SCRIPT       : ExpansionMarketSettings::LoadCategories - Adding category ID 79 (Tents)
SCRIPT       : ExpansionMarketSettings::LoadCategories - Adding category ID 80 (Tools)
SCRIPT       : ExpansionMarketSettings::LoadCategories - Adding category ID 81 (Vehicle_Parts)
SCRIPT       : ExpansionMarketSettings::LoadCategories - Adding category ID 82 (Vests)
SCRIPT       : 18:03:13.363 [EXPANSION DEBUG]: [ExpansionAirdropSettings] Load existing setting file:$profile:ExpansionMod\Settings\AirdropSettings.json
SCRIPT       : 18:03:13.492 [EXPANSION DEBUG]: [ExpansionMissionSettings] Load existing setting file:$profile:ExpansionMod\Settings\MissionSettings.json
SCRIPT       : 18:03:13.492 [EXPANSION DEBUG]: [ExpansionMapSettings] Load existing setting file:$mission:expansion\settings\MapSettings.json
SCRIPT       : 18:03:13.515 [EXPANSION DEBUG]: [ExpansionPersonalStorageNewSettings] Load existing setting file:$profile:ExpansionMod\Settings\PersonalStorageNewSettings.json
SCRIPT       : 18:03:13.515 [EXPANSION DEBUG]: [ExpansionGeneralSettings] Load existing setting file:$profile:ExpansionMod\Settings\GeneralSettings.json
SCRIPT       : 18:03:13.527 [EXPANSION DEBUG]: [ExpansionPlayerListSettings] Load existing setting file:$profile:ExpansionMod\Settings\PlayerListSettings.json
SCRIPT       : 18:03:13.527 [EXPANSION DEBUG]: [ExpansionSocialMediaSettings] Load existing setting file:$profile:ExpansionMod\Settings\SocialMediaSettings.json
SCRIPT       : 18:03:13.527 [EXPANSION DEBUG]: [ExpansionSpawnSettings] Load existing setting file:$mission:expansion\settings\SpawnSettings.json
SCRIPT       : 18:03:13.531 [EXPANSION DEBUG]: [ExpansionVehicleSettings] Load existing setting file:$profile:ExpansionMod\Settings\VehicleSettings.json
SCRIPT       : 18:03:13.550 [EXPANSION DEBUG]: [ExpansionAISettings] Load existing setting file:$profile:ExpansionMod\Settings\AISettings.json
SCRIPT       : 18:03:13.550 [EXPANSION DEBUG]: [ExpansionAIPatrolSettings] Load existing setting file:$mission:expansion\settings\AIPatrolSettings.json
SCRIPT       : 18:03:13.562 [EXPANSION DEBUG]: [ExpansionBaseBuildingSettings] Load existing setting file:$mission:expansion\settings\BaseBuildingSettings.json
SCRIPT       : 18:03:13.562 [EXPANSION DEBUG]: [ExpansionRaidSettings] Load existing setting file:$profile:ExpansionMod\Settings\RaidSettings.json
SCRIPT       : 18:03:13.566 [EXPANSION DEBUG]: [ExpansionTerritorySettings] Load existing setting file:$profile:ExpansionMod\Settings\TerritorySettings.json
SCRIPT       : 18:03:13.574 [EXPANSION DEBUG]: [ExpansionChatSettings] Load existing setting file:$profile:ExpansionMod\Settings\ChatSettings.json
SCRIPT       : [DefineTest] EXPANSIONMOD is defined
SCRIPT       : [DefineTest] EXPANSIONMODAI is defined
SCRIPT       : [DefineTest] EXPANSIONMODBASEBUILDING is defined
SCRIPT       : [DefineTest] EXPANSIONMODBOOK is defined
SCRIPT       : [DefineTest] EXPANSIONMODCHAT is defined
SCRIPT       : [DefineTest] EXPANSIONMODCORE is defined
SCRIPT       : [DefineTest] EXPANSIONMODGARAGE is defined
SCRIPT       : [DefineTest] EXPANSIONMODGROUPS is defined
SCRIPT       : [DefineTest] EXPANSIONMODHARDLINE is defined
SCRIPT       : [DefineTest] EXPANSIONMODKILLFEED is defined
SCRIPT       : [DefineTest] EXPANSIONMODMAPASSETS is defined
SCRIPT       : [DefineTest] EXPANSIONMODMARKET is defined
SCRIPT       : [DefineTest] EXPANSIONMODMISSIONS is defined
SCRIPT       : [DefineTest] EXPANSIONMODNAMETAGS is defined
SCRIPT       : [DefineTest] EXPANSIONMODNAVIGATION is defined
SCRIPT       : [DefineTest] EXPANSIONMODP2PMARKET is defined
SCRIPT       : [DefineTest] EXPANSIONMODPERSONALSTORAGE is defined
SCRIPT       : [DefineTest] EXPANSIONMODQUESTS is defined
SCRIPT       : [DefineTest] EXPANSIONMODSPAWNSELECTION is defined
SCRIPT       : [DefineTest] EXPANSIONMODVEHICLE is defined
SCRIPT       : [DefineTest] EXPANSIONMODWEAPONS is defined
SCRIPT       : [DefineTest] CfgMods:
SCRIPT       : defaultAction
SCRIPT       : DayZ
SCRIPT       : DZ_Expansion_AI_Preload
SCRIPT       : DZ_Expansion_BaseBuilding_Preload
SCRIPT       : DZ_Expansion_Book_Preload
SCRIPT       : DZ_Expansion_Chat_Preload
SCRIPT       : DZ_Expansion_Core_Preload
SCRIPT       : DZ_Expansion_Garage_Preload
SCRIPT       : DZ_Expansion_Groups_Preload
SCRIPT       : DZ_Expansion_Hardline_Preload
SCRIPT       : DZ_Expansion_KillFeed_Preload
SCRIPT       : DZ_Expansion_MapAssets_Preload
SCRIPT       : DZ_Expansion_Market_Preload
SCRIPT       : DZ_Expansion_Missions_Preload
SCRIPT       : DZ_Expansion_ModStorage_Preload
SCRIPT       : DZ_Expansion_NameTags_Preload
SCRIPT       : DZ_Expansion_Navigation_Preload
SCRIPT       : DZ_Expansion_P2PMarket_Preload
SCRIPT       : DZ_Expansion_PersonalStorage_Preload
SCRIPT       : DZ_Expansion_Preload
SCRIPT       : DZ_Expansion_Quests_Preload
SCRIPT       : DZ_Expansion_SpawnSelection_Preload
SCRIPT       : DZ_Expansion_Vehicles_Preload
SCRIPT       : DZ_Expansion_Weapons_Preload
SCRIPT       : DZ_DabsFramework
SCRIPT       : DZ_Expansion_DefineTest
SCRIPT       : DZ_Expansion_MapAssets
SCRIPT       : DayZServerManager
SCRIPT       : bliss
SCRIPT       : GoreZ
SCRIPT       : JM_CommunityFramework
SCRIPT       : JM_CommunityOnlineTools
SCRIPT       : OP_BaseItems
SCRIPT       : TTC_Optics
SCRIPT       : TTC_Pistols
SCRIPT       : TTC_Rifles
SCRIPT       : TTC_Shotguns
SCRIPT       : TTC_SMG
SCRIPT       : AVPPAdminTools
SCRIPT       : WindstrideClothing
SCRIPT       : WinterChernarusV2Scripts
SCRIPT       : Lads_LightingOverhaul
SCRIPT       : WinterStash
SCRIPT       : DZ_Expansion_ModStorage
SCRIPT       : DZ_Expansion_Core
SCRIPT       : DZ_Expansion_Garage
SCRIPT       : DZ_Expansion_Groups
SCRIPT       : DZ_Expansion_Market
SCRIPT       : DZ_Expansion_Missions
SCRIPT       : DZ_Expansion_NameTags
SCRIPT       : DZ_Expansion_Navigation
SCRIPT       : DZ_Expansion_NotificationScheduler
SCRIPT       : DZ_Expansion_P2PMarket
SCRIPT       : DZ_Expansion_PersonalStorage
SCRIPT       : DZ_Expansion_PersonalStorageNew
SCRIPT       : DZ_Expansion_PlayerList
SCRIPT       : DZ_Expansion
SCRIPT       : DZ_Expansion_SpawnSelection
SCRIPT       : DZ_Expansion_VanillaFixes
SCRIPT       : DZ_Expansion_Vehicles
SCRIPT       : DZ_Expansion_Weapons
SCRIPT       : DayZServerManagerExpansion
SCRIPT       : Indi_Increased_Lumens
SCRIPT       : WinterGearMod
SCRIPT       : DZ_Expansion_AI
SCRIPT       : DZ_Expansion_BaseBuilding
SCRIPT       : DZ_Expansion_Book
SCRIPT       : DZ_Expansion_Chat
SCRIPT       : DZ_Expansion_Hardline
SCRIPT       : DZ_Expansion_Quests
SCRIPT       : DZ_Expansion_VirtualContainerStorage
SCRIPT       : DZSM ~ MissionServer
SCRIPT       : DZSM ~ MissionServer.OnInit
SCRIPT       : [MissionServer] OnInit - Server
SCRIPT       : 18:03:13.941 [EXPANSION DEBUG]: ModStorage v5
SCRIPT       : DZSM ~ MissionServer.OnMissionStart
SCRIPT       : DZSM ~ DayZServerManagerWatcher()
SCRIPT       : 18:03:26.128 [EXPANSION DEBUG]: ExpansionTraderJudy<d1d8db20>::SetTraderObject ExpansionTraderObjectBase<2b70cfe0> <4973.928711, 9.510984, 2436.782959>
SCRIPT       : 18:03:26.128 [EXPANSION DEBUG]: LoadMissionTradersFile trader ExpansionTraderJudy<d1d8db20> fileName Aircraft
SCRIPT       : 18:03:26.164 [EXPANSION DEBUG]: ExpansionTraderJose<1b939a80>::SetTraderObject ExpansionTraderObjectBase<2bad4fe0> <14353.624023, 3.326771, 13229.217773>
SCRIPT       : 18:03:26.164 [EXPANSION DEBUG]: LoadMissionTradersFile trader ExpansionTraderJose<1b939a80> fileName Boats
SCRIPT       : 18:03:26.175 [EXPANSION DEBUG]: ExpansionTraderEva<9a9f0010>::SetTraderObject ExpansionTraderObjectBase<2bb78c20> <14378.793945, 3.325975, 13271.585938>
SCRIPT       : 18:03:26.175 [EXPANSION DEBUG]: LoadMissionTradersFile trader ExpansionTraderEva<9a9f0010> fileName Fishing
SCRIPT       : 18:03:26.183 [EXPANSION DEBUG]: ExpansionTraderLewis<54103030>::SetTraderObject ExpansionTraderObjectBase<2bc5d400> <1756.656372, 1.415564, 2027.359741>
SCRIPT       : 18:03:26.183 [EXPANSION DEBUG]: LoadMissionTradersFile trader ExpansionTraderLewis<54103030> fileName Boats
SCRIPT       : 18:03:26.207 [EXPANSION DEBUG]: LoadMissionTradersFile trader ExpansionTraderStaticBase<dcec360> fileName Exchange
SCRIPT       : 18:03:26.285 [EXPANSION DEBUG]: ExpansionTraderDenis<541dbb10>::SetTraderObject ExpansionTraderObjectBase<2bd679e0> <3697.249512, 402.010010, 5977.625488>
SCRIPT       : 18:03:26.285 [EXPANSION DEBUG]: LoadMissionTradersFile trader ExpansionTraderDenis<541dbb10> fileName Clothing
SCRIPT       : 18:03:26.343 [EXPANSION DEBUG]: ExpansionTraderMaria<2be2d020>::SetTraderObject ExpansionTraderObjectBase<2be8d930> <3696.455811, 402.010010, 5980.193359>
SCRIPT       : 18:03:26.347 [EXPANSION DEBUG]: LoadMissionTradersFile trader ExpansionTraderMaria<2be2d020> fileName Clothing_Accessories
SCRIPT       : 18:03:26.378 [EXPANSION DEBUG]: ExpansionTraderQuinn<2bfe5010>::SetTraderObject ExpansionTraderObjectBase<2bf76050> <3710.121826, 402.010010, 5976.164063>
SCRIPT       : 18:03:26.378 [EXPANSION DEBUG]: LoadMissionTradersFile trader ExpansionTraderQuinn<2bfe5010> fileName Consumables
SCRIPT       : 18:03:26.472 [EXPANSION DEBUG]: ExpansionTraderNaomi<1b217010>::SetTraderObject ExpansionTraderObjectBase<2c0bd080> <3708.786865, 402.010010, 5974.589844>
SCRIPT       : 18:03:26.472 [EXPANSION DEBUG]: LoadMissionTradersFile trader ExpansionTraderNaomi<1b217010> fileName Weapons
SCRIPT       : 18:03:26.535 [EXPANSION DEBUG]: ExpansionTraderSeth<c52e8020>::SetTraderObject ExpansionTraderObjectBase<2c2e9860> <3710.265137, 402.010010, 5973.340820>
SCRIPT       : 18:03:26.535 [EXPANSION DEBUG]: LoadMissionTradersFile trader ExpansionTraderSeth<c52e8020> fileName Attachments
SCRIPT       : 18:03:26.554 [EXPANSION DEBUG]: ExpansionTraderRolf<2c517ff0>::SetTraderObject ExpansionTraderObjectBase<31c86080> <3698.172607, 402.010010, 5995.337402>
SCRIPT       : 18:03:26.554 [EXPANSION DEBUG]: LoadMissionTradersFile trader ExpansionTraderRolf<2c517ff0> fileName Vehicles
SCRIPT       : 18:03:26.628 [EXPANSION DEBUG]: ExpansionTraderIndar<31da9810>::SetTraderObject ExpansionTraderObjectBase<31db9410> <3714.531006, 402.138000, 5961.776367>
SCRIPT       : 18:03:26.628 [EXPANSION DEBUG]: LoadMissionTradersFile trader ExpansionTraderIndar<31da9810> fileName Components
SCRIPT       : 18:03:26.640 [EXPANSION DEBUG]: ExpansionTraderJudy<31d3c020>::SetTraderObject ExpansionTraderObjectBase<31dc64d0> <3729.029541, 402.651001, 5969.476563>
SCRIPT       : 18:03:26.640 [EXPANSION DEBUG]: LoadMissionTradersFile trader ExpansionTraderJudy<31d3c020> fileName Medicals
SCRIPT       : 18:03:26.644 [EXPANSION DEBUG]: ExpansionTraderNaomi<53d7d020>::SetTraderObject ExpansionTraderObjectBase<31dcd5a0> <3690.062988, 402.100067, 6006.763672>
SCRIPT       : 18:03:26.644 [EXPANSION DEBUG]: LoadMissionTradersFile trader ExpansionTraderNaomi<53d7d020> fileName Vehicle_Parts
SCRIPT       : 18:03:26.664 [EXPANSION DEBUG]: ExpansionTraderJose<f717e70>::SetTraderObject ExpansionTraderObjectBase<31dd3400> <3699.629883, 402.010010, 5993.970215>
SCRIPT       : 18:03:26.664 [EXPANSION DEBUG]: LoadMissionTradersFile trader ExpansionTraderJose<f717e70> fileName Spraycans
SCRIPT       : 18:03:26.718 [EXPANSION DEBUG]: ExpansionTraderLinda<f6fbe00>::SetTraderObject ExpansionTraderObjectBase<320c1450> <3674.669922, 406.760010, 5990.390137>
SCRIPT       : 18:03:26.718 [EXPANSION DEBUG]: LoadMissionTradersFile trader ExpansionTraderLinda<f6fbe00> fileName Special
SCRIPT       : 18:03:26.726 [EXPANSION DEBUG]: ExpansionTraderNiki<f727eb0>::SetTraderObject ExpansionTraderObjectBase<3219f170> <3699.030029, 402.013000, 5973.439941>
SCRIPT       : 18:03:26.726 [EXPANSION DEBUG]: LoadMissionTradersFile trader ExpansionTraderNiki<f727eb0> fileName BuildingSupplies
SCRIPT       : 18:03:26.757 [EXPANSION DEBUG]: ExpansionTraderFrancis<f72bec0>::SetTraderObject ExpansionTraderObjectBase<322c79b0> <1153.964844, 6.463035, 2409.763184>
SCRIPT       : 18:03:26.757 [EXPANSION DEBUG]: LoadMissionTradersFile trader ExpansionTraderFrancis<f72bec0> fileName Attachments
SCRIPT       : 18:03:26.765 [EXPANSION DEBUG]: ExpansionTraderKaito<f723ea0>::SetTraderObject ExpansionTraderObjectBase<3239f030> <1117.021240, 5.495151, 2413.766357>
SCRIPT       : 18:03:26.765 [EXPANSION DEBUG]: LoadMissionTradersFile trader ExpansionTraderKaito<f723ea0> fileName Components
SCRIPT       : 18:03:26.781 [EXPANSION DEBUG]: ExpansionTraderCyril<f72fed0>::SetTraderObject ExpansionTraderObjectBase<3248ca70> <1136.987427, 5.908522, 2439.662598>
SCRIPT       : 18:03:26.781 [EXPANSION DEBUG]: LoadMissionTradersFile trader ExpansionTraderCyril<f72fed0> fileName Clothing
SCRIPT       : 18:03:26.789 [EXPANSION DEBUG]: ExpansionTraderGuo<f71fe90>::SetTraderObject ExpansionTraderObjectBase<32563dd0> <1133.974854, 5.909700, 2442.412598>
SCRIPT       : 18:03:26.789 [EXPANSION DEBUG]: LoadMissionTradersFile trader ExpansionTraderGuo<f71fe90> fileName Clothing_Accessories
SCRIPT       : 18:03:26.808 [EXPANSION DEBUG]: ExpansionTraderBoris<f733ee0>::SetTraderObject ExpansionTraderObjectBase<326dd960> <1123.468262, 15.349299, 2426.316162>
SCRIPT       : 18:03:26.808 [EXPANSION DEBUG]: LoadMissionTradersFile trader ExpansionTraderBoris<f733ee0> fileName Exchange
SCRIPT       : 18:03:26.812 [EXPANSION DEBUG]: ExpansionTraderLinda<f737ef0>::SetTraderObject ExpansionTraderObjectBase<326e2c30> <1135.892822, 5.908773, 2436.856689>
SCRIPT       : 18:03:26.812 [EXPANSION DEBUG]: LoadMissionTradersFile trader ExpansionTraderLinda<f737ef0> fileName Consumables
SCRIPT       : 18:03:26.820 [EXPANSION DEBUG]: ExpansionTraderKeiko<f71be80>::SetTraderObject ExpansionTraderObjectBase<327c8510> <1130.731689, 5.951744, 2438.009277>
SCRIPT       : 18:03:26.820 [EXPANSION DEBUG]: LoadMissionTradersFile trader ExpansionTraderKeiko<f71be80> fileName Medicals
SCRIPT       : 18:03:26.824 [EXPANSION DEBUG]: ExpansionTraderHelga<b470fa40>::SetTraderObject ExpansionTraderObjectBase<3289ebb0> <1141.654419, 5.906255, 2421.591309>
SCRIPT       : 18:03:26.824 [EXPANSION DEBUG]: LoadMissionTradersFile trader ExpansionTraderHelga<b470fa40> fileName Special
SCRIPT       : 18:03:26.835 [EXPANSION DEBUG]: ExpansionTraderFrida<32966090>::SetTraderObject ExpansionTraderObjectBase<32942c50> <1120.135132, 5.600746, 2417.465820>
SCRIPT       : 18:03:26.835 [EXPANSION DEBUG]: LoadMissionTradersFile trader ExpansionTraderFrida<32966090> fileName Vehicles
SCRIPT       : 18:03:26.843 [EXPANSION DEBUG]: ExpansionTraderHassan<3296a0a0>::SetTraderObject ExpansionTraderObjectBase<32a28db0> <1123.977905, 5.639271, 2417.411865>
SCRIPT       : 18:03:26.843 [EXPANSION DEBUG]: LoadMissionTradersFile trader ExpansionTraderHassan<3296a0a0> fileName Vehicle_Parts
SCRIPT       : 18:03:26.847 [EXPANSION DEBUG]: ExpansionTraderDenis<3296e0b0>::SetTraderObject ExpansionTraderObjectBase<32a2dc70> <1156.719727, 6.513331, 2406.355225>
SCRIPT       : 18:03:26.847 [EXPANSION DEBUG]: LoadMissionTradersFile trader ExpansionTraderDenis<3296e0b0> fileName Weapons
SCRIPT       : 18:03:26.855 [EXPANSION DEBUG]: ExpansionTraderGabi<32962080>::SetTraderObject ExpansionTraderObjectBase<32b053c0> <1135.689941, 5.900000, 2423.300049>
SCRIPT       : 18:03:26.855 [EXPANSION DEBUG]: LoadMissionTradersFile trader ExpansionTraderGabi<32962080> fileName BuildingSupplies
SCRIPT       : 18:03:26.855 [EXPANSION DEBUG]: ExpansionTraderFrancis<3295a060>::SetTraderObject ExpansionTraderObjectBase<32b09ba0> <11835.901367, 140.617874, 12474.744141>
SCRIPT       : 18:03:26.855 [EXPANSION DEBUG]: LoadMissionTradersFile trader ExpansionTraderFrancis<3295a060> fileName Attachments
SCRIPT       : 18:03:26.859 [EXPANSION DEBUG]: ExpansionTraderLinda<329720c0>::SetTraderObject ExpansionTraderObjectBase<32b0f1e0> <11856.716797, 140.565109, 12461.438477>
SCRIPT       : 18:03:26.859 [EXPANSION DEBUG]: LoadMissionTradersFile trader ExpansionTraderLinda<329720c0> fileName Consumables
SCRIPT       : 18:03:26.863 [EXPANSION DEBUG]: ExpansionTraderCyril<329760d0>::SetTraderObject ExpansionTraderObjectBase<32b14730> <11855.000000, 140.605103, 12466.099609>
SCRIPT       : 18:03:26.863 [EXPANSION DEBUG]: LoadMissionTradersFile trader ExpansionTraderCyril<329760d0> fileName Clothing
SCRIPT       : 18:03:26.867 [EXPANSION DEBUG]: ExpansionTraderGuo<3295e070>::SetTraderObject ExpansionTraderObjectBase<34b15d70> <11855.200195, 140.605103, 12470.487305>
SCRIPT       : 18:03:26.867 [EXPANSION DEBUG]: LoadMissionTradersFile trader ExpansionTraderGuo<3295e070> fileName Clothing_Accessories
SCRIPT       : 18:03:26.871 [EXPANSION DEBUG]: ExpansionTraderKaito<32986110>::SetTraderObject ExpansionTraderObjectBase<34b1b220> <11849.400391, 140.605087, 12466.200195>
SCRIPT       : 18:03:26.871 [EXPANSION DEBUG]: LoadMissionTradersFile trader ExpansionTraderKaito<32986110> fileName Components
SCRIPT       : 18:03:26.871 [EXPANSION DEBUG]: ExpansionTraderBoris<3297e0f0>::SetTraderObject ExpansionTraderObjectBase<34b20ae0> <11858.202148, 140.615112, 12463.234375>
SCRIPT       : 18:03:26.871 [EXPANSION DEBUG]: LoadMissionTradersFile trader ExpansionTraderBoris<3297e0f0> fileName Exchange
SCRIPT       : 18:03:26.875 [EXPANSION DEBUG]: ExpansionTraderKeiko<3298a120>::SetTraderObject ExpansionTraderObjectBase<34b25540> <11853.218750, 140.605087, 12463.277344>
SCRIPT       : 18:03:26.875 [EXPANSION DEBUG]: LoadMissionTradersFile trader ExpansionTraderKeiko<3298a120> fileName Medicals
SCRIPT       : 18:03:26.878 [EXPANSION DEBUG]: ExpansionTraderGabi<3298e130>::SetTraderObject ExpansionTraderObjectBase<34b2b490> <11833.200195, 140.605118, 12461.700195>
SCRIPT       : 18:03:26.878 [EXPANSION DEBUG]: LoadMissionTradersFile trader ExpansionTraderGabi<3298e130> fileName Special
SCRIPT       : 18:03:26.890 [EXPANSION DEBUG]: ExpansionTraderElias<32992140>::SetTraderObject ExpansionTraderObjectBase<34c0d430> <11877.799805, 140.134796, 12441.599609>
SCRIPT       : 18:03:26.890 [EXPANSION DEBUG]: LoadMissionTradersFile trader ExpansionTraderElias<32992140> fileName Vehicles
SCRIPT       : 18:03:26.890 [EXPANSION DEBUG]: ExpansionTraderHassan<32996150>::SetTraderObject ExpansionTraderObjectBase<34cc1180> <11878.674805, 140.134796, 12424.302734>
SCRIPT       : 18:03:26.890 [EXPANSION DEBUG]: LoadMissionTradersFile trader ExpansionTraderHassan<32996150> fileName Vehicle_Parts
SCRIPT       : 18:03:26.898 [EXPANSION DEBUG]: ExpansionTraderDenis<3297a0e0>::SetTraderObject ExpansionTraderObjectBase<34cc4010> <11833.576172, 140.605072, 12469.492188>
SCRIPT       : 18:03:26.898 [EXPANSION DEBUG]: LoadMissionTradersFile trader ExpansionTraderDenis<3297a0e0> fileName Weapons
SCRIPT       : 18:03:26.902 [EXPANSION DEBUG]: ExpansionTraderLinda<32982100>::SetTraderObject ExpansionTraderObjectBase<34cc9c40> <11852.194336, 140.660980, 12472.387695>
SCRIPT       : 18:03:26.902 [EXPANSION DEBUG]: LoadMissionTradersFile trader ExpansionTraderLinda<32982100> fileName BuildingSupplies
SCRIPT       : 18:03:26.910 [EXPANSION DEBUG]: ExpansionTraderManua<34e540a0>::SetTraderObject ExpansionTraderObjectBase<34e1ebc0> <11879.722656, 140.094788, 12435.959961>
SCRIPT       : 18:03:26.910 [EXPANSION DEBUG]: LoadMissionTradersFile trader ExpansionTraderManua<34e540a0> fileName Spraycans
SCRIPT       : 18:03:26.921 [EXPANSION DEBUG]: ExpansionTraderIrena<34e580b0>::SetTraderObject ExpansionTraderObjectBase<34f22130> <12160.279297, 140.580765, 12689.783203>
SCRIPT       : 18:03:26.921 [EXPANSION DEBUG]: LoadMissionTradersFile trader ExpansionTraderIrena<34e580b0> fileName Aircraft
SCRIPT       : [ExpansionQuestPersistentServerData] Load existing configuration file:$profile:ExpansionMod\Quests\PersistentServerData.json
SCRIPT       : [ExpansionQuestPersistentServerData] Load existing configuration file:$profile:ExpansionMod\Quests\PersistentServerData.json
SCRIPT       : [ExpansionQuestObjectiveTravelConfig] Load existing configuration file:$profile:ExpansionMod\Quests\Objectives\Travel\Objective_T_1.json
SCRIPT       : [ExpansionQuestObjectiveTravelConfig] Load existing configuration file:$profile:ExpansionMod\Quests\Objectives\Travel\Objective_T_2.json
SCRIPT       : [ExpansionQuestObjectiveTravelConfig] Load existing configuration file:$profile:ExpansionMod\Quests\Objectives\Travel\Objective_T_3.json
SCRIPT       : [ExpansionQuestObjectiveTravelConfig] Load existing configuration file:$profile:ExpansionMod\Quests\Objectives\Travel\Objective_T_4.json
SCRIPT       : [ExpansionQuestObjectiveTargetConfig] Load existing configuration file:$profile:ExpansionMod\Quests\Objectives\Target\Objective_TA_1.json
SCRIPT       : [ExpansionQuestObjectiveTargetConfig] Load existing configuration file:$profile:ExpansionMod\Quests\Objectives\Target\Objective_TA_2.json
SCRIPT       : [ExpansionQuestObjectiveTargetConfig] Load existing configuration file:$profile:ExpansionMod\Quests\Objectives\Target\Objective_TA_3.json
SCRIPT       : [ExpansionQuestObjectiveTargetConfig] Load existing configuration file:$profile:ExpansionMod\Quests\Objectives\Target\Objective_TA_4.json
SCRIPT       : [ExpansionQuestObjectiveDeliveryConfig] Load existing configuration file:$profile:ExpansionMod\Quests\Objectives\Delivery\Objective_D_1.json
SCRIPT       : [ExpansionQuestObjectiveDeliveryConfig] Load existing configuration file:$profile:ExpansionMod\Quests\Objectives\Delivery\Objective_D_2.json
SCRIPT       : [ExpansionQuestObjectiveCollectionConfig] Load existing configuration file:$profile:ExpansionMod\Quests\Objectives\Collection\Objective_C_1.json
SCRIPT       : [ExpansionQuestObjectiveCollectionConfig] Load existing configuration file:$profile:ExpansionMod\Quests\Objectives\Collection\Objective_C_2.json
SCRIPT       : [ExpansionQuestObjectiveCollectionConfig] Load existing configuration file:$profile:ExpansionMod\Quests\Objectives\Collection\Objective_C_3.json
SCRIPT       : [ExpansionQuestObjectiveTreasureHuntConfig] Load existing configuration file:$profile:ExpansionMod\Quests\Objectives\TreasureHunt\Objective_TH_1.json
SCRIPT       : [ExpansionQuestObjectiveActionConfig] Load existing configuration file:$profile:ExpansionMod\Quests\Objectives\Action\Objective_A_1.json
SCRIPT       : [ExpansionQuestObjectiveActionConfig] Load existing configuration file:$profile:ExpansionMod\Quests\Objectives\Action\Objective_A_2.json
SCRIPT       : [ExpansionQuestObjectiveCraftingConfig] Load existing configuration file:$profile:ExpansionMod\Quests\Objectives\Crafting\Objective_CR_1.json
SCRIPT       : [ExpansionQuestObjectiveAIPatrolConfig] Load existing configuration file:$profile:ExpansionMod\Quests\Objectives\AIPatrol\Objective_AIP_1.json
SCRIPT       : [ExpansionQuestObjectiveAICampConfig] Load existing configuration file:$profile:ExpansionMod\Quests\Objectives\AICamp\Objective_AIC_1.json
SCRIPT       : [ExpansionQuestObjectiveAIEscortConfig] Load existing configuration file:$profile:ExpansionMod\Quests\Objectives\AIVIP\Objective_AIESCORT_1.json
SCRIPT       : [ExpansionQuestNPCData] Load existing configuration file:QuestNPC_1.json
SCRIPT       : [ExpansionQuestNPCData] Load existing configuration file:QuestNPC_2.json
SCRIPT       : [ExpansionQuestNPCData] Load existing configuration file:QuestNPC_3.json
SCRIPT       : [MissionServer] OnMissionStart - Server
SCRIPT       : string dirtyName = 'BronyFurryDayZServer'
SCRIPT       : 18:03:54.761 [EXPANSION DEBUG]: ExpansionP2PTraderAIIrena<a6249160>::SetP2PTraderID - ID: 1
SCRIPT       : ExpansionZonePolygon<8d23c7b0> position=<12015.854492, 0.000000, 12591.097656> radius=419.633
SCRIPT       : ExpansionZoneCircle<a721c240> position=<1143.140015, 0.000000, 2423.270020> radius=700
SCRIPT       : ExpansionZoneCircle<a7216000> position=<3728.270020, 0.000000, 6003.600098> radius=500
SCRIPT       : Found 3 zones!
SCRIPT       : ExpansionMarketItem marketItem = ExpansionMarketItem<411cfb80>
SCRIPT       : int worth =   1
SCRIPT       : 18:03:54.941 [EXPANSION DEBUG]: ExpansionQuestNPCAIDenis<a7356810>::OnEnterSafeZone
SCRIPT       : bool m_Expansion_LeavingSafeZone = 0
SCRIPT       : bool m_Expansion_IsInSafeZone = 0
SCRIPT       : bool m_Expansion_IsInSafeZoneSynchRemote = 0
SCRIPT       : 18:03:54.941 [EXPANSION DEBUG]: ExpansionP2PTraderAIIrena<a6249160>::OnEnterSafeZone
SCRIPT       : bool m_Expansion_LeavingSafeZone = 0
SCRIPT       : bool m_Expansion_IsInSafeZone = 0
SCRIPT       : bool m_Expansion_IsInSafeZoneSynchRemote = 0
SCRIPT       : 18:03:56.265 [EXPANSION DEBUG]: ExpansionItemSpawnHelper::Clone - created PP19:028418 at location { type=HANDS item=PP19:028386 parent=ExpansionQuestNPCAIDenis:044 }
SCRIPT       : 18:03:56.265 [EXPANSION DEBUG]: ExpansionItemSpawnHelper::Clone - created PistolSuppressor:028419 at location { type=ATTACHMENT item=null parent=PP19:028418 slot=pistolMuzzle }
SCRIPT       : 18:03:56.265 [EXPANSION DEBUG]: ExpansionItemSpawnHelper::Clone - created Mag_PP19_64Rnd:028420 at location { type=ATTACHMENT item=null parent=PP19:028418 slot=magazine }
SCRIPT       : 18:03:56.265 [EXPANSION DEBUG]: ExpansionItemSpawnHelper::Clone - created PP19_Bttstck:028421 at location { type=ATTACHMENT item=null parent=PP19:028418 slot=weaponButtstockPP19 }
SCRIPT       : [emote] ExpansionP2PTraderAIIrena:043 play emote id=46 IH=null
SCRIPT       : [emote] ExpansionQuestNPCAIDenis:044 play emote id=46 IH=PP19:028418
SCRIPT       : m_LoginTimeMs: 16200
SCRIPT       : 18:03:57.167 [EXPANSION DEBUG]: ExpansionItemSpawnHelper::Clone - created AK101:028387 at location { type=HANDS item=AK101:028399 parent=ExpansionQuestNPCAIElias:045 }
SCRIPT       : 18:03:57.167 [EXPANSION DEBUG]: ExpansionItemSpawnHelper::Clone - created Mag_AK101_30Rnd:028386 at location { type=ATTACHMENT item=null parent=AK101:028387 slot=magazine }
SCRIPT       : 18:03:57.167 [EXPANSION DEBUG]: ExpansionItemSpawnHelper::Clone - created AK_WoodHndgrd:028389 at location { type=ATTACHMENT item=null parent=AK101:028387 slot=weaponHandguardAK }
SCRIPT       : 18:03:57.171 [EXPANSION DEBUG]: ExpansionItemSpawnHelper::Clone - created AK_WoodBttstck:028388 at location { type=ATTACHMENT item=null parent=AK101:028387 slot=weaponButtstockAK }
SCRIPT       : 18:03:57.171 [EXPANSION DEBUG]: ExpansionItemSpawnHelper::Clone - created KobraOptic:028422 at location { type=ATTACHMENT item=null parent=AK101:028387 slot=weaponOpticsAK }
SCRIPT       : 18:03:57.171 [EXPANSION DEBUG]: ExpansionItemSpawnHelper::Clone - created Battery9V:028423 at location { type=ATTACHMENT item=null parent=KobraOptic:028422 slot=BatteryD }
SCRIPT       : [emote] ExpansionQuestNPCAIElias:045 play emote id=14 IH=AK101:028387
SCRIPT       : WinterChernarus::Weather::Initialize::CozyRussianSnow
SCRIPT       : WinterChernarus::Weather::Overcast:: ( 18.4008 )  overcast: 0.696301
SCRIPT       : WinterChernarus::Weather::Overcast::Rain:: ( 18.4008 ) 0.106184
SCRIPT       : WinterChernarus::Weather::Fog:: ( 18.4008 ) 0.31977
SCRIPT       : DZSM ~ DayZServerManagerWatcher() - INIT
SCRIPT       : DZSM ~ Loading API Config
SCRIPT       : DZSM ~ DayZServerManagerWatcher() - INIT DONE
SCRIPT       : WinterChernarus::Weather::Rain:: ( 18.5008 ) 0.212248
SCRIPT       : DZSM ~ TICK
SCRIPT       : DZSM ~ Cleanup
SCRIPT       : DZSM ~ Cleanup Done
SCRIPT       : DZSM ~ TICK
SCRIPT       : DZSM ~ Cleanup
SCRIPT       : DZSM ~ Cleanup Done
SCRIPT       : DZSM ~ TICK
SCRIPT       : DZSM ~ Cleanup
SCRIPT       : DZSM ~ Cleanup Done
SCRIPT       : DZSM ~ TICK
SCRIPT       : DZSM ~ Cleanup
SCRIPT       : DZSM ~ Cleanup Done
SCRIPT       : DZSM ~ TICK
SCRIPT       : DZSM ~ Cleanup
SCRIPT       : DZSM ~ Cleanup Done
SCRIPT       : WinterChernarus::Weather::Rain:: ( 18.9409 ) 0.156462
SCRIPT       : DZSM ~ TICK
SCRIPT       : DZSM ~ Cleanup
SCRIPT       : DZSM ~ Cleanup Done
SCRIPT       : DZSM ~ TICK
SCRIPT       : DZSM ~ Cleanup
SCRIPT       : DZSM ~ Cleanup Done
SCRIPT       : DZSM ~ TICK
SCRIPT       : DZSM ~ Cleanup
SCRIPT       : DZSM ~ Cleanup Done
SCRIPT       : Clear up static fireplaces: 0
SCRIPT       : 18:10:21.902 [EXPANSION DEBUG]: Clearing cached categories 82
SCRIPT       : 18:10:21.902 [EXPANSION DEBUG]: Clearing cached traders 17
SCRIPT       : [MissionServer] OnMissionFinish - Server
SCRIPT       : ~DayZGame()
