---------------------------------------------
Log D:\dayz\DayZServer\profiles\script_2023-11-21_18-10-41.log started at 21.11. 18:10:45

SCRIPT       : Registered 440 temporary action enum(s), UAN==440
SCRIPT    (W): @"GoreZ/3_game/effects\effectparticle\bulletimpactbase\hit_meatbones.c,74": FIX-ME: Overriding function 'BloodSplatGround' but not marked as 'override'
SCRIPT    (W): @"GoreZ/3_game/effects\effectparticle\bulletimpactbase\hit_meatbones.c,109": FIX-ME: Overriding function 'BloodSplatWall' but not marked as 'override'
SCRIPT       : Registering faction type eAIFactionShamans ID -1484989417
SCRIPT       : Registering faction type eAIFactionObservers ID -563736721
SCRIPT       : Registering faction type eAIFactionInvincibleObservers ID -1227299746
SCRIPT       : Registering faction type eAIFactionEast ID 90522109
SCRIPT       : Registering faction type eAIFactionGuards ID 963933710
SCRIPT       : Registering faction type eAIFactionRaiders ID 1535276022
SCRIPT       : Registering faction type eAIFactionMercenaries ID 1629891834
SCRIPT       : Registering faction type eAIFactionWest ID 113880155
SCRIPT       : Registering faction type eAIFactionCivilian ID 1096178351
SCRIPT       : Registering faction type eAIFactionPassive ID -1159399789
SCRIPT       : Registering faction type eAIFactionInvincibleGuards ID 782746017
SCRIPT       : ... Backlit Effects Enabled
SCRIPT       : VPPNotificationManager()
SCRIPT       : [VPPAT] Internal VPPNotifications module loaded!
SCRIPT       : [DayZ Game]:: DayZGame(): Initializing V++ Admin Tools.
SCRIPT       : Default Mission: $saves:VPPDebugMissions/Debug.chernarusplus exists!
SCRIPT       : Default Mission: $saves:VPPDebugMissions/Debug.enoch exists!
SCRIPT       : 18:10:47 [EXPANSION LOG]: DayZGame<336c1de0> Start time (local time) 2023-11-21 18:10:29
SCRIPT       : 18:10:47 [EXPANSION LOG]: DayZGame<336c1de0> Start time (UTC) 2023-11-21 15:10:29
SCRIPT       : 18:10:47 [EXPANSION LOG]: DayZGame<336c1de0> Runtime since start (seconds) 18.107
SCRIPT    (W): @"WindstrideClothing/scripts/4_World/playerbase.c,36": Missing ';' at the end of line
SCRIPT    (W): @"GoreZ/4_world/entities\manbase\playerbase.c,11": FIX-ME: Overriding function 'CheckDeath' but not marked as 'override'
SCRIPT    (W): @"WindstrideClothing/scripts/4_World/eyepatch\eyepatch_dismantle.c,58": FIX-ME: Overriding function 'SetActions' but not marked as 'override'
SCRIPT    (W): @"GoreZ/4_world/entities\infected\zombiebase.c,27": FIX-ME: Overriding function 'IsAlive' but not marked as 'override'
SCRIPT    (W): @"TTC_Rifles/Scripts/4_World/entities\itembase\switchablebase\universallight.c,11": FIX-ME: Overriding function 'InitAttachmentsSlotsToCheck' but not marked as 'override'
SCRIPT    (W): @"VPPAdminTools/4_World/vppadmintools\plugins\pluginbase\webhooksmanager\classes\messagetypes\joinleavemessage.c,7": Possible variable name conflict 'guid'
SCRIPT    (W): @"VPPAdminTools/4_World/vppadmintools\plugins\pluginbase\webhooksmanager\classes\messagetypes\joinleavemessage.c,7": Possible variable name conflict 'details'
SCRIPT    (W): @"WinterGear/Scripts/4_World/newrecipes.c,3": FIX-ME: Overriding function 'RegisterRecipies' but not marked as 'override'
SCRIPT    (W): @"VPPAdminTools/4_World/vppadmintools\plugins\pluginbase\webhooksmanager\classes\webhookmessagebase.c,53": Possible variable name conflict 'title'
SCRIPT    (W): @"VPPAdminTools/4_World/vppadmintools\plugins\pluginbase\webhooksmanager\classes\webhookmessagebase.c,53": Possible variable name conflict 'color'
SCRIPT    (W): @"GoreZ/4_world/classes\bleedingsources\bleedingsource.c,56": FIX-ME: Overriding function 'GetBit' but not marked as 'override'
SCRIPT    (W): @"GoreZ/4_world/classes\bleedingsources\bleedingsource.c,157": FIX-ME: Overriding function 'DrawDebugShape' but not marked as 'override'
SCRIPT    (W): @"VPPAdminTools/4_World/vppadmintools\plugins\pluginbase\chatcommandmanager\classes\chatmodules\argumentcommands\spawning\spawnongroundmodule.c,32": FIX-ME: Undefined function 'ItemBase.SetupSpawnedItem'
SCRIPT    (W): @"VPPAdminTools/4_World/vppadmintools\plugins\pluginbase\itemmanager\itemmanager.c,225": FIX-ME: Undefined function 'ItemBase.SetupSpawnedItem'
SCRIPT    (W): @"VPPAdminTools/4_World/vppadmintools\plugins\pluginbase\admintools\admintools.c,60": No need to use 'Cast' for up-casting
SCRIPT    (W): @"WindstrideClothing/scripts/4_World/playerbase.c,13": Unsafe down-casting, use 'ItemBase.Cast' for safe down-casting
SCRIPT    (W): @"WindstrideClothing/scripts/4_World/playerbase.c,37": Unsafe down-casting, use 'ItemBase.Cast' for safe down-casting
SCRIPT    (W): @"WindstrideClothing/scripts/4_World/playerbase.c,56": Unsafe down-casting, use 'ItemBase.Cast' for safe down-casting
SCRIPT    (W): @"WindstrideClothing/scripts/4_World/playerbase.c,59": Unsafe down-casting, use 'ItemBase.Cast' for safe down-casting
SCRIPT    (W): @"WindstrideClothing/scripts/4_World/playerbase.c,60": Unsafe down-casting, use 'ItemBase.Cast' for safe down-casting
SCRIPT    (W): @"WindstrideClothing/scripts/4_World/playerbase.c,69": Unsafe down-casting, use 'ItemBase.Cast' for safe down-casting
SCRIPT    (W): @"WindstrideClothing/scripts/4_World/playerbase.c,79": Unsafe down-casting, use 'ItemBase.Cast' for safe down-casting
SCRIPT    (W): @"WindstrideClothing/scripts/4_World/playerbase.c,93": Unsafe down-casting, use 'ItemBase.Cast' for safe down-casting
SCRIPT       : Registering faction type eAIFactionLunatics ID 1167351711
SCRIPT       : Registering faction type eAIFactionInfected ID 1371958374
SCRIPT    (W): @"DayZServerManager/Scripts/5_Mission/dayzservermanager\game\dayzservermanagerwatcher.c,24": Missing ';' at the end of line
SCRIPT    (W): @"VPPAdminTools/5_Mission/vppadmintools\gui\submenus\menuobjectmanager\menuobjectmanager.c,203": Missing ';' at the end of line
SCRIPT    (W): @"DayZServerManager/Scripts/5_Mission/dayzservermanager\game\dayzservermanagerwatcher.c,12": Possible variable name conflict 'classname'
SCRIPT    (W): @"DayZServerManager/Scripts/5_Mission/dayzservermanager\game\dayzservermanagerwatcher.c,12": Possible variable name conflict 'source'
SCRIPT    (W): @"DayZServerManager/Scripts/5_Mission/dayzservermanager\game\dayzservermanagerwatcher.c,61": FIX-ME: Overriding function 'Init' but not marked as 'override'
SCRIPT    (W): @"DayZServerManager/Scripts/5_Mission/dayzservermanager\game\dayzservermanagerwatcher.c,61": Possible variable name conflict 'classname'
SCRIPT    (W): @"DayZServerManager/Scripts/5_Mission/dayzservermanager\game\dayzservermanagerwatcher.c,61": Possible variable name conflict 'source'
SCRIPT    (W): @"DayZServerManager/Scripts/5_Mission/dayzservermanager\game\dayzservermanagerwatcher.c,670": Possible variable name conflict 'classname'
SCRIPT    (W): @"DayZServerManager/Scripts/5_Mission/dayzservermanager\game\dayzservermanagerwatcher.c,193": Possible variable name conflict 'classname'
SCRIPT    (W): @"DayZServerManager/Scripts/5_Mission/dayzservermanager\game\dayzservermanagerwatcher.c,305": Possible variable name conflict 'classname'
SCRIPT    (W): @"DayZServerManager/Scripts/5_Mission/dayzservermanager\game\dayzservermanagerwatcher.c,458": Possible variable name conflict 'classname'
SCRIPT    (W): @"DayZServerManager/Scripts/5_Mission/dayzservermanager\game\dayzservermanagerwatcher.c,123": Possible variable name conflict 'classname'
SCRIPT    (W): @"DayZServerManager/Scripts/5_Mission/dayzservermanager\game\dayzservermanagerwatcher.c,728": Possible variable name conflict 'classname'
SCRIPT    (W): @"DayZServerManager/Scripts/5_Mission/dayzservermanager\game\dayzservermanagerwatcher.c,558": Possible variable name conflict 'classname'
SCRIPT    (W): @"DayZServerManager/Scripts/5_Mission/dayzservermanager\game\dayzservermanagerwatcher.c,244": Possible variable name conflict 'name'
SCRIPT    (W): @"DayZServerManager/Scripts/5_Mission/dayzservermanager\game\dayzservermanagerwatcher.c,244": Possible variable name conflict 'rpm'
SCRIPT    (W): @"DayZServerManager/Scripts/5_Mission/dayzservermanager\game\dayzservermanagerwatcher.c,244": Possible variable name conflict 'dispersion'
SCRIPT    (W): @"DayZServerManager/Scripts/5_Mission/dayzservermanager\game\dayzservermanagerwatcher.c,244": Possible variable name conflict 'rounds'
SCRIPT    (W): @"VPPAdminTools/5_Mission/vppadmintools\gui\submenus\menuitemmanager\menuitemmanager.c,201": FIX-ME: Undefined function 'DayZGame.GetMousePos'
SCRIPT    (W): @"VPPAdminTools/5_Mission/vppadmintools\gui\uihelpers\mouseevents\vppmouseeventbase.c,53": FIX-ME: Undefined function 'CGame.GetMouseState'
SCRIPT    (W): @"VPPAdminTools/5_Mission/vppadmintools\gui\vppadminhud.c,126": Unsafe down-casting, use 'MenuObjectManager.Cast' for safe down-casting
SCRIPT    (W): @"VPPAdminTools/5_Mission/vppadmintools\gui\submenus\menuesptools\esptoolsmenu.c,580": Unsafe down-casting, use 'EntityAI.Cast' for safe down-casting
SCRIPT    (W): @"VPPAdminTools/5_Mission/vppadmintools\gui\uihelpers\infoboxinstance.c,61": FIX-ME: Undefined function 'DayZGame.GetMousePos'
SCRIPT    (W): @"VPPAdminTools/5_Mission/vppadmintools\gui\uihelpers\mouseevents\vppholdleftclickevent.c,13": FIX-ME: Undefined function 'CGame.GetMouseState'
SCRIPT    (W): @"VPPAdminTools/5_Mission/vppadmintools\gui\uihelpers\tooltiphandler.c,38": FIX-ME: Undefined function 'DayZGame.GetMousePos'
SCRIPT    (W): @"VPPAdminTools/5_Mission/vppadmintools\gui\submenus\menuplayermanager\menuplayermanager.c,71": FIX-ME: Callbacks do not properly support overloaded methods 'OnUpdate'
SCRIPT    (W): @"VPPAdminTools/5_Mission/vppadmintools\gui\vppuimanager.c,183": FIX-ME: Undefined function 'CGame.GetMouseState'
SCRIPT    (W): @"VPPAdminTools/5_Mission/vppadmintools\missiondebug.c,38": Unsafe down-casting, use 'PlayerBase.Cast' for safe down-casting
SCRIPT    (W): @"VPPAdminTools/5_Mission/vppadmintools\gui\submenus\menuobjectmanager\menuobjectmanager.c,862": FIX-ME: Undefined function 'DayZGame.GetMousePos'
SCRIPT    (W): @"VPPAdminTools/5_Mission/vppadmintools\gui\submenus\menuxmleditor\menuxmleditor.c,264": FIX-ME: Undefined function 'DayZGame.GetMousePos'
SCRIPT       : Vanilla++ AdminTools Plugins Registering..
SCRIPT       : [VPPAdminTools] Error parsing credentials.txt! Please input a valid password, with no // at the start of the line!
SCRIPT       : Expansion version: 1.8.32
SCRIPT       : 18:11:22.902 [EXPANSION DEBUG]: [ExpansionDebugSettings] Load existing setting file:$profile:ExpansionMod\Settings\DebugSettings.json
SCRIPT       : 18:11:22.902 [EXPANSION DEBUG]: [ExpansionLogSettings] Load existing setting file:$profile:ExpansionMod\Settings\LogsSettings.json
SCRIPT       : 18:11:22.914 [EXPANSION DEBUG]: [ExpansionNotificationSettings] Load existing setting file:$profile:ExpansionMod\Settings\NotificationSettings.json
SCRIPT       : 18:11:22.914 [EXPANSION DEBUG]: [ExpansionMonitoringSettings] Load existing setting file:$profile:ExpansionMod\Settings\MonitoringSettings.json
SCRIPT       : 18:11:22.914 [EXPANSION DEBUG]: [ExpansionDamageSystemSettings] Load existing setting file:$profile:ExpansionMod\Settings\DamageSystemSettings.json
SCRIPT       : 18:11:22.914 [EXPANSION DEBUG]: [ExpansionPartySettings] Load existing setting file:$profile:ExpansionMod\Settings\PartySettings.json
SCRIPT       : 18:11:22.914 [EXPANSION DEBUG]: [ExpansionHardlineSettings] Load existing setting file:$mission:expansion\settings\HardlineSettings.json
SCRIPT       : 18:11:22.933 [EXPANSION DEBUG]: [ExpansionMarketSettings] Load existing setting file:$mission:expansion\settings\MarketSettings.json
SCRIPT       : ExpansionMarketSettings::LoadCategories - Adding category ID 1 (Ammo)
SCRIPT       : ExpansionMarketSettings::LoadCategories - Adding category ID 2 (Ammo_Boxes)
SCRIPT       : ExpansionMarketSettings::LoadCategories - Adding category ID 3 (Ammo_Boxes_Mortys)
SCRIPT       : ExpansionMarketSettings::LoadCategories - Adding category ID 4 (Ammo_Mortys)
SCRIPT       : ExpansionMarketSettings::LoadCategories - Adding category ID 5 (Armbands)
SCRIPT       : ExpansionMarketSettings::LoadCategories - Adding category ID 6 (Assault_Rifles)
SCRIPT       : ExpansionMarketSettings::LoadCategories - Adding category ID 7 (Assault_Rifles_Mortys)
SCRIPT       : ExpansionMarketSettings::LoadCategories - Adding category ID 8 (Backpacks)
SCRIPT       : ExpansionMarketSettings::LoadCategories - Adding category ID 9 (Bandanas)
SCRIPT       : ExpansionMarketSettings::LoadCategories - Adding category ID 10 (Batteries)
SCRIPT       : ExpansionMarketSettings::LoadCategories - Adding category ID 11 (Bayonets)
SCRIPT       : ExpansionMarketSettings::LoadCategories - Adding category ID 12 (Bayonets_Mortys)
SCRIPT       : ExpansionMarketSettings::LoadCategories - Adding category ID 13 (Belts)
SCRIPT       : ExpansionMarketSettings::LoadCategories - Adding category ID 14 (Bipods_Mortys)
SCRIPT       : ExpansionMarketSettings::LoadCategories - Adding category ID 15 (Blouses_And_Suits)
SCRIPT       : ExpansionMarketSettings::LoadCategories - Adding category ID 16 (Boats)
SCRIPT       : ExpansionMarketSettings::LoadCategories - Adding category ID 17 (Boots_And_Shoes)
SCRIPT       : ExpansionMarketSettings::LoadCategories - Adding category ID 18 (Buttstocks)
SCRIPT       : ExpansionMarketSettings::LoadCategories - Adding category ID 19 (Buttstocks_Mortys)
SCRIPT       : ExpansionMarketSettings::LoadCategories - Adding category ID 20 (Caps)
SCRIPT       : ExpansionMarketSettings::LoadCategories - Adding category ID 21 (Cars)
SCRIPT       : ExpansionMarketSettings::LoadCategories - Adding category ID 22 (Coats_And_Jackets)
SCRIPT       : ExpansionMarketSettings::LoadCategories - Adding category ID 23 (Containers)
SCRIPT       : ExpansionMarketSettings::LoadCategories - Adding category ID 24 (Crossbows)
SCRIPT       : ExpansionMarketSettings::LoadCategories - Adding category ID 25 (Drinks)
SCRIPT       : ExpansionMarketSettings::LoadCategories - Adding category ID 26 (Electronics)
SCRIPT       : ExpansionMarketSettings::LoadCategories - Adding category ID 27 (Event)
SCRIPT       : ExpansionMarketSettings::LoadCategories - Adding category ID 28 (Exchange)
SCRIPT       : ExpansionMarketSettings::LoadCategories - Adding category ID 29 (Explosives_And_Grenades)
SCRIPT       : ExpansionMarketSettings::LoadCategories - Adding category ID 30 (Eyewear)
SCRIPT       : ExpansionMarketSettings::LoadCategories - Adding category ID 31 (Fish)
SCRIPT       : ExpansionMarketSettings::LoadCategories - Adding category ID 32 (Fishing)
SCRIPT       : ExpansionMarketSettings::LoadCategories - Adding category ID 33 (Flags)
SCRIPT       : ExpansionMarketSettings::LoadCategories - Adding category ID 34 (Food)
SCRIPT       : ExpansionMarketSettings::LoadCategories - Adding category ID 35 (Fruit_And_Vegetables)
SCRIPT       : ExpansionMarketSettings::LoadCategories - Adding category ID 36 (Furnishings)
SCRIPT       : ExpansionMarketSettings::LoadCategories - Adding category ID 37 (Gardening)
SCRIPT       : ExpansionMarketSettings::LoadCategories - Adding category ID 38 (Ghillies)
SCRIPT       : ExpansionMarketSettings::LoadCategories - Adding category ID 39 (Gloves)
SCRIPT       : ExpansionMarketSettings::LoadCategories - Adding category ID 40 (Handguards)
SCRIPT       : ExpansionMarketSettings::LoadCategories - Adding category ID 41 (Handguards_Mortys)
SCRIPT       : ExpansionMarketSettings::LoadCategories - Adding category ID 42 (Hats_And_Hoods)
SCRIPT       : ExpansionMarketSettings::LoadCategories - Adding category ID 43 (Helicopters)
SCRIPT       : ExpansionMarketSettings::LoadCategories - Adding category ID 44 (Helmets)
SCRIPT       : ExpansionMarketSettings::LoadCategories - Adding category ID 45 (Holsters_And_Pouches)
SCRIPT       : ExpansionMarketSettings::LoadCategories - Adding category ID 46 (Kits)
SCRIPT       : ExpansionMarketSettings::LoadCategories - Adding category ID 47 (Knifes)
SCRIPT       : ExpansionMarketSettings::LoadCategories - Adding category ID 48 (Launchers)
SCRIPT       : ExpansionMarketSettings::LoadCategories - Adding category ID 49 (Lights)
SCRIPT       : ExpansionMarketSettings::LoadCategories - Adding category ID 50 (Liquids)
SCRIPT       : ExpansionMarketSettings::LoadCategories - Adding category ID 51 (Locks)
SCRIPT       : ExpansionMarketSettings::LoadCategories - Adding category ID 52 (Magazines)
SCRIPT       : ExpansionMarketSettings::LoadCategories - Adding category ID 53 (Magazines_Mortys)
SCRIPT       : ExpansionMarketSettings::LoadCategories - Adding category ID 54 (Masks)
SCRIPT       : ExpansionMarketSettings::LoadCategories - Adding category ID 55 (Meat)
SCRIPT       : ExpansionMarketSettings::LoadCategories - Adding category ID 56 (Medical)
SCRIPT       : ExpansionMarketSettings::LoadCategories - Adding category ID 57 (Melee_Weapons)
SCRIPT       : ExpansionMarketSettings::LoadCategories - Adding category ID 58 (Muzzles)
SCRIPT       : ExpansionMarketSettings::LoadCategories - Adding category ID 59 (Muzzles_Mortys)
SCRIPT       : ExpansionMarketSettings::LoadCategories - Adding category ID 60 (Navigation)
SCRIPT       : ExpansionMarketSettings::LoadCategories - Adding category ID 61 (Optics)
SCRIPT       : ExpansionMarketSettings::LoadCategories - Adding category ID 62 (Optics_Mortys)
SCRIPT       : ExpansionMarketSettings::LoadCategories - Adding category ID 63 (Pants_And_Shorts)
SCRIPT       : ExpansionMarketSettings::LoadCategories - Adding category ID 64 (Pistols)
SCRIPT       : ExpansionMarketSettings::LoadCategories - Adding category ID 65 (Pistols_Mortys)
SCRIPT       : ExpansionMarketSettings::LoadCategories - Adding category ID 66 (Rifles)
SCRIPT       : ExpansionMarketSettings::LoadCategories - Adding category ID 67 (Rifles_Mortys)
SCRIPT       : ExpansionMarketSettings::LoadCategories - Adding category ID 68 (Shirts_And_TShirts)
SCRIPT       : ExpansionMarketSettings::LoadCategories - Adding category ID 69 (Shotguns)
SCRIPT       : ExpansionMarketSettings::LoadCategories - Adding category ID 70 (Shotguns_Mortys)
SCRIPT       : ExpansionMarketSettings::LoadCategories - Adding category ID 71 (Skirts_And_Dresses)
SCRIPT       : ExpansionMarketSettings::LoadCategories - Adding category ID 72 (Sniper_Rifles)
SCRIPT       : ExpansionMarketSettings::LoadCategories - Adding category ID 73 (Sniper_Rifles_Mortys)
SCRIPT       : ExpansionMarketSettings::LoadCategories - Adding category ID 74 (Spraycans)
SCRIPT       : ExpansionMarketSettings::LoadCategories - Adding category ID 75 (Submachine_Guns)
SCRIPT       : ExpansionMarketSettings::LoadCategories - Adding category ID 76 (Submachine_Guns_Mortys)
SCRIPT       : ExpansionMarketSettings::LoadCategories - Adding category ID 77 (Supplies)
SCRIPT       : ExpansionMarketSettings::LoadCategories - Adding category ID 78 (Sweaters_And_Hoodies)
SCRIPT       : ExpansionMarketSettings::LoadCategories - Adding category ID 79 (Tents)
SCRIPT       : ExpansionMarketSettings::LoadCategories - Adding category ID 80 (Tools)
SCRIPT       : ExpansionMarketSettings::LoadCategories - Adding category ID 81 (Vehicle_Parts)
SCRIPT       : ExpansionMarketSettings::LoadCategories - Adding category ID 82 (Vests)
SCRIPT       : 18:11:23.476 [EXPANSION DEBUG]: [ExpansionAirdropSettings] Load existing setting file:$profile:ExpansionMod\Settings\AirdropSettings.json
SCRIPT       : 18:11:23.656 [EXPANSION DEBUG]: [ExpansionMissionSettings] Load existing setting file:$profile:ExpansionMod\Settings\MissionSettings.json
SCRIPT       : 18:11:23.656 [EXPANSION DEBUG]: [ExpansionMapSettings] Load existing setting file:$mission:expansion\settings\MapSettings.json
SCRIPT       : 18:11:23.695 [EXPANSION DEBUG]: [ExpansionPersonalStorageNewSettings] Load existing setting file:$profile:ExpansionMod\Settings\PersonalStorageNewSettings.json
SCRIPT       : 18:11:23.695 [EXPANSION DEBUG]: [ExpansionGeneralSettings] Load existing setting file:$profile:ExpansionMod\Settings\GeneralSettings.json
SCRIPT       : 18:11:23.703 [EXPANSION DEBUG]: [ExpansionPlayerListSettings] Load existing setting file:$profile:ExpansionMod\Settings\PlayerListSettings.json
SCRIPT       : 18:11:23.703 [EXPANSION DEBUG]: [ExpansionSocialMediaSettings] Load existing setting file:$profile:ExpansionMod\Settings\SocialMediaSettings.json
SCRIPT       : 18:11:23.703 [EXPANSION DEBUG]: [ExpansionSpawnSettings] Load existing setting file:$mission:expansion\settings\SpawnSettings.json
SCRIPT       : 18:11:23.707 [EXPANSION DEBUG]: [ExpansionVehicleSettings] Load existing setting file:$profile:ExpansionMod\Settings\VehicleSettings.json
SCRIPT       : 18:11:23.718 [EXPANSION DEBUG]: [ExpansionAISettings] Load existing setting file:$profile:ExpansionMod\Settings\AISettings.json
SCRIPT       : 18:11:23.718 [EXPANSION DEBUG]: [ExpansionAIPatrolSettings] Load existing setting file:$mission:expansion\settings\AIPatrolSettings.json
SCRIPT       : 18:11:23.738 [EXPANSION DEBUG]: [ExpansionBaseBuildingSettings] Load existing setting file:$mission:expansion\settings\BaseBuildingSettings.json
SCRIPT       : 18:11:23.746 [EXPANSION DEBUG]: [ExpansionRaidSettings] Load existing setting file:$profile:ExpansionMod\Settings\RaidSettings.json
SCRIPT       : 18:11:23.757 [EXPANSION DEBUG]: [ExpansionTerritorySettings] Load existing setting file:$profile:ExpansionMod\Settings\TerritorySettings.json
SCRIPT       : 18:11:23.761 [EXPANSION DEBUG]: [ExpansionChatSettings] Load existing setting file:$profile:ExpansionMod\Settings\ChatSettings.json
SCRIPT       : [DefineTest] EXPANSIONMOD is defined
SCRIPT       : [DefineTest] EXPANSIONMODAI is defined
SCRIPT       : [DefineTest] EXPANSIONMODBASEBUILDING is defined
SCRIPT       : [DefineTest] EXPANSIONMODBOOK is defined
SCRIPT       : [DefineTest] EXPANSIONMODCHAT is defined
SCRIPT       : [DefineTest] EXPANSIONMODCORE is defined
SCRIPT       : [DefineTest] EXPANSIONMODGARAGE is defined
SCRIPT       : [DefineTest] EXPANSIONMODGROUPS is defined
SCRIPT       : [DefineTest] EXPANSIONMODHARDLINE is defined
SCRIPT       : [DefineTest] EXPANSIONMODKILLFEED is defined
SCRIPT       : [DefineTest] EXPANSIONMODMAPASSETS is defined
SCRIPT       : [DefineTest] EXPANSIONMODMARKET is defined
SCRIPT       : [DefineTest] EXPANSIONMODMISSIONS is defined
SCRIPT       : [DefineTest] EXPANSIONMODNAMETAGS is defined
SCRIPT       : [DefineTest] EXPANSIONMODNAVIGATION is defined
SCRIPT       : [DefineTest] EXPANSIONMODP2PMARKET is defined
SCRIPT       : [DefineTest] EXPANSIONMODPERSONALSTORAGE is defined
SCRIPT       : [DefineTest] EXPANSIONMODQUESTS is defined
SCRIPT       : [DefineTest] EXPANSIONMODSPAWNSELECTION is defined
SCRIPT       : [DefineTest] EXPANSIONMODVEHICLE is defined
SCRIPT       : [DefineTest] EXPANSIONMODWEAPONS is defined
SCRIPT       : [DefineTest] CfgMods:
SCRIPT       : defaultAction
SCRIPT       : DayZ
SCRIPT       : DZ_Expansion_AI_Preload
SCRIPT       : DZ_Expansion_BaseBuilding_Preload
SCRIPT       : DZ_Expansion_Book_Preload
SCRIPT       : DZ_Expansion_Chat_Preload
SCRIPT       : DZ_Expansion_Core_Preload
SCRIPT       : DZ_Expansion_Garage_Preload
SCRIPT       : DZ_Expansion_Groups_Preload
SCRIPT       : DZ_Expansion_Hardline_Preload
SCRIPT       : DZ_Expansion_KillFeed_Preload
SCRIPT       : DZ_Expansion_MapAssets_Preload
SCRIPT       : DZ_Expansion_Market_Preload
SCRIPT       : DZ_Expansion_Missions_Preload
SCRIPT       : DZ_Expansion_ModStorage_Preload
SCRIPT       : DZ_Expansion_NameTags_Preload
SCRIPT       : DZ_Expansion_Navigation_Preload
SCRIPT       : DZ_Expansion_P2PMarket_Preload
SCRIPT       : DZ_Expansion_PersonalStorage_Preload
SCRIPT       : DZ_Expansion_Preload
SCRIPT       : DZ_Expansion_Quests_Preload
SCRIPT       : DZ_Expansion_SpawnSelection_Preload
SCRIPT       : DZ_Expansion_Vehicles_Preload
SCRIPT       : DZ_Expansion_Weapons_Preload
SCRIPT       : DZ_DabsFramework
SCRIPT       : DZ_Expansion_DefineTest
SCRIPT       : DZ_Expansion_MapAssets
SCRIPT       : DayZServerManager
SCRIPT       : bliss
SCRIPT       : GoreZ
SCRIPT       : JM_CommunityFramework
SCRIPT       : JM_CommunityOnlineTools
SCRIPT       : OP_BaseItems
SCRIPT       : TTC_Optics
SCRIPT       : TTC_Pistols
SCRIPT       : TTC_Rifles
SCRIPT       : TTC_Shotguns
SCRIPT       : TTC_SMG
SCRIPT       : AVPPAdminTools
SCRIPT       : WindstrideClothing
SCRIPT       : WinterChernarusV2Scripts
SCRIPT       : Lads_LightingOverhaul
SCRIPT       : WinterStash
SCRIPT       : DZ_Expansion_ModStorage
SCRIPT       : DZ_Expansion_Core
SCRIPT       : DZ_Expansion_Garage
SCRIPT       : DZ_Expansion_Groups
SCRIPT       : DZ_Expansion_Market
SCRIPT       : DZ_Expansion_Missions
SCRIPT       : DZ_Expansion_NameTags
SCRIPT       : DZ_Expansion_Navigation
SCRIPT       : DZ_Expansion_NotificationScheduler
SCRIPT       : DZ_Expansion_P2PMarket
SCRIPT       : DZ_Expansion_PersonalStorage
SCRIPT       : DZ_Expansion_PersonalStorageNew
SCRIPT       : DZ_Expansion_PlayerList
SCRIPT       : DZ_Expansion
SCRIPT       : DZ_Expansion_SpawnSelection
SCRIPT       : DZ_Expansion_VanillaFixes
SCRIPT       : DZ_Expansion_Vehicles
SCRIPT       : DZ_Expansion_Weapons
SCRIPT       : DayZServerManagerExpansion
SCRIPT       : Indi_Increased_Lumens
SCRIPT       : WinterGearMod
SCRIPT       : DZ_Expansion_AI
SCRIPT       : DZ_Expansion_BaseBuilding
SCRIPT       : DZ_Expansion_Book
SCRIPT       : DZ_Expansion_Chat
SCRIPT       : DZ_Expansion_Hardline
SCRIPT       : DZ_Expansion_Quests
SCRIPT       : DZ_Expansion_VirtualContainerStorage
SCRIPT       : DZSM ~ MissionServer
SCRIPT       : DZSM ~ MissionServer.OnInit
SCRIPT       : [MissionServer] OnInit - Server
SCRIPT       : 18:11:24.144 [EXPANSION DEBUG]: ModStorage v5
SCRIPT       : DZSM ~ MissionServer.OnMissionStart
SCRIPT       : DZSM ~ DayZServerManagerWatcher()
SCRIPT       : 18:11:36.292 [EXPANSION DEBUG]: ExpansionTraderJudy<d24b0010>::SetTraderObject ExpansionTraderObjectBase<a7e87c10> <4973.928711, 9.510984, 2436.782959>
SCRIPT       : 18:11:36.292 [EXPANSION DEBUG]: LoadMissionTradersFile trader ExpansionTraderJudy<d24b0010> fileName Aircraft
SCRIPT       : 18:11:36.339 [EXPANSION DEBUG]: ExpansionTraderJose<a7f0c020>::SetTraderObject ExpansionTraderObjectBase<a7f161c0> <14353.624023, 3.326771, 13229.217773>
SCRIPT       : 18:11:36.339 [EXPANSION DEBUG]: LoadMissionTradersFile trader ExpansionTraderJose<a7f0c020> fileName Boats
SCRIPT       : 18:11:36.347 [EXPANSION DEBUG]: ExpansionTraderEva<17daa2b0>::SetTraderObject ExpansionTraderObjectBase<a7f39100> <14378.793945, 3.325975, 13271.585938>
SCRIPT       : 18:11:36.347 [EXPANSION DEBUG]: LoadMissionTradersFile trader ExpansionTraderEva<17daa2b0> fileName Fishing
SCRIPT       : 18:11:36.359 [EXPANSION DEBUG]: ExpansionTraderLewis<ee8da030>::SetTraderObject ExpansionTraderObjectBase<a80158d0> <1756.656372, 1.415564, 2027.359741>
SCRIPT       : 18:11:36.359 [EXPANSION DEBUG]: LoadMissionTradersFile trader ExpansionTraderLewis<ee8da030> fileName Boats
SCRIPT       : 18:11:36.378 [EXPANSION DEBUG]: LoadMissionTradersFile trader ExpansionTraderStaticBase<99acdfe0> fileName Exchange
SCRIPT       : 18:11:36.460 [EXPANSION DEBUG]: ExpansionTraderDenis<fbae4020>::SetTraderObject ExpansionTraderObjectBase<a811db50> <3697.249512, 402.010010, 5977.625488>
SCRIPT       : 18:11:36.460 [EXPANSION DEBUG]: LoadMissionTradersFile trader ExpansionTraderDenis<fbae4020> fileName Clothing
SCRIPT       : 18:11:36.527 [EXPANSION DEBUG]: ExpansionTraderMaria<e17c4010>::SetTraderObject ExpansionTraderObjectBase<a825a8d0> <3696.455811, 402.010010, 5980.193359>
SCRIPT       : 18:11:36.527 [EXPANSION DEBUG]: LoadMissionTradersFile trader ExpansionTraderMaria<e17c4010> fileName Clothing_Accessories
SCRIPT       : 18:11:36.574 [EXPANSION DEBUG]: ExpansionTraderQuinn<da4fe010>::SetTraderObject ExpansionTraderObjectBase<a839fa70> <3710.121826, 402.010010, 5976.164063>
SCRIPT       : 18:11:36.574 [EXPANSION DEBUG]: LoadMissionTradersFile trader ExpansionTraderQuinn<da4fe010> fileName Consumables
SCRIPT       : 18:11:36.675 [EXPANSION DEBUG]: ExpansionTraderNaomi<9bee3010>::SetTraderObject ExpansionTraderObjectBase<a84ebdb0> <3708.786865, 402.010010, 5974.589844>
SCRIPT       : 18:11:36.675 [EXPANSION DEBUG]: LoadMissionTradersFile trader ExpansionTraderNaomi<9bee3010> fileName Weapons
SCRIPT       : 18:11:36.757 [EXPANSION DEBUG]: ExpansionTraderSeth<d24fc010>::SetTraderObject ExpansionTraderObjectBase<a86f6680> <3710.265137, 402.010010, 5973.340820>
SCRIPT       : 18:11:36.757 [EXPANSION DEBUG]: LoadMissionTradersFile trader ExpansionTraderSeth<d24fc010> fileName Attachments
SCRIPT       : 18:11:36.777 [EXPANSION DEBUG]: ExpansionTraderRolf<d2653020>::SetTraderObject ExpansionTraderObjectBase<b1d2f520> <3698.172607, 402.010010, 5995.337402>
SCRIPT       : 18:11:36.777 [EXPANSION DEBUG]: LoadMissionTradersFile trader ExpansionTraderRolf<d2653020> fileName Vehicles
SCRIPT       : 18:11:36.843 [EXPANSION DEBUG]: ExpansionTraderIndar<db468020>::SetTraderObject ExpansionTraderObjectBase<b1e50ca0> <3714.531006, 402.138000, 5961.776367>
SCRIPT       : 18:11:36.843 [EXPANSION DEBUG]: LoadMissionTradersFile trader ExpansionTraderIndar<db468020> fileName Components
SCRIPT       : 18:11:36.855 [EXPANSION DEBUG]: ExpansionTraderJudy<9be58010>::SetTraderObject ExpansionTraderObjectBase<b1e5d3b0> <3729.029541, 402.651001, 5969.476563>
SCRIPT       : 18:11:36.855 [EXPANSION DEBUG]: LoadMissionTradersFile trader ExpansionTraderJudy<9be58010> fileName Medicals
SCRIPT       : 18:11:36.855 [EXPANSION DEBUG]: ExpansionTraderNaomi<9be5bf10>::SetTraderObject ExpansionTraderObjectBase<b1e64b60> <3690.062988, 402.100067, 6006.763672>
SCRIPT       : 18:11:36.859 [EXPANSION DEBUG]: LoadMissionTradersFile trader ExpansionTraderNaomi<9be5bf10> fileName Vehicle_Parts
SCRIPT       : 18:11:36.878 [EXPANSION DEBUG]: ExpansionTraderJose<8d8fc090>::SetTraderObject ExpansionTraderObjectBase<b1fd0ae0> <3699.629883, 402.010010, 5993.970215>
SCRIPT       : 18:11:36.878 [EXPANSION DEBUG]: LoadMissionTradersFile trader ExpansionTraderJose<8d8fc090> fileName Spraycans
SCRIPT       : 18:11:36.933 [EXPANSION DEBUG]: ExpansionTraderLinda<8d924130>::SetTraderObject ExpansionTraderObjectBase<b218b230> <3674.669922, 406.760010, 5990.390137>
SCRIPT       : 18:11:36.933 [EXPANSION DEBUG]: LoadMissionTradersFile trader ExpansionTraderLinda<8d924130> fileName Special
SCRIPT       : 18:11:36.945 [EXPANSION DEBUG]: ExpansionTraderNiki<8d91c110>::SetTraderObject ExpansionTraderObjectBase<b223b4c0> <3699.030029, 402.013000, 5973.439941>
SCRIPT       : 18:11:36.945 [EXPANSION DEBUG]: LoadMissionTradersFile trader ExpansionTraderNiki<8d91c110> fileName BuildingSupplies
SCRIPT       : 18:11:37 [ERROR] ExpansionTraderObjectBase<b230fc70>::LoadTraderHost - ERROR: Trader is not within a trader zone: ExpansionTraderFrancis<8d928140> <1153.964844, 6.463035, 2409.763184>
SCRIPT       : 	Error() DayZExpansion/Core/Scripts/1_Core/dayzexpansion_core\cf_log.c : 37
SCRIPT       : 	LoadTraderHost() DayZExpansion/Market/Scripts/4_World/dayzexpansion_market\creatures\traders\expansiontraderbase.c : 156
SCRIPT       : 	LoadTrader() DayZExpansion/Market/Scripts/4_World/dayzexpansion_market\creatures\traders\expansiontraderbase.c : 118
SCRIPT       : 	ExpansionTraderObjectBase() DayZExpansion/Market/Scripts/4_World/dayzexpansion_market\creatures\traders\expansiontraderbase.c : 92
SCRIPT       : 	LoadTrader() DayZExpansion/Market/Scripts/4_World/dayzexpansion_market\creatures\traders\expansiontraderbase.c : 60
SCRIPT       : 	LoadTradersFile() DayZExpansion/Core/Scripts/4_World/dayzexpansion_core\expansionworldobjectsmodule.c : 751
SCRIPT       : 	LoadMissionTradersFile() DayZExpansion/Core/Scripts/4_World/dayzexpansion_core\expansionworldobjectsmodule.c : 688
SCRIPT       : 	LoadMissionTraders() DayZExpansion/Core/Scripts/4_World/dayzexpansion_core\expansionworldobjectsmodule.c : 672
SCRIPT       : 	FindMissionFiles#1042282() DayZExpansion/Core/Scripts/4_World/dayzexpansion_core\expansionworldobjectsmodule.c : 193
SCRIPT       : 	OnMissionStart() DayZExpansion/Core/Scripts/4_World/dayzexpansion_core\expansionworldobjectsmodule.c : 69
SCRIPT       : 	OnMissionStart() DayZExpansion/Scripts/4_World/dayzexpansion\classes\systems\mapping\expansionworldobjectsmodule.c : 46
SCRIPT       : 	OnMissionStart() JM/CF/Scripts/1_Core/communityframework\module\cf_modulecoreevent.c : 41
SCRIPT       : 	OnMissionStart() JM/CF/Scripts/1_Core/communityframework\module\cf_modulecoremanager.c : 157
SCRIPT       : 	OnMissionStart() JM/CF/Scripts/5_Mission/communityframework\mission\missionserver.c : 37
SCRIPT       : 	OnMissionStart() JM/COT/Scripts/5_Mission/communityonlinetools\missionserver.c : 30
SCRIPT       : 	OnMissionStart() VPPAdminTools/5_Mission/vppadmintools\missionserver.c : 12
SCRIPT       : 	OnMissionStart() DayZExpansion/Core/Scripts/5_Mission/dayzexpansion_core\mission\missionserver.c : 53
SCRIPT       : 18:11:36.980 [EXPANSION DEBUG]: ExpansionTraderFrancis<8d928140>::SetTraderObject ExpansionTraderObjectBase<b230fc70> <1153.964844, 6.463035, 2409.763184>
SCRIPT       : 18:11:36.980 [EXPANSION DEBUG]: LoadMissionTradersFile trader ExpansionTraderFrancis<8d928140> fileName Attachments
SCRIPT       : 18:11:37 [ERROR] ExpansionTraderObjectBase<b244a520>::LoadTraderHost - ERROR: Trader is not within a trader zone: ExpansionTraderKaito<8d90c0d0> <1117.021240, 5.495151, 2413.766357>
SCRIPT       : 	Error() DayZExpansion/Core/Scripts/1_Core/dayzexpansion_core\cf_log.c : 37
SCRIPT       : 	LoadTraderHost() DayZExpansion/Market/Scripts/4_World/dayzexpansion_market\creatures\traders\expansiontraderbase.c : 156
SCRIPT       : 	LoadTrader() DayZExpansion/Market/Scripts/4_World/dayzexpansion_market\creatures\traders\expansiontraderbase.c : 118
SCRIPT       : 	ExpansionTraderObjectBase() DayZExpansion/Market/Scripts/4_World/dayzexpansion_market\creatures\traders\expansiontraderbase.c : 92
SCRIPT       : 	LoadTrader() DayZExpansion/Market/Scripts/4_World/dayzexpansion_market\creatures\traders\expansiontraderbase.c : 60
SCRIPT       : 	LoadTradersFile() DayZExpansion/Core/Scripts/4_World/dayzexpansion_core\expansionworldobjectsmodule.c : 751
SCRIPT       : 	LoadMissionTradersFile() DayZExpansion/Core/Scripts/4_World/dayzexpansion_core\expansionworldobjectsmodule.c : 688
SCRIPT       : 	LoadMissionTraders() DayZExpansion/Core/Scripts/4_World/dayzexpansion_core\expansionworldobjectsmodule.c : 672
SCRIPT       : 	FindMissionFiles#1042282() DayZExpansion/Core/Scripts/4_World/dayzexpansion_core\expansionworldobjectsmodule.c : 193
SCRIPT       : 	OnMissionStart() DayZExpansion/Core/Scripts/4_World/dayzexpansion_core\expansionworldobjectsmodule.c : 69
SCRIPT       : 	OnMissionStart() DayZExpansion/Scripts/4_World/dayzexpansion\classes\systems\mapping\expansionworldobjectsmodule.c : 46
SCRIPT       : 	OnMissionStart() JM/CF/Scripts/1_Core/communityframework\module\cf_modulecoreevent.c : 41
SCRIPT       : 	OnMissionStart() JM/CF/Scripts/1_Core/communityframework\module\cf_modulecoremanager.c : 157
SCRIPT       : 	OnMissionStart() JM/CF/Scripts/5_Mission/communityframework\mission\missionserver.c : 37
SCRIPT       : 	OnMissionStart() JM/COT/Scripts/5_Mission/communityonlinetools\missionserver.c : 30
SCRIPT       : 	OnMissionStart() VPPAdminTools/5_Mission/vppadmintools\missionserver.c : 12
SCRIPT       : 	OnMissionStart() DayZExpansion/Core/Scripts/5_Mission/dayzexpansion_core\mission\missionserver.c : 53
SCRIPT       : 18:11:36.988 [EXPANSION DEBUG]: ExpansionTraderKaito<8d90c0d0>::SetTraderObject ExpansionTraderObjectBase<b244a520> <1117.021240, 5.495151, 2413.766357>
SCRIPT       : 18:11:36.988 [EXPANSION DEBUG]: LoadMissionTradersFile trader ExpansionTraderKaito<8d90c0d0> fileName Components
SCRIPT       : 18:11:37 [ERROR] ExpansionTraderObjectBase<b25b5f60>::LoadTraderHost - ERROR: Trader is not within a trader zone: ExpansionTraderCyril<8d9100e0> <1136.987427, 5.908522, 2439.662598>
SCRIPT       : 	Error() DayZExpansion/Core/Scripts/1_Core/dayzexpansion_core\cf_log.c : 37
SCRIPT       : 	LoadTraderHost() DayZExpansion/Market/Scripts/4_World/dayzexpansion_market\creatures\traders\expansiontraderbase.c : 156
SCRIPT       : 	LoadTrader() DayZExpansion/Market/Scripts/4_World/dayzexpansion_market\creatures\traders\expansiontraderbase.c : 118
SCRIPT       : 	ExpansionTraderObjectBase() DayZExpansion/Market/Scripts/4_World/dayzexpansion_market\creatures\traders\expansiontraderbase.c : 92
SCRIPT       : 	LoadTrader() DayZExpansion/Market/Scripts/4_World/dayzexpansion_market\creatures\traders\expansiontraderbase.c : 60
SCRIPT       : 	LoadTradersFile() DayZExpansion/Core/Scripts/4_World/dayzexpansion_core\expansionworldobjectsmodule.c : 751
SCRIPT       : 	LoadMissionTradersFile() DayZExpansion/Core/Scripts/4_World/dayzexpansion_core\expansionworldobjectsmodule.c : 688
SCRIPT       : 	LoadMissionTraders() DayZExpansion/Core/Scripts/4_World/dayzexpansion_core\expansionworldobjectsmodule.c : 672
SCRIPT       : 	FindMissionFiles#1042282() DayZExpansion/Core/Scripts/4_World/dayzexpansion_core\expansionworldobjectsmodule.c : 193
SCRIPT       : 	OnMissionStart() DayZExpansion/Core/Scripts/4_World/dayzexpansion_core\expansionworldobjectsmodule.c : 69
SCRIPT       : 	OnMissionStart() DayZExpansion/Scripts/4_World/dayzexpansion\classes\systems\mapping\expansionworldobjectsmodule.c : 46
SCRIPT       : 	OnMissionStart() JM/CF/Scripts/1_Core/communityframework\module\cf_modulecoreevent.c : 41
SCRIPT       : 	OnMissionStart() JM/CF/Scripts/1_Core/communityframework\module\cf_modulecoremanager.c : 157
SCRIPT       : 	OnMissionStart() JM/CF/Scripts/5_Mission/communityframework\mission\missionserver.c : 37
SCRIPT       : 	OnMissionStart() JM/COT/Scripts/5_Mission/communityonlinetools\missionserver.c : 30
SCRIPT       : 	OnMissionStart() VPPAdminTools/5_Mission/vppadmintools\missionserver.c : 12
SCRIPT       : 	OnMissionStart() DayZExpansion/Core/Scripts/5_Mission/dayzexpansion_core\mission\missionserver.c : 53
SCRIPT       : 18:11:37.003 [EXPANSION DEBUG]: ExpansionTraderCyril<8d9100e0>::SetTraderObject ExpansionTraderObjectBase<b25b5f60> <1136.987427, 5.908522, 2439.662598>
SCRIPT       : 18:11:37.003 [EXPANSION DEBUG]: LoadMissionTradersFile trader ExpansionTraderCyril<8d9100e0> fileName Clothing
SCRIPT       : 18:11:37 [ERROR] ExpansionTraderObjectBase<b26e9110>::LoadTraderHost - ERROR: Trader is not within a trader zone: ExpansionTraderGuo<8d920120> <1133.974854, 5.909700, 2442.412598>
SCRIPT       : 	Error() DayZExpansion/Core/Scripts/1_Core/dayzexpansion_core\cf_log.c : 37
SCRIPT       : 	LoadTraderHost() DayZExpansion/Market/Scripts/4_World/dayzexpansion_market\creatures\traders\expansiontraderbase.c : 156
SCRIPT       : 	LoadTrader() DayZExpansion/Market/Scripts/4_World/dayzexpansion_market\creatures\traders\expansiontraderbase.c : 118
SCRIPT       : 	ExpansionTraderObjectBase() DayZExpansion/Market/Scripts/4_World/dayzexpansion_market\creatures\traders\expansiontraderbase.c : 92
SCRIPT       : 	LoadTrader() DayZExpansion/Market/Scripts/4_World/dayzexpansion_market\creatures\traders\expansiontraderbase.c : 60
SCRIPT       : 	LoadTradersFile() DayZExpansion/Core/Scripts/4_World/dayzexpansion_core\expansionworldobjectsmodule.c : 751
SCRIPT       : 	LoadMissionTradersFile() DayZExpansion/Core/Scripts/4_World/dayzexpansion_core\expansionworldobjectsmodule.c : 688
SCRIPT       : 	LoadMissionTraders() DayZExpansion/Core/Scripts/4_World/dayzexpansion_core\expansionworldobjectsmodule.c : 672
SCRIPT       : 	FindMissionFiles#1042282() DayZExpansion/Core/Scripts/4_World/dayzexpansion_core\expansionworldobjectsmodule.c : 193
SCRIPT       : 	OnMissionStart() DayZExpansion/Core/Scripts/4_World/dayzexpansion_core\expansionworldobjectsmodule.c : 69
SCRIPT       : 	OnMissionStart() DayZExpansion/Scripts/4_World/dayzexpansion\classes\systems\mapping\expansionworldobjectsmodule.c : 46
SCRIPT       : 	OnMissionStart() JM/CF/Scripts/1_Core/communityframework\module\cf_modulecoreevent.c : 41
SCRIPT       : 	OnMissionStart() JM/CF/Scripts/1_Core/communityframework\module\cf_modulecoremanager.c : 157
SCRIPT       : 	OnMissionStart() JM/CF/Scripts/5_Mission/communityframework\mission\missionserver.c : 37
SCRIPT       : 	OnMissionStart() JM/COT/Scripts/5_Mission/communityonlinetools\missionserver.c : 30
SCRIPT       : 	OnMissionStart() VPPAdminTools/5_Mission/vppadmintools\missionserver.c : 12
SCRIPT       : 	OnMissionStart() DayZExpansion/Core/Scripts/5_Mission/dayzexpansion_core\mission\missionserver.c : 53
SCRIPT       : 18:11:37.015 [EXPANSION DEBUG]: ExpansionTraderGuo<8d920120>::SetTraderObject ExpansionTraderObjectBase<b26e9110> <1133.974854, 5.909700, 2442.412598>
SCRIPT       : 18:11:37.015 [EXPANSION DEBUG]: LoadMissionTradersFile trader ExpansionTraderGuo<8d920120> fileName Clothing_Accessories
SCRIPT       : 18:11:37 [ERROR] ExpansionTraderObjectBase<b27cec30>::LoadTraderHost - ERROR: Trader is not within a trader zone: ExpansionTraderBoris<8d9140f0> <1123.468262, 15.349299, 2426.316162>
SCRIPT       : 	Error() DayZExpansion/Core/Scripts/1_Core/dayzexpansion_core\cf_log.c : 37
SCRIPT       : 	LoadTraderHost() DayZExpansion/Market/Scripts/4_World/dayzexpansion_market\creatures\traders\expansiontraderbase.c : 156
SCRIPT       : 	LoadTrader() DayZExpansion/Market/Scripts/4_World/dayzexpansion_market\creatures\traders\expansiontraderbase.c : 118
SCRIPT       : 	ExpansionTraderObjectBase() DayZExpansion/Market/Scripts/4_World/dayzexpansion_market\creatures\traders\expansiontraderbase.c : 92
SCRIPT       : 	LoadTrader() DayZExpansion/Market/Scripts/4_World/dayzexpansion_market\creatures\traders\expansiontraderbase.c : 60
SCRIPT       : 	LoadTradersFile() DayZExpansion/Core/Scripts/4_World/dayzexpansion_core\expansionworldobjectsmodule.c : 751
SCRIPT       : 	LoadMissionTradersFile() DayZExpansion/Core/Scripts/4_World/dayzexpansion_core\expansionworldobjectsmodule.c : 688
SCRIPT       : 	LoadMissionTraders() DayZExpansion/Core/Scripts/4_World/dayzexpansion_core\expansionworldobjectsmodule.c : 672
SCRIPT       : 	FindMissionFiles#1042282() DayZExpansion/Core/Scripts/4_World/dayzexpansion_core\expansionworldobjectsmodule.c : 193
SCRIPT       : 	OnMissionStart() DayZExpansion/Core/Scripts/4_World/dayzexpansion_core\expansionworldobjectsmodule.c : 69
SCRIPT       : 	OnMissionStart() DayZExpansion/Scripts/4_World/dayzexpansion\classes\systems\mapping\expansionworldobjectsmodule.c : 46
SCRIPT       : 	OnMissionStart() JM/CF/Scripts/1_Core/communityframework\module\cf_modulecoreevent.c : 41
SCRIPT       : 	OnMissionStart() JM/CF/Scripts/1_Core/communityframework\module\cf_modulecoremanager.c : 157
SCRIPT       : 	OnMissionStart() JM/CF/Scripts/5_Mission/communityframework\mission\missionserver.c : 37
SCRIPT       : 	OnMissionStart() JM/COT/Scripts/5_Mission/communityonlinetools\missionserver.c : 30
SCRIPT       : 	OnMissionStart() VPPAdminTools/5_Mission/vppadmintools\missionserver.c : 12
SCRIPT       : 	OnMissionStart() DayZExpansion/Core/Scripts/5_Mission/dayzexpansion_core\mission\missionserver.c : 53
SCRIPT       : 18:11:37.089 [EXPANSION DEBUG]: ExpansionTraderBoris<8d9140f0>::SetTraderObject ExpansionTraderObjectBase<b27cec30> <1123.468262, 15.349299, 2426.316162>
SCRIPT       : 18:11:37.089 [EXPANSION DEBUG]: LoadMissionTradersFile trader ExpansionTraderBoris<8d9140f0> fileName Exchange
SCRIPT       : 18:11:37 [ERROR] ExpansionTraderObjectBase<b27d2e20>::LoadTraderHost - ERROR: Trader is not within a trader zone: ExpansionTraderLinda<8d92c150> <1135.892822, 5.908773, 2436.856689>
SCRIPT       : 	Error() DayZExpansion/Core/Scripts/1_Core/dayzexpansion_core\cf_log.c : 37
SCRIPT       : 	LoadTraderHost() DayZExpansion/Market/Scripts/4_World/dayzexpansion_market\creatures\traders\expansiontraderbase.c : 156
SCRIPT       : 	LoadTrader() DayZExpansion/Market/Scripts/4_World/dayzexpansion_market\creatures\traders\expansiontraderbase.c : 118
SCRIPT       : 	ExpansionTraderObjectBase() DayZExpansion/Market/Scripts/4_World/dayzexpansion_market\creatures\traders\expansiontraderbase.c : 92
SCRIPT       : 	LoadTrader() DayZExpansion/Market/Scripts/4_World/dayzexpansion_market\creatures\traders\expansiontraderbase.c : 60
SCRIPT       : 	LoadTradersFile() DayZExpansion/Core/Scripts/4_World/dayzexpansion_core\expansionworldobjectsmodule.c : 751
SCRIPT       : 	LoadMissionTradersFile() DayZExpansion/Core/Scripts/4_World/dayzexpansion_core\expansionworldobjectsmodule.c : 688
SCRIPT       : 	LoadMissionTraders() DayZExpansion/Core/Scripts/4_World/dayzexpansion_core\expansionworldobjectsmodule.c : 672
SCRIPT       : 	FindMissionFiles#1042282() DayZExpansion/Core/Scripts/4_World/dayzexpansion_core\expansionworldobjectsmodule.c : 193
SCRIPT       : 	OnMissionStart() DayZExpansion/Core/Scripts/4_World/dayzexpansion_core\expansionworldobjectsmodule.c : 69
SCRIPT       : 	OnMissionStart() DayZExpansion/Scripts/4_World/dayzexpansion\classes\systems\mapping\expansionworldobjectsmodule.c : 46
SCRIPT       : 	OnMissionStart() JM/CF/Scripts/1_Core/communityframework\module\cf_modulecoreevent.c : 41
SCRIPT       : 	OnMissionStart() JM/CF/Scripts/1_Core/communityframework\module\cf_modulecoremanager.c : 157
SCRIPT       : 	OnMissionStart() JM/CF/Scripts/5_Mission/communityframework\mission\missionserver.c : 37
SCRIPT       : 	OnMissionStart() JM/COT/Scripts/5_Mission/communityonlinetools\missionserver.c : 30
SCRIPT       : 	OnMissionStart() VPPAdminTools/5_Mission/vppadmintools\missionserver.c : 12
SCRIPT       : 	OnMissionStart() DayZExpansion/Core/Scripts/5_Mission/dayzexpansion_core\mission\missionserver.c : 53
SCRIPT       : 18:11:37.093 [EXPANSION DEBUG]: ExpansionTraderLinda<8d92c150>::SetTraderObject ExpansionTraderObjectBase<b27d2e20> <1135.892822, 5.908773, 2436.856689>
SCRIPT       : 18:11:37.093 [EXPANSION DEBUG]: LoadMissionTradersFile trader ExpansionTraderLinda<8d92c150> fileName Consumables
SCRIPT       : 18:11:37 [ERROR] ExpansionTraderObjectBase<b28688d0>::LoadTraderHost - ERROR: Trader is not within a trader zone: ExpansionTraderKeiko<8d930160> <1130.731689, 5.951744, 2438.009277>
SCRIPT       : 	Error() DayZExpansion/Core/Scripts/1_Core/dayzexpansion_core\cf_log.c : 37
SCRIPT       : 	LoadTraderHost() DayZExpansion/Market/Scripts/4_World/dayzexpansion_market\creatures\traders\expansiontraderbase.c : 156
SCRIPT       : 	LoadTrader() DayZExpansion/Market/Scripts/4_World/dayzexpansion_market\creatures\traders\expansiontraderbase.c : 118
SCRIPT       : 	ExpansionTraderObjectBase() DayZExpansion/Market/Scripts/4_World/dayzexpansion_market\creatures\traders\expansiontraderbase.c : 92
SCRIPT       : 	LoadTrader() DayZExpansion/Market/Scripts/4_World/dayzexpansion_market\creatures\traders\expansiontraderbase.c : 60
SCRIPT       : 	LoadTradersFile() DayZExpansion/Core/Scripts/4_World/dayzexpansion_core\expansionworldobjectsmodule.c : 751
SCRIPT       : 	LoadMissionTradersFile() DayZExpansion/Core/Scripts/4_World/dayzexpansion_core\expansionworldobjectsmodule.c : 688
SCRIPT       : 	LoadMissionTraders() DayZExpansion/Core/Scripts/4_World/dayzexpansion_core\expansionworldobjectsmodule.c : 672
SCRIPT       : 	FindMissionFiles#1042282() DayZExpansion/Core/Scripts/4_World/dayzexpansion_core\expansionworldobjectsmodule.c : 193
SCRIPT       : 	OnMissionStart() DayZExpansion/Core/Scripts/4_World/dayzexpansion_core\expansionworldobjectsmodule.c : 69
SCRIPT       : 	OnMissionStart() DayZExpansion/Scripts/4_World/dayzexpansion\classes\systems\mapping\expansionworldobjectsmodule.c : 46
SCRIPT       : 	OnMissionStart() JM/CF/Scripts/1_Core/communityframework\module\cf_modulecoreevent.c : 41
SCRIPT       : 	OnMissionStart() JM/CF/Scripts/1_Core/communityframework\module\cf_modulecoremanager.c : 157
SCRIPT       : 	OnMissionStart() JM/CF/Scripts/5_Mission/communityframework\mission\missionserver.c : 37
SCRIPT       : 	OnMissionStart() JM/COT/Scripts/5_Mission/communityonlinetools\missionserver.c : 30
SCRIPT       : 	OnMissionStart() VPPAdminTools/5_Mission/vppadmintools\missionserver.c : 12
SCRIPT       : 	OnMissionStart() DayZExpansion/Core/Scripts/5_Mission/dayzexpansion_core\mission\missionserver.c : 53
SCRIPT       : 18:11:37.105 [EXPANSION DEBUG]: ExpansionTraderKeiko<8d930160>::SetTraderObject ExpansionTraderObjectBase<b28688d0> <1130.731689, 5.951744, 2438.009277>
SCRIPT       : 18:11:37.105 [EXPANSION DEBUG]: LoadMissionTradersFile trader ExpansionTraderKeiko<8d930160> fileName Medicals
SCRIPT       : 18:11:37 [ERROR] ExpansionTraderObjectBase<b29a1d70>::LoadTraderHost - ERROR: Trader is not within a trader zone: ExpansionTraderHelga<77c9b50> <1141.654419, 5.906255, 2421.591309>
SCRIPT       : 	Error() DayZExpansion/Core/Scripts/1_Core/dayzexpansion_core\cf_log.c : 37
SCRIPT       : 	LoadTraderHost() DayZExpansion/Market/Scripts/4_World/dayzexpansion_market\creatures\traders\expansiontraderbase.c : 156
SCRIPT       : 	LoadTrader() DayZExpansion/Market/Scripts/4_World/dayzexpansion_market\creatures\traders\expansiontraderbase.c : 118
SCRIPT       : 	ExpansionTraderObjectBase() DayZExpansion/Market/Scripts/4_World/dayzexpansion_market\creatures\traders\expansiontraderbase.c : 92
SCRIPT       : 	LoadTrader() DayZExpansion/Market/Scripts/4_World/dayzexpansion_market\creatures\traders\expansiontraderbase.c : 60
SCRIPT       : 	LoadTradersFile() DayZExpansion/Core/Scripts/4_World/dayzexpansion_core\expansionworldobjectsmodule.c : 751
SCRIPT       : 	LoadMissionTradersFile() DayZExpansion/Core/Scripts/4_World/dayzexpansion_core\expansionworldobjectsmodule.c : 688
SCRIPT       : 	LoadMissionTraders() DayZExpansion/Core/Scripts/4_World/dayzexpansion_core\expansionworldobjectsmodule.c : 672
SCRIPT       : 	FindMissionFiles#1042282() DayZExpansion/Core/Scripts/4_World/dayzexpansion_core\expansionworldobjectsmodule.c : 193
SCRIPT       : 	OnMissionStart() DayZExpansion/Core/Scripts/4_World/dayzexpansion_core\expansionworldobjectsmodule.c : 69
SCRIPT       : 	OnMissionStart() DayZExpansion/Scripts/4_World/dayzexpansion\classes\systems\mapping\expansionworldobjectsmodule.c : 46
SCRIPT       : 	OnMissionStart() JM/CF/Scripts/1_Core/communityframework\module\cf_modulecoreevent.c : 41
SCRIPT       : 	OnMissionStart() JM/CF/Scripts/1_Core/communityframework\module\cf_modulecoremanager.c : 157
SCRIPT       : 	OnMissionStart() JM/CF/Scripts/5_Mission/communityframework\mission\missionserver.c : 37
SCRIPT       : 	OnMissionStart() JM/COT/Scripts/5_Mission/communityonlinetools\missionserver.c : 30
SCRIPT       : 	OnMissionStart() VPPAdminTools/5_Mission/vppadmintools\missionserver.c : 12
SCRIPT       : 	OnMissionStart() DayZExpansion/Core/Scripts/5_Mission/dayzexpansion_core\mission\missionserver.c : 53
SCRIPT       : 18:11:37.148 [EXPANSION DEBUG]: ExpansionTraderHelga<77c9b50>::SetTraderObject ExpansionTraderObjectBase<b29a1d70> <1141.654419, 5.906255, 2421.591309>
SCRIPT       : 18:11:37.148 [EXPANSION DEBUG]: LoadMissionTradersFile trader ExpansionTraderHelga<77c9b50> fileName Special
SCRIPT       : 18:11:37 [ERROR] ExpansionTraderObjectBase<b2a259f0>::LoadTraderHost - ERROR: Trader is not within a trader zone: ExpansionTraderFrida<b2903060> <1120.135132, 5.600746, 2417.465820>
SCRIPT       : 	Error() DayZExpansion/Core/Scripts/1_Core/dayzexpansion_core\cf_log.c : 37
SCRIPT       : 	LoadTraderHost() DayZExpansion/Market/Scripts/4_World/dayzexpansion_market\creatures\traders\expansiontraderbase.c : 156
SCRIPT       : 	LoadTrader() DayZExpansion/Market/Scripts/4_World/dayzexpansion_market\creatures\traders\expansiontraderbase.c : 118
SCRIPT       : 	ExpansionTraderObjectBase() DayZExpansion/Market/Scripts/4_World/dayzexpansion_market\creatures\traders\expansiontraderbase.c : 92
SCRIPT       : 	LoadTrader() DayZExpansion/Market/Scripts/4_World/dayzexpansion_market\creatures\traders\expansiontraderbase.c : 60
SCRIPT       : 	LoadTradersFile() DayZExpansion/Core/Scripts/4_World/dayzexpansion_core\expansionworldobjectsmodule.c : 751
SCRIPT       : 	LoadMissionTradersFile() DayZExpansion/Core/Scripts/4_World/dayzexpansion_core\expansionworldobjectsmodule.c : 688
SCRIPT       : 	LoadMissionTraders() DayZExpansion/Core/Scripts/4_World/dayzexpansion_core\expansionworldobjectsmodule.c : 672
SCRIPT       : 	FindMissionFiles#1042282() DayZExpansion/Core/Scripts/4_World/dayzexpansion_core\expansionworldobjectsmodule.c : 193
SCRIPT       : 	OnMissionStart() DayZExpansion/Core/Scripts/4_World/dayzexpansion_core\expansionworldobjectsmodule.c : 69
SCRIPT       : 	OnMissionStart() DayZExpansion/Scripts/4_World/dayzexpansion\classes\systems\mapping\expansionworldobjectsmodule.c : 46
SCRIPT       : 	OnMissionStart() JM/CF/Scripts/1_Core/communityframework\module\cf_modulecoreevent.c : 41
SCRIPT       : 	OnMissionStart() JM/CF/Scripts/1_Core/communityframework\module\cf_modulecoremanager.c : 157
SCRIPT       : 	OnMissionStart() JM/CF/Scripts/5_Mission/communityframework\mission\missionserver.c : 37
SCRIPT       : 	OnMissionStart() JM/COT/Scripts/5_Mission/communityonlinetools\missionserver.c : 30
SCRIPT       : 	OnMissionStart() VPPAdminTools/5_Mission/vppadmintools\missionserver.c : 12
SCRIPT       : 	OnMissionStart() DayZExpansion/Core/Scripts/5_Mission/dayzexpansion_core\mission\missionserver.c : 53
SCRIPT       : 18:11:37.156 [EXPANSION DEBUG]: ExpansionTraderFrida<b2903060>::SetTraderObject ExpansionTraderObjectBase<b2a259f0> <1120.135132, 5.600746, 2417.465820>
SCRIPT       : 18:11:37.156 [EXPANSION DEBUG]: LoadMissionTradersFile trader ExpansionTraderFrida<b2903060> fileName Vehicles
SCRIPT       : 18:11:37 [ERROR] ExpansionTraderObjectBase<b2b1bf30>::LoadTraderHost - ERROR: Trader is not within a trader zone: ExpansionTraderHassan<b2907070> <1123.977905, 5.639271, 2417.411865>
SCRIPT       : 	Error() DayZExpansion/Core/Scripts/1_Core/dayzexpansion_core\cf_log.c : 37
SCRIPT       : 	LoadTraderHost() DayZExpansion/Market/Scripts/4_World/dayzexpansion_market\creatures\traders\expansiontraderbase.c : 156
SCRIPT       : 	LoadTrader() DayZExpansion/Market/Scripts/4_World/dayzexpansion_market\creatures\traders\expansiontraderbase.c : 118
SCRIPT       : 	ExpansionTraderObjectBase() DayZExpansion/Market/Scripts/4_World/dayzexpansion_market\creatures\traders\expansiontraderbase.c : 92
SCRIPT       : 	LoadTrader() DayZExpansion/Market/Scripts/4_World/dayzexpansion_market\creatures\traders\expansiontraderbase.c : 60
SCRIPT       : 	LoadTradersFile() DayZExpansion/Core/Scripts/4_World/dayzexpansion_core\expansionworldobjectsmodule.c : 751
SCRIPT       : 	LoadMissionTradersFile() DayZExpansion/Core/Scripts/4_World/dayzexpansion_core\expansionworldobjectsmodule.c : 688
SCRIPT       : 	LoadMissionTraders() DayZExpansion/Core/Scripts/4_World/dayzexpansion_core\expansionworldobjectsmodule.c : 672
SCRIPT       : 	FindMissionFiles#1042282() DayZExpansion/Core/Scripts/4_World/dayzexpansion_core\expansionworldobjectsmodule.c : 193
SCRIPT       : 	OnMissionStart() DayZExpansion/Core/Scripts/4_World/dayzexpansion_core\expansionworldobjectsmodule.c : 69
SCRIPT       : 	OnMissionStart() DayZExpansion/Scripts/4_World/dayzexpansion\classes\systems\mapping\expansionworldobjectsmodule.c : 46
SCRIPT       : 	OnMissionStart() JM/CF/Scripts/1_Core/communityframework\module\cf_modulecoreevent.c : 41
SCRIPT       : 	OnMissionStart() JM/CF/Scripts/1_Core/communityframework\module\cf_modulecoremanager.c : 157
SCRIPT       : 	OnMissionStart() JM/CF/Scripts/5_Mission/communityframework\mission\missionserver.c : 37
SCRIPT       : 	OnMissionStart() JM/COT/Scripts/5_Mission/communityonlinetools\missionserver.c : 30
SCRIPT       : 	OnMissionStart() VPPAdminTools/5_Mission/vppadmintools\missionserver.c : 12
SCRIPT       : 	OnMissionStart() DayZExpansion/Core/Scripts/5_Mission/dayzexpansion_core\mission\missionserver.c : 53
SCRIPT       : 18:11:37.187 [EXPANSION DEBUG]: ExpansionTraderHassan<b2907070>::SetTraderObject ExpansionTraderObjectBase<b2b1bf30> <1123.977905, 5.639271, 2417.411865>
SCRIPT       : 18:11:37.187 [EXPANSION DEBUG]: LoadMissionTradersFile trader ExpansionTraderHassan<b2907070> fileName Vehicle_Parts
SCRIPT       : 18:11:37 [ERROR] ExpansionTraderObjectBase<b2b20940>::LoadTraderHost - ERROR: Trader is not within a trader zone: ExpansionTraderDenis<b29170b0> <1156.719727, 6.513331, 2406.355225>
SCRIPT       : 	Error() DayZExpansion/Core/Scripts/1_Core/dayzexpansion_core\cf_log.c : 37
SCRIPT       : 	LoadTraderHost() DayZExpansion/Market/Scripts/4_World/dayzexpansion_market\creatures\traders\expansiontraderbase.c : 156
SCRIPT       : 	LoadTrader() DayZExpansion/Market/Scripts/4_World/dayzexpansion_market\creatures\traders\expansiontraderbase.c : 118
SCRIPT       : 	ExpansionTraderObjectBase() DayZExpansion/Market/Scripts/4_World/dayzexpansion_market\creatures\traders\expansiontraderbase.c : 92
SCRIPT       : 	LoadTrader() DayZExpansion/Market/Scripts/4_World/dayzexpansion_market\creatures\traders\expansiontraderbase.c : 60
SCRIPT       : 	LoadTradersFile() DayZExpansion/Core/Scripts/4_World/dayzexpansion_core\expansionworldobjectsmodule.c : 751
SCRIPT       : 	LoadMissionTradersFile() DayZExpansion/Core/Scripts/4_World/dayzexpansion_core\expansionworldobjectsmodule.c : 688
SCRIPT       : 	LoadMissionTraders() DayZExpansion/Core/Scripts/4_World/dayzexpansion_core\expansionworldobjectsmodule.c : 672
SCRIPT       : 	FindMissionFiles#1042282() DayZExpansion/Core/Scripts/4_World/dayzexpansion_core\expansionworldobjectsmodule.c : 193
SCRIPT       : 	OnMissionStart() DayZExpansion/Core/Scripts/4_World/dayzexpansion_core\expansionworldobjectsmodule.c : 69
SCRIPT       : 	OnMissionStart() DayZExpansion/Scripts/4_World/dayzexpansion\classes\systems\mapping\expansionworldobjectsmodule.c : 46
SCRIPT       : 	OnMissionStart() JM/CF/Scripts/1_Core/communityframework\module\cf_modulecoreevent.c : 41
SCRIPT       : 	OnMissionStart() JM/CF/Scripts/1_Core/communityframework\module\cf_modulecoremanager.c : 157
SCRIPT       : 	OnMissionStart() JM/CF/Scripts/5_Mission/communityframework\mission\missionserver.c : 37
SCRIPT       : 	OnMissionStart() JM/COT/Scripts/5_Mission/communityonlinetools\missionserver.c : 30
SCRIPT       : 	OnMissionStart() VPPAdminTools/5_Mission/vppadmintools\missionserver.c : 12
SCRIPT       : 	OnMissionStart() DayZExpansion/Core/Scripts/5_Mission/dayzexpansion_core\mission\missionserver.c : 53
SCRIPT       : 18:11:37.191 [EXPANSION DEBUG]: ExpansionTraderDenis<b29170b0>::SetTraderObject ExpansionTraderObjectBase<b2b20940> <1156.719727, 6.513331, 2406.355225>
SCRIPT       : 18:11:37.191 [EXPANSION DEBUG]: LoadMissionTradersFile trader ExpansionTraderDenis<b29170b0> fileName Weapons
SCRIPT       : 18:11:37 [ERROR] ExpansionTraderObjectBase<b4af5230>::LoadTraderHost - ERROR: Trader is not within a trader zone: ExpansionTraderGabi<b290f090> <1135.689941, 5.900000, 2423.300049>
SCRIPT       : 	Error() DayZExpansion/Core/Scripts/1_Core/dayzexpansion_core\cf_log.c : 37
SCRIPT       : 	LoadTraderHost() DayZExpansion/Market/Scripts/4_World/dayzexpansion_market\creatures\traders\expansiontraderbase.c : 156
SCRIPT       : 	LoadTrader() DayZExpansion/Market/Scripts/4_World/dayzexpansion_market\creatures\traders\expansiontraderbase.c : 118
SCRIPT       : 	ExpansionTraderObjectBase() DayZExpansion/Market/Scripts/4_World/dayzexpansion_market\creatures\traders\expansiontraderbase.c : 92
SCRIPT       : 	LoadTrader() DayZExpansion/Market/Scripts/4_World/dayzexpansion_market\creatures\traders\expansiontraderbase.c : 60
SCRIPT       : 	LoadTradersFile() DayZExpansion/Core/Scripts/4_World/dayzexpansion_core\expansionworldobjectsmodule.c : 751
SCRIPT       : 	LoadMissionTradersFile() DayZExpansion/Core/Scripts/4_World/dayzexpansion_core\expansionworldobjectsmodule.c : 688
SCRIPT       : 	LoadMissionTraders() DayZExpansion/Core/Scripts/4_World/dayzexpansion_core\expansionworldobjectsmodule.c : 672
SCRIPT       : 	FindMissionFiles#1042282() DayZExpansion/Core/Scripts/4_World/dayzexpansion_core\expansionworldobjectsmodule.c : 193
SCRIPT       : 	OnMissionStart() DayZExpansion/Core/Scripts/4_World/dayzexpansion_core\expansionworldobjectsmodule.c : 69
SCRIPT       : 	OnMissionStart() DayZExpansion/Scripts/4_World/dayzexpansion\classes\systems\mapping\expansionworldobjectsmodule.c : 46
SCRIPT       : 	OnMissionStart() JM/CF/Scripts/1_Core/communityframework\module\cf_modulecoreevent.c : 41
SCRIPT       : 	OnMissionStart() JM/CF/Scripts/1_Core/communityframework\module\cf_modulecoremanager.c : 157
SCRIPT       : 	OnMissionStart() JM/CF/Scripts/5_Mission/communityframework\mission\missionserver.c : 37
SCRIPT       : 	OnMissionStart() JM/COT/Scripts/5_Mission/communityonlinetools\missionserver.c : 30
SCRIPT       : 	OnMissionStart() VPPAdminTools/5_Mission/vppadmintools\missionserver.c : 12
SCRIPT       : 	OnMissionStart() DayZExpansion/Core/Scripts/5_Mission/dayzexpansion_core\mission\missionserver.c : 53
SCRIPT       : 18:11:37.199 [EXPANSION DEBUG]: ExpansionTraderGabi<b290f090>::SetTraderObject ExpansionTraderObjectBase<b4af5230> <1135.689941, 5.900000, 2423.300049>
SCRIPT       : 18:11:37.199 [EXPANSION DEBUG]: LoadMissionTradersFile trader ExpansionTraderGabi<b290f090> fileName BuildingSupplies
SCRIPT       : 18:11:37.210 [EXPANSION DEBUG]: ExpansionTraderFrancis<b29130a0>::SetTraderObject ExpansionTraderObjectBase<b4af91f0> <11835.901367, 140.617874, 12474.744141>
SCRIPT       : 18:11:37.210 [EXPANSION DEBUG]: LoadMissionTradersFile trader ExpansionTraderFrancis<b29130a0> fileName Attachments
SCRIPT       : 18:11:37.214 [EXPANSION DEBUG]: ExpansionTraderLinda<b29230e0>::SetTraderObject ExpansionTraderObjectBase<b4afe830> <11856.716797, 140.565109, 12461.438477>
SCRIPT       : 18:11:37.214 [EXPANSION DEBUG]: LoadMissionTradersFile trader ExpansionTraderLinda<b29230e0> fileName Consumables
SCRIPT       : 18:11:37.218 [EXPANSION DEBUG]: ExpansionTraderCyril<b29270f0>::SetTraderObject ExpansionTraderObjectBase<d1bb0040> <11855.000000, 140.605103, 12466.099609>
SCRIPT       : 18:11:37.218 [EXPANSION DEBUG]: LoadMissionTradersFile trader ExpansionTraderCyril<b29270f0> fileName Clothing
SCRIPT       : 18:11:37.222 [EXPANSION DEBUG]: ExpansionTraderGuo<b290b080>::SetTraderObject ExpansionTraderObjectBase<d1bb4b90> <11855.200195, 140.605103, 12470.487305>
SCRIPT       : 18:11:37.222 [EXPANSION DEBUG]: LoadMissionTradersFile trader ExpansionTraderGuo<b290b080> fileName Clothing_Accessories
SCRIPT       : 18:11:37.226 [EXPANSION DEBUG]: ExpansionTraderKaito<b292b100>::SetTraderObject ExpansionTraderObjectBase<d1bba720> <11849.400391, 140.605087, 12466.200195>
SCRIPT       : 18:11:37.226 [EXPANSION DEBUG]: LoadMissionTradersFile trader ExpansionTraderKaito<b292b100> fileName Components
SCRIPT       : 18:11:37.226 [EXPANSION DEBUG]: ExpansionTraderBoris<b292f110>::SetTraderObject ExpansionTraderObjectBase<d1bc03a0> <11858.202148, 140.615112, 12463.234375>
SCRIPT       : 18:11:37.226 [EXPANSION DEBUG]: LoadMissionTradersFile trader ExpansionTraderBoris<b292f110> fileName Exchange
SCRIPT       : 18:11:37.230 [EXPANSION DEBUG]: ExpansionTraderKeiko<b291b0c0>::SetTraderObject ExpansionTraderObjectBase<d1bc4db0> <11853.218750, 140.605087, 12463.277344>
SCRIPT       : 18:11:37.230 [EXPANSION DEBUG]: LoadMissionTradersFile trader ExpansionTraderKeiko<b291b0c0> fileName Medicals
SCRIPT       : 18:11:37.234 [EXPANSION DEBUG]: ExpansionTraderGabi<b2933120>::SetTraderObject ExpansionTraderObjectBase<d1bcb610> <11833.200195, 140.605118, 12461.700195>
SCRIPT       : 18:11:37.234 [EXPANSION DEBUG]: LoadMissionTradersFile trader ExpansionTraderGabi<b2933120> fileName Special
SCRIPT       : 18:11:37.257 [EXPANSION DEBUG]: ExpansionTraderElias<b2937130>::SetTraderObject ExpansionTraderObjectBase<b4d4e6e0> <11877.799805, 140.134796, 12441.599609>
SCRIPT       : 18:11:37.257 [EXPANSION DEBUG]: LoadMissionTradersFile trader ExpansionTraderElias<b2937130> fileName Vehicles
SCRIPT       : 18:11:37.257 [EXPANSION DEBUG]: ExpansionTraderHassan<b291f0d0>::SetTraderObject ExpansionTraderObjectBase<b4e31a70> <11878.674805, 140.134796, 12424.302734>
SCRIPT       : 18:11:37.257 [EXPANSION DEBUG]: LoadMissionTradersFile trader ExpansionTraderHassan<b291f0d0> fileName Vehicle_Parts
SCRIPT       : 18:11:37.261 [EXPANSION DEBUG]: ExpansionTraderDenis<b293b140>::SetTraderObject ExpansionTraderObjectBase<b4e36700> <11833.576172, 140.605072, 12469.492188>
SCRIPT       : 18:11:37.261 [EXPANSION DEBUG]: LoadMissionTradersFile trader ExpansionTraderDenis<b293b140> fileName Weapons
SCRIPT       : 18:11:37.265 [EXPANSION DEBUG]: ExpansionTraderLinda<b293f150>::SetTraderObject ExpansionTraderObjectBase<b4e3b070> <11852.194336, 140.660980, 12472.387695>
SCRIPT       : 18:11:37.265 [EXPANSION DEBUG]: LoadMissionTradersFile trader ExpansionTraderLinda<b293f150> fileName BuildingSupplies
SCRIPT       : 18:11:37.285 [EXPANSION DEBUG]: ExpansionTraderManua<b4fac080>::SetTraderObject ExpansionTraderObjectBase<b4f37350> <11879.722656, 140.094788, 12435.959961>
SCRIPT       : 18:11:37.285 [EXPANSION DEBUG]: LoadMissionTradersFile trader ExpansionTraderManua<b4fac080> fileName Spraycans
SCRIPT       : 18:11:37.296 [EXPANSION DEBUG]: ExpansionTraderIrena<b4fb0090>::SetTraderObject ExpansionTraderObjectBase<b5123a50> <12160.279297, 140.580765, 12689.783203>
SCRIPT       : 18:11:37.296 [EXPANSION DEBUG]: LoadMissionTradersFile trader ExpansionTraderIrena<b4fb0090> fileName Aircraft
SCRIPT       : [ExpansionQuestPersistentServerData] Load existing configuration file:$profile:ExpansionMod\Quests\PersistentServerData.json
SCRIPT       : [ExpansionQuestPersistentServerData] Load existing configuration file:$profile:ExpansionMod\Quests\PersistentServerData.json
SCRIPT       : [ExpansionQuestObjectiveTravelConfig] Load existing configuration file:$profile:ExpansionMod\Quests\Objectives\Travel\Objective_T_1.json
SCRIPT       : [ExpansionQuestObjectiveTravelConfig] Load existing configuration file:$profile:ExpansionMod\Quests\Objectives\Travel\Objective_T_2.json
SCRIPT       : [ExpansionQuestObjectiveTravelConfig] Load existing configuration file:$profile:ExpansionMod\Quests\Objectives\Travel\Objective_T_3.json
SCRIPT       : [ExpansionQuestObjectiveTravelConfig] Load existing configuration file:$profile:ExpansionMod\Quests\Objectives\Travel\Objective_T_4.json
SCRIPT       : [ExpansionQuestObjectiveTargetConfig] Load existing configuration file:$profile:ExpansionMod\Quests\Objectives\Target\Objective_TA_1.json
SCRIPT       : [ExpansionQuestObjectiveTargetConfig] Load existing configuration file:$profile:ExpansionMod\Quests\Objectives\Target\Objective_TA_2.json
SCRIPT       : [ExpansionQuestObjectiveTargetConfig] Load existing configuration file:$profile:ExpansionMod\Quests\Objectives\Target\Objective_TA_3.json
SCRIPT       : [ExpansionQuestObjectiveTargetConfig] Load existing configuration file:$profile:ExpansionMod\Quests\Objectives\Target\Objective_TA_4.json
SCRIPT       : [ExpansionQuestObjectiveDeliveryConfig] Load existing configuration file:$profile:ExpansionMod\Quests\Objectives\Delivery\Objective_D_1.json
SCRIPT       : [ExpansionQuestObjectiveDeliveryConfig] Load existing configuration file:$profile:ExpansionMod\Quests\Objectives\Delivery\Objective_D_2.json
SCRIPT       : [ExpansionQuestObjectiveCollectionConfig] Load existing configuration file:$profile:ExpansionMod\Quests\Objectives\Collection\Objective_C_1.json
SCRIPT       : [ExpansionQuestObjectiveCollectionConfig] Load existing configuration file:$profile:ExpansionMod\Quests\Objectives\Collection\Objective_C_2.json
SCRIPT       : [ExpansionQuestObjectiveCollectionConfig] Load existing configuration file:$profile:ExpansionMod\Quests\Objectives\Collection\Objective_C_3.json
SCRIPT       : [ExpansionQuestObjectiveTreasureHuntConfig] Load existing configuration file:$profile:ExpansionMod\Quests\Objectives\TreasureHunt\Objective_TH_1.json
SCRIPT       : [ExpansionQuestObjectiveActionConfig] Load existing configuration file:$profile:ExpansionMod\Quests\Objectives\Action\Objective_A_1.json
SCRIPT       : [ExpansionQuestObjectiveActionConfig] Load existing configuration file:$profile:ExpansionMod\Quests\Objectives\Action\Objective_A_2.json
SCRIPT       : [ExpansionQuestObjectiveCraftingConfig] Load existing configuration file:$profile:ExpansionMod\Quests\Objectives\Crafting\Objective_CR_1.json
SCRIPT       : [ExpansionQuestObjectiveAIPatrolConfig] Load existing configuration file:$profile:ExpansionMod\Quests\Objectives\AIPatrol\Objective_AIP_1.json
SCRIPT       : [ExpansionQuestObjectiveAICampConfig] Load existing configuration file:$profile:ExpansionMod\Quests\Objectives\AICamp\Objective_AIC_1.json
SCRIPT       : [ExpansionQuestObjectiveAIEscortConfig] Load existing configuration file:$profile:ExpansionMod\Quests\Objectives\AIVIP\Objective_AIESCORT_1.json
SCRIPT       : [ExpansionQuestNPCData] Load existing configuration file:QuestNPC_1.json
SCRIPT       : [ExpansionQuestNPCData] Load existing configuration file:QuestNPC_2.json
SCRIPT       : [ExpansionQuestNPCData] Load existing configuration file:QuestNPC_3.json
SCRIPT       : [MissionServer] OnMissionStart - Server
SCRIPT       : string dirtyName = 'BronyFurryDayZServer'
SCRIPT       : 18:12:05.339 [EXPANSION DEBUG]: ExpansionP2PTraderAIIrena<f8bfe010>::SetP2PTraderID - ID: 1
SCRIPT       : ExpansionZonePolygon<77694ec0> position=<12015.854492, 0.000000, 12591.097656> radius=419.633
SCRIPT       : ExpansionZoneCircle<26170a80> position=<1143.140015, 0.000000, 2423.270020> radius=350
SCRIPT       : ExpansionZoneCircle<2618c860> position=<3728.270020, 0.000000, 6003.600098> radius=250
SCRIPT       : Found 3 zones!
SCRIPT       : ExpansionMarketItem marketItem = ExpansionMarketItem<c0782500>
SCRIPT       : int worth =   1
SCRIPT       : 18:12:05.480 [EXPANSION DEBUG]: ExpansionQuestNPCAIDenis<2753e010>::OnEnterSafeZone
SCRIPT       : bool m_Expansion_LeavingSafeZone = 0
SCRIPT       : bool m_Expansion_IsInSafeZone = 0
SCRIPT       : bool m_Expansion_IsInSafeZoneSynchRemote = 0
SCRIPT       : 18:12:05.480 [EXPANSION DEBUG]: ExpansionP2PTraderAIIrena<f8bfe010>::OnEnterSafeZone
SCRIPT       : bool m_Expansion_LeavingSafeZone = 0
SCRIPT       : bool m_Expansion_IsInSafeZone = 0
SCRIPT       : bool m_Expansion_IsInSafeZoneSynchRemote = 0
SCRIPT       : [emote] ExpansionP2PTraderAIIrena:043 play emote id=46 IH=null
SCRIPT       : 18:12:06.875 [EXPANSION DEBUG]: ExpansionItemSpawnHelper::Clone - created FAL:028415 at location { type=HANDS item=FAL:028380 parent=ExpansionQuestNPCAIDenis:044 }
SCRIPT       : 18:12:06.875 [EXPANSION DEBUG]: ExpansionItemSpawnHelper::Clone - created Fal_OeBttstck:028416 at location { type=ATTACHMENT item=null parent=FAL:028415 slot=weaponButtstockFal }
SCRIPT       : 18:12:06.875 [EXPANSION DEBUG]: ExpansionItemSpawnHelper::Clone - created Mag_FAL_20Rnd:028417 at location { type=ATTACHMENT item=null parent=FAL:028415 slot=magazine }
SCRIPT       : 18:12:06.878 [EXPANSION DEBUG]: ExpansionItemSpawnHelper::Clone - created ReflexOptic:028418 at location { type=ATTACHMENT item=null parent=FAL:028415 slot=weaponOptics }
SCRIPT       : 18:12:06.878 [EXPANSION DEBUG]: ExpansionItemSpawnHelper::Clone - created Battery9V:028419 at location { type=ATTACHMENT item=null parent=ReflexOptic:028418 slot=BatteryD }
SCRIPT       : [emote] ExpansionQuestNPCAIDenis:044 play emote id=46 IH=FAL:028415
SCRIPT       : m_LoginTimeMs: 16200
SCRIPT       : 18:12:08.023 [EXPANSION DEBUG]: ExpansionItemSpawnHelper::Clone - created M4A1:028381 at location { type=HANDS item=M4A1:028400 parent=ExpansionQuestNPCAIElias:045 }
SCRIPT       : 18:12:08.023 [EXPANSION DEBUG]: ExpansionItemSpawnHelper::Clone - created M4_CarryHandleOptic:028380 at location { type=ATTACHMENT item=null parent=M4A1:028381 slot=weaponOptics }
SCRIPT       : 18:12:08.023 [EXPANSION DEBUG]: ExpansionItemSpawnHelper::Clone - created M4_RISHndgrd:028383 at location { type=ATTACHMENT item=null parent=M4A1:028381 slot=weaponHandguardM4 }
SCRIPT       : 18:12:08.023 [EXPANSION DEBUG]: ExpansionItemSpawnHelper::Clone - created M4_OEBttstck:028384 at location { type=ATTACHMENT item=null parent=M4A1:028381 slot=weaponButtstockM4 }
SCRIPT       : [emote] ExpansionQuestNPCAIElias:045 play emote id=14 IH=M4A1:028381
SCRIPT       : WinterChernarus::Weather::Initialize::CozyRussianSnow
SCRIPT       : WinterChernarus::Weather::Overcast:: ( 18.3509 )  overcast: 0.696349
SCRIPT       : WinterChernarus::Weather::Overcast::Rain:: ( 18.3509 ) 0.0804491
SCRIPT       : WinterChernarus::Weather::Fog:: ( 18.3509 ) 0.475317
SCRIPT       : WinterChernarus::Weather::Rain:: ( 18.451 ) 0.160823
SCRIPT       : DZSM ~ DayZServerManagerWatcher() - INIT
SCRIPT       : DZSM ~ Loading API Config
SCRIPT       : DZSM ~ DayZServerManagerWatcher() - INIT DONE
SCRIPT       : DZSM ~ TICK
SCRIPT       : DZSM ~ Cleanup
SCRIPT       : DZSM ~ Cleanup Done
SCRIPT       : [VPPAT] Player "[BF] DarkShy" (steamId=76561198968682215) connected to server!
SCRIPT       : 18:14:57.296 [EXPANSION DEBUG]: ExpansionQuestModule<6d357d80> Sending 21 quest configs to client with UID: RVJ1H88k-w8xK_gEGt4pemgxqvOZr3y4mNYvAFYBiJ4=
SCRIPT       : 18:14:57.296 [EXPANSION DEBUG]: ExpansionQuestModule<6d357d80> Sending player quest data for 4 quests to player with UID: RVJ1H88k-w8xK_gEGt4pemgxqvOZr3y4mNYvAFYBiJ4=
SCRIPT       : 18:14:57.781 [EXPANSION DEBUG]: ExpansionQuestModule<6d357d80> Quest configs already synched for player with UID: RVJ1H88k-w8xK_gEGt4pemgxqvOZr3y4mNYvAFYBiJ4=
SCRIPT       : 18:14:57.781 [EXPANSION DEBUG]: ExpansionQuestModule<6d357d80> Sending player quest data for quest ID 14 to player with UID: RVJ1H88k-w8xK_gEGt4pemgxqvOZr3y4mNYvAFYBiJ4=
SCRIPT       : DZSM ~ TICK
SCRIPT       : DZSM ~ Cleanup
SCRIPT       : DZSM ~ Cleanup Done
SCRIPT       : DZSM ~ TICK
SCRIPT       : DZSM ~ Cleanup
SCRIPT       : DZSM ~ Cleanup Done
SCRIPT       : WinterChernarus::Weather::Rain:: ( 18.9342 ) 0.101654
SCRIPT       : DZSM ~ TICK
SCRIPT       : DZSM ~ Cleanup
SCRIPT       : DZSM ~ Cleanup Done
SCRIPT       : DZSM ~ TICK
SCRIPT       : DZSM ~ Cleanup
SCRIPT       : DZSM ~ Cleanup Done
SCRIPT       : 18:17:04.687 [EXTRACE] +ExpansionKillFeedModule<1f048b50>::OnPlayerKilled SurvivorBase<4dc2f020> SurvivorBase<4dc2f020>
SCRIPT       : 18:17:04.687 [EXTRACE] -ExpansionKillFeedModule<1f048b50>::OnPlayerKilled SurvivorBase<4dc2f020> SurvivorBase<4dc2f020> 0.3487 ms
SCRIPT       : DZSM ~ TICK
SCRIPT       : DZSM ~ Cleanup
SCRIPT       : DZSM ~ Cleanup Done
SCRIPT       : 18:17:20.023 [EXPANSION DEBUG]: ExpansionQuestModule<6d357d80> Quest configs already synched for player with UID: RVJ1H88k-w8xK_gEGt4pemgxqvOZr3y4mNYvAFYBiJ4=
SCRIPT       : 18:17:20.023 [EXPANSION DEBUG]: ExpansionQuestModule<6d357d80> Sending player quest data for 4 quests to player with UID: RVJ1H88k-w8xK_gEGt4pemgxqvOZr3y4mNYvAFYBiJ4=
SCRIPT       : WinterChernarus::Weather::Rain:: ( 19.231 ) 0.432505
SCRIPT       : DZSM ~ TICK
SCRIPT       : DZSM ~ Cleanup
SCRIPT       : DZSM ~ Cleanup Done
SCRIPT       : DZSM ~ TICK
SCRIPT       : DZSM ~ Cleanup
SCRIPT       : DZSM ~ Cleanup Done
SCRIPT       : DZSM ~ TICK
SCRIPT       : DZSM ~ Cleanup
SCRIPT       : DZSM ~ Cleanup Done
SCRIPT       : DZSM ~ TICK
SCRIPT       : DZSM ~ Cleanup
SCRIPT       : DZSM ~ Cleanup Done
SCRIPT       : DZSM ~ TICK
SCRIPT       : DZSM ~ Cleanup
SCRIPT       : DZSM ~ Cleanup Done
SCRIPT       : WinterChernarus::Weather::Rain:: ( 19.6777 ) 0.20054
SCRIPT       : DZSM ~ TICK
SCRIPT       : DZSM ~ Cleanup
SCRIPT       : DZSM ~ Cleanup Done
SCRIPT       : DZSM ~ TICK
SCRIPT       : DZSM ~ Cleanup
SCRIPT       : DZSM ~ Cleanup Done
SCRIPT       : DZSM ~ TICK
SCRIPT       : DZSM ~ Cleanup
SCRIPT       : DZSM ~ Cleanup Done
SCRIPT       : [Logout]: New player RVJ1H88k-w8xK_gEGt4pemgxqvOZr3y4mNYvAFYBiJ4= with logout time 0
SCRIPT       : Player "[BF] DarkShy" (steamid=76561198968682215) initiated disconnect process...
SCRIPT       : 18:21:34.148 [EXPANSION DEBUG]: ExpansionQuestPersistentData<50b92e20> ~ExpansionQuestPersistentData (4)
SCRIPT       : [Logout]: Player RVJ1H88k-w8xK_gEGt4pemgxqvOZr3y4mNYvAFYBiJ4= finished
SCRIPT       : Player "[BF] DarkShy" (steamid=76561198968682215) disconnected from server.
SCRIPT       : HandleOnPlayerDisconnected -> PlayerListManager.RemoveEntry  RVJ1H88k-w8xK_gEGt4pemgxqvOZr3y4mNYvAFYBiJ4=
SCRIPT       : Clear up static fireplaces: 0
SCRIPT       : 18:21:36.375 [EXPANSION DEBUG]: Clearing cached categories 82
SCRIPT       : 18:21:36.375 [EXPANSION DEBUG]: Clearing cached traders 17
SCRIPT       : [MissionServer] OnMissionFinish - Server
SCRIPT       : 18:21:36.390 [EXPANSION DEBUG]: ExpansionQuestPersistentData<50b91d90> ~ExpansionQuestPersistentData (0)
SCRIPT       : ~DayZGame()
