17:09:37 BattlEye server updated to version: 219
17:09:37 BattlEye Server: Initialized (v1.219, DayZ 1.23.156951)
17:09:44 SUCCESS: SteamGameServer_Init(0,8766,2302,2305,3,1.23.156951)
17:09:44 BattlEye Server: Config entry: RConPassword DarkShyMW123Shy
17:09:44 BattlEye Server: Config entry: RestrictRCon 0
17:09:44 BattlEye Server: Config entry: RConPort 2306
17:09:44 Роли назначены.
17:09:44 Чтение задания...
17:10:07 [CE][Hive] :: Initializing OFFLINE
17:10:07 [StorageDirs] :: Selected storage directory: D:\dayz\DayZServer\mpmissions\dayzOffline.chernarusplus\storage_1\
17:10:07 [CE][Hive] :: Loading core data ... 
17:10:07 [CE][CoreData] :: 7 root classes, 18 defaults, 0 updaters...
17:10:08 [CE][offlineDB] :: Conversion of characters started.
17:10:08 [CE][offlineDB] :: Processing 0 players.
17:10:08 [CE][offlineDB] :: Conversion of characters successfully completed.
17:10:25 [CE][TypeSetup] :: 525 classes setuped...
17:10:28 [CE][RegisterBind] :: 0 classes binded...
17:10:28 [CE][RegisterConfig] :: 18157 config classes registered, 0 sub-counters...
17:10:28 [CE][Hive] :: Loading map data ... 
17:10:28 [CE][IgnoreList] "cfgignorelist.xml" :: loaded 19 types
17:10:28 [CE][LoadPrototype] :: loaded 426 prototypes
17:10:28   822 containers, 10869 points
17:10:28   71 dispatches, 250 proxies
17:10:28 !!! [CE][LoadPrototype] 5 groups have no points...
17:10:28 [CE][LoadPrototype] :: last group name: StaticObj_Misc_SupplyBox3_DE...
17:10:28 [CE][LoadPrototype] :: loaded 0 prototypes
17:10:28   55 containers, 232 points
17:10:28   0 dispatches, 0 proxies
17:10:28 [CE][LoadPrototype] :: last group name: Rail9...
17:10:29 [CE][LoadMap] "Group" :: loaded 11680 groups, groups failed: 0, largest group range: 34.2
17:10:29 [CE][LoadMap] "Dirt" :: loaded 0 groups, groups failed: 0, largest group range: 34.2
17:10:30 [CE][LoadClusters] "Cluster" :: Loading files...
17:10:30 [CE][LoadClusters] :: file: "mapgroupcluster.xml", 9 types, 50000 instances
17:10:30 [CE][LoadClusters] :: file: "mapgroupcluster01", 9 types, 50000 instances
17:10:30 [CE][LoadClusters] :: file: "mapgroupcluster02", 9 types, 50000 instances
17:10:30 [CE][LoadClusters] :: file: "mapgroupcluster03", 9 types, 50000 instances
17:10:31 [CE][LoadClusters] :: file: "mapgroupcluster04", 9 types, 17347 instances
17:10:31 [CE][Storage] ver:0 stamp:0, valid:NO, name:"D:\dayz\DayZServer\mpmissions\dayzOffline.chernarusplus\storage_1\data\types.bin"
17:10:31 [CE][Storage] ver:0 stamp:0, valid:NO, name:"D:\dayz\DayZServer\mpmissions\dayzOffline.chernarusplus\storage_1\data\types.001"
17:10:31 [CE][Storage] ver:0 stamp:0, valid:NO, name:"D:\dayz\DayZServer\mpmissions\dayzOffline.chernarusplus\storage_1\data\types.002"
17:10:31 !!! [CE][offlineDB] :: No Shutdown message present.
17:10:31 [CE][offlineDB] :: Loaded 48 dynamic events 228 total types.
17:10:31 !!! [CE][offlineDB] :: Type 'ChristmasTree' will be ignored. (Not spawnable. (Scope is not public?))
17:10:31 !!! [CE][offlineDB] :: Type 'WitchHood_Chainmail_Black' will be ignored. (Type does not exist. (Typo?))
17:10:31 !!! [CE][offlineDB] :: Type 'WitchHood_Chainmail_Brown' will be ignored. (Type does not exist. (Typo?))
17:10:31 !!! [CE][offlineDB] :: Type 'WitchHood_Chainmail_Red' will be ignored. (Type does not exist. (Typo?))
17:10:31 !!! [CE][DE][SPAWNS] :: [WARNING] :: Skipping entry for non-existing event 'VehicleTransitBus'.
17:10:31 [CE][DE][SPAWNS] :: Total positions: 966
17:10:31 [CE][DE][GROUPS] :: Total eventgroups defined: 83, Eventgroups in use: 83
17:10:31 [CE][Storage] ver:0 stamp:0, valid:NO, name:"D:\dayz\DayZServer\mpmissions\dayzOffline.chernarusplus\storage_1\data\events.bin"
17:10:31 [CE][Storage] ver:0 stamp:0, valid:NO, name:"D:\dayz\DayZServer\mpmissions\dayzOffline.chernarusplus\storage_1\data\events.001"
17:10:31 [CE][Storage] ver:0 stamp:0, valid:NO, name:"D:\dayz\DayZServer\mpmissions\dayzOffline.chernarusplus\storage_1\data\events.002"
17:10:31 [CE][Storage] ver:0 stamp:0, valid:NO, name:"D:\dayz\DayZServer\mpmissions\dayzOffline.chernarusplus\storage_1\data\dynamic_000.bin"
17:10:31 [CE][Storage] ver:0 stamp:0, valid:NO, name:"D:\dayz\DayZServer\mpmissions\dayzOffline.chernarusplus\storage_1\data\dynamic_000.001"
17:10:31 [CE][Storage] ver:0 stamp:0, valid:NO, name:"D:\dayz\DayZServer\mpmissions\dayzOffline.chernarusplus\storage_1\data\dynamic_000.002"
17:10:31 [CE][Storage] ver:0 stamp:0, valid:NO, name:"D:\dayz\DayZServer\mpmissions\dayzOffline.chernarusplus\storage_1\data\dynamic_001.bin"
17:10:31 [CE][Storage] ver:0 stamp:0, valid:NO, name:"D:\dayz\DayZServer\mpmissions\dayzOffline.chernarusplus\storage_1\data\dynamic_001.001"
17:10:31 [CE][Storage] ver:0 stamp:0, valid:NO, name:"D:\dayz\DayZServer\mpmissions\dayzOffline.chernarusplus\storage_1\data\dynamic_001.002"
17:10:31 [CE][Storage] ver:0 stamp:0, valid:NO, name:"D:\dayz\DayZServer\mpmissions\dayzOffline.chernarusplus\storage_1\data\dynamic_002.bin"
17:10:31 [CE][Storage] ver:0 stamp:0, valid:NO, name:"D:\dayz\DayZServer\mpmissions\dayzOffline.chernarusplus\storage_1\data\dynamic_002.001"
17:10:31 [CE][Storage] ver:0 stamp:0, valid:NO, name:"D:\dayz\DayZServer\mpmissions\dayzOffline.chernarusplus\storage_1\data\dynamic_002.002"
17:10:31 [CE][Storage] ver:0 stamp:0, valid:NO, name:"D:\dayz\DayZServer\mpmissions\dayzOffline.chernarusplus\storage_1\data\dynamic_003.bin"
17:10:31 [CE][Storage] ver:0 stamp:0, valid:NO, name:"D:\dayz\DayZServer\mpmissions\dayzOffline.chernarusplus\storage_1\data\dynamic_003.001"
17:10:31 [CE][Storage] ver:0 stamp:0, valid:NO, name:"D:\dayz\DayZServer\mpmissions\dayzOffline.chernarusplus\storage_1\data\dynamic_003.002"
17:10:31 [CE][Storage] ver:0 stamp:0, valid:NO, name:"D:\dayz\DayZServer\mpmissions\dayzOffline.chernarusplus\storage_1\data\dynamic_004.bin"
17:10:31 [CE][Storage] ver:0 stamp:0, valid:NO, name:"D:\dayz\DayZServer\mpmissions\dayzOffline.chernarusplus\storage_1\data\dynamic_004.001"
17:10:31 [CE][Storage] ver:0 stamp:0, valid:NO, name:"D:\dayz\DayZServer\mpmissions\dayzOffline.chernarusplus\storage_1\data\dynamic_004.002"
17:10:31 [CE][Storage] ver:0 stamp:0, valid:NO, name:"D:\dayz\DayZServer\mpmissions\dayzOffline.chernarusplus\storage_1\data\dynamic_005.bin"
17:10:31 [CE][Storage] ver:0 stamp:0, valid:NO, name:"D:\dayz\DayZServer\mpmissions\dayzOffline.chernarusplus\storage_1\data\dynamic_005.001"
17:10:31 [CE][Storage] ver:0 stamp:0, valid:NO, name:"D:\dayz\DayZServer\mpmissions\dayzOffline.chernarusplus\storage_1\data\dynamic_005.002"
17:10:31 [CE][Storage] ver:0 stamp:0, valid:NO, name:"D:\dayz\DayZServer\mpmissions\dayzOffline.chernarusplus\storage_1\data\dynamic_006.bin"
17:10:31 [CE][Storage] ver:0 stamp:0, valid:NO, name:"D:\dayz\DayZServer\mpmissions\dayzOffline.chernarusplus\storage_1\data\dynamic_006.001"
17:10:31 [CE][Storage] ver:0 stamp:0, valid:NO, name:"D:\dayz\DayZServer\mpmissions\dayzOffline.chernarusplus\storage_1\data\dynamic_006.002"
17:10:31 [CE][Storage] ver:0 stamp:0, valid:NO, name:"D:\dayz\DayZServer\mpmissions\dayzOffline.chernarusplus\storage_1\data\dynamic_007.bin"
17:10:31 [CE][Storage] ver:0 stamp:0, valid:NO, name:"D:\dayz\DayZServer\mpmissions\dayzOffline.chernarusplus\storage_1\data\dynamic_007.001"
17:10:31 [CE][Storage] ver:0 stamp:0, valid:NO, name:"D:\dayz\DayZServer\mpmissions\dayzOffline.chernarusplus\storage_1\data\dynamic_007.002"
17:10:31 [CE][Storage] ver:0 stamp:0, valid:NO, name:"D:\dayz\DayZServer\mpmissions\dayzOffline.chernarusplus\storage_1\data\dynamic_008.bin"
17:10:31 [CE][Storage] ver:0 stamp:0, valid:NO, name:"D:\dayz\DayZServer\mpmissions\dayzOffline.chernarusplus\storage_1\data\dynamic_008.001"
17:10:31 [CE][Storage] ver:0 stamp:0, valid:NO, name:"D:\dayz\DayZServer\mpmissions\dayzOffline.chernarusplus\storage_1\data\dynamic_008.002"
17:10:31 [CE][Storage] ver:0 stamp:0, valid:NO, name:"D:\dayz\DayZServer\mpmissions\dayzOffline.chernarusplus\storage_1\data\dynamic_009.bin"
17:10:31 [CE][Storage] ver:0 stamp:0, valid:NO, name:"D:\dayz\DayZServer\mpmissions\dayzOffline.chernarusplus\storage_1\data\dynamic_009.001"
17:10:31 [CE][Storage] ver:0 stamp:0, valid:NO, name:"D:\dayz\DayZServer\mpmissions\dayzOffline.chernarusplus\storage_1\data\dynamic_009.002"
17:10:31 [CE][Storage] ver:0 stamp:0, valid:NO, name:"D:\dayz\DayZServer\mpmissions\dayzOffline.chernarusplus\storage_1\data\dynamic_010.bin"
17:10:31 [CE][Storage] ver:0 stamp:0, valid:NO, name:"D:\dayz\DayZServer\mpmissions\dayzOffline.chernarusplus\storage_1\data\dynamic_010.001"
17:10:31 [CE][Storage] ver:0 stamp:0, valid:NO, name:"D:\dayz\DayZServer\mpmissions\dayzOffline.chernarusplus\storage_1\data\dynamic_010.002"
17:10:31 [CE][Storage] ver:0 stamp:0, valid:NO, name:"D:\dayz\DayZServer\mpmissions\dayzOffline.chernarusplus\storage_1\data\dynamic_011.bin"
17:10:31 [CE][Storage] ver:0 stamp:0, valid:NO, name:"D:\dayz\DayZServer\mpmissions\dayzOffline.chernarusplus\storage_1\data\dynamic_011.001"
17:10:31 [CE][Storage] ver:0 stamp:0, valid:NO, name:"D:\dayz\DayZServer\mpmissions\dayzOffline.chernarusplus\storage_1\data\dynamic_011.002"
17:10:31 [CE][Storage] ver:0 stamp:0, valid:NO, name:"D:\dayz\DayZServer\mpmissions\dayzOffline.chernarusplus\storage_1\data\building.bin"
17:10:31 [CE][Storage] ver:0 stamp:0, valid:NO, name:"D:\dayz\DayZServer\mpmissions\dayzOffline.chernarusplus\storage_1\data\building.001"
17:10:31 [CE][Storage] ver:0 stamp:0, valid:NO, name:"D:\dayz\DayZServer\mpmissions\dayzOffline.chernarusplus\storage_1\data\building.002"
17:10:31 [CE][Storage] ver:0 stamp:0, valid:NO, name:"D:\dayz\DayZServer\mpmissions\dayzOffline.chernarusplus\storage_1\data\vehicles.bin"
17:10:31 [CE][Storage] ver:0 stamp:0, valid:NO, name:"D:\dayz\DayZServer\mpmissions\dayzOffline.chernarusplus\storage_1\data\vehicles.001"
17:10:31 [CE][Storage] ver:0 stamp:0, valid:NO, name:"D:\dayz\DayZServer\mpmissions\dayzOffline.chernarusplus\storage_1\data\vehicles.002"
17:10:31 [CE][Hive] :: Empty storage folder, reinitializing ... 
17:10:31 [CE][Hive] :: Initializing ... 
17:10:31 [CE][InitializeMap] :: initialized: 0
17:10:31 [CE][Hive] :: Initializing spawners ... 
17:10:40 [CE][LootRespawner] (PRIDummy) :: Item [0] causing search overtime: "SparkPlug"
17:10:40 [CE][LootRespawner] (PRIDummy) :: Item [1] causing search overtime: "Truck_01_Door_1_1_GreenRust"
17:10:40 [CE][LootRespawner] (PRIDummy) :: Item [2] causing search overtime: "Truck_01_Door_1_1_GreenRust"
17:10:40 [CE][LootRespawner] (PRIDummy) :: Item [3] causing search overtime: "Truck_01_Door_1_1_GreenRust"
17:10:40 [CE][LootRespawner] (PRIDummy) :: Item [4] causing search overtime: "Truck_01_Door_1_1_GreenRust"
17:10:40 [CE][LootRespawner] (PRIDummy) :: Item [5] causing search overtime: "Truck_01_Door_1_1_GreenRust"
17:10:40 [CE][LootRespawner] (PRIDummy) :: Item [6] causing search overtime: "Truck_01_Door_1_1_GreenRust"
17:10:40 [CE][LootRespawner] (PRIDummy) :: Item [7] causing search overtime: "Truck_01_Door_1_1_GreenRust"
17:10:40 [CE][LootRespawner] (PRIDummy) :: Item [8] causing search overtime: "Truck_01_Door_1_1_GreenRust"
17:10:40 [CE][LootRespawner] (PRIDummy) :: Item [9] causing search overtime: "Truck_01_Door_1_1_GreenRust"
17:10:40 [CE][LootRespawner] (PRIDummy) :: Item [10] causing search overtime: "SalineBag"
17:10:40 [CE][LootRespawner] (PRIDummy) :: Item [11] causing search overtime: "SalineBag"
17:10:40 [CE][LootRespawner] (PRIDummy) :: Item [12] causing search overtime: "CivSedanTrunk_WineRust"
17:10:40 [CE][LootRespawner] (PRIDummy) :: Item [13] causing search overtime: "CivSedanTrunk_WineRust"
17:10:40 [CE][LootRespawner] (PRIDummy) :: Item [14] causing search overtime: "CivSedanTrunk_WineRust"
17:10:40 [CE][LootRespawner] (PRIDummy) :: Item [15] causing search overtime: "CivSedanTrunk_WineRust"
17:10:40 [CE][LootRespawner] (PRIDummy) :: Item [16] causing search overtime: "CivSedanTrunk_WineRust"
17:10:40 [CE][LootRespawner] (PRIDummy) :: Item [17] causing search overtime: "CivSedanTrunk_WineRust"
17:10:40 [CE][LootRespawner] (PRIDummy) :: Item [18] causing search overtime: "CivSedanTrunk_WineRust"
17:10:40 [CE][LootRespawner] (PRIDummy) :: Item [19] causing search overtime: "CivSedanTrunk_WineRust"
17:10:47 [CE][LootRespawner] (PRIDummy) :: Item [0] is hard to place, performance drops: "StartKitIV"
17:10:47 [CE][LootRespawner] (PRIDummy) :: Item [1] is hard to place, performance drops: "AK_FoldingBttstck"
17:10:48 [CE][LootRespawner] (PRIDummy) :: Item [2] is hard to place, performance drops: "USMCPants_Woodland"
17:10:48 [CE][LootRespawner] (PRIDummy) :: Item [3] is hard to place, performance drops: "USMCPants_Woodland"
17:10:48 [CE][LootRespawner] (PRIDummy) :: Item [4] is hard to place, performance drops: "TacticalGoggles"
17:10:49 !!! [CE][Point] Removing 4512.276855, 9730.737305 from Land_Wreck_truck01_aban2_orange
17:10:49 [CE][LootRespawner] (PRIDummy) :: Item [5] is hard to place, performance drops: "TacticalShirt_Olive"
17:10:49 [CE][LootRespawner] (PRIDummy) :: Item [6] is hard to place, performance drops: "Mp133Shotgun"
17:10:49 [CE][LootRespawner] (PRIDummy) :: Item [7] is hard to place, performance drops: "Mp133Shotgun"
17:10:49 [CE][LootRespawner] (PRIDummy) :: Item [8] is hard to place, performance drops: "CanvasBag_Medical"
17:10:49 [CE][LootRespawner] (PRIDummy) :: Item [9] is hard to place, performance drops: "GorkaEJacket_PautRev"
17:10:49 [CE][LootRespawner] (PRIDummy) :: Item [10] is hard to place, performance drops: "M65Jacket_Khaki"
17:10:51 [CE][LootRespawner] (PRIDummy) :: Item [11] is hard to place, performance drops: "FNX45"
17:10:51 [CE][LootRespawner] (PRIDummy) :: Item [12] is hard to place, performance drops: "TTSKOPants"
17:10:51 [CE][LootRespawner] (PRIDummy) :: Item [13] is hard to place, performance drops: "TTSKOPants"
17:10:51 [CE][LootRespawner] (PRIDummy) :: Item [14] is hard to place, performance drops: "TTSKOPants"
17:10:51 [CE][LootRespawner] (PRIDummy) :: Item [15] is hard to place, performance drops: "TTSKOPants"
17:10:51 [CE][LootRespawner] (PRIDummy) :: Item [16] is hard to place, performance drops: "ManSuit_LightGrey"
17:10:51 [CE][LootRespawner] (PRIDummy) :: Item [17] is hard to place, performance drops: "PoliceVest"
17:10:51 [CE][LootRespawner] (PRIDummy) :: Item [18] is hard to place, performance drops: "PoliceVest"
17:10:51 [CE][LootRespawner] (PRIDummy) :: Item [19] is hard to place, performance drops: "ManSuit_Blue"
17:10:56 !!! [CE][Point] Removing 4514.630371, 9732.002930 from Land_Wreck_truck01_aban2_orange
17:10:57 [CE][LootRespawner] (PRIDummy) :: Initially (re)spawned:20943, Nominal:20952, Total in Map: 19941 at 16 (sec)
17:10:57   tests:21887, repeats:105 fails:839, overtime:1092
17:10:57 [CE][SpawnRandomLoot] (StaticAirplaneCrate) :: Type: StaticObj_Misc_SupplyBox2_DE, lootmin: 4, lootmax: 8, wanted: 4, deloot: 2, containermaxsum: 4
17:10:57 [CE][SpawnRandomLoot] (StaticAirplaneCrate) :: Type: StaticObj_Misc_SupplyBox2_DE :: !!! Sum of container LootMax is lower than event child LootMax (4 < 8)
17:10:57 [CE][SpawnRandomLoot] (StaticAirplaneCrate) :: Type: StaticObj_Misc_SupplyBox3_DE, lootmin: 4, lootmax: 8, wanted: 5, deloot: 2, containermaxsum: 4
17:10:57 [CE][SpawnRandomLoot] (StaticAirplaneCrate) :: Type: StaticObj_Misc_SupplyBox3_DE :: !!! Sum of container LootMax is lower than event child LootMax (4 < 8)
17:10:57 [CE][SpawnRandomLoot] (StaticAirplaneCrate) :: Type: StaticObj_Misc_SupplyBox3_DE :: !!! Wanting to spawn more loot than possible (5 > 4)
17:10:57 [CE][SpawnRandomLoot] (StaticAirplaneCrate) :: Type: StaticObj_Misc_SupplyBox2_DE, lootmin: 4, lootmax: 8, wanted: 5, deloot: 2, containermaxsum: 4
17:10:57 [CE][SpawnRandomLoot] (StaticAirplaneCrate) :: Type: StaticObj_Misc_SupplyBox2_DE :: !!! Sum of container LootMax is lower than event child LootMax (4 < 8)
17:10:57 [CE][SpawnRandomLoot] (StaticAirplaneCrate) :: Type: StaticObj_Misc_SupplyBox2_DE :: !!! Wanting to spawn more loot than possible (5 > 4)
17:10:57 [CE][SpawnRandomLoot] (StaticAirplaneCrate) :: Type: StaticObj_Misc_SupplyBox1_DE, lootmin: 4, lootmax: 8, wanted: 6, deloot: 2, containermaxsum: 4
17:10:57 [CE][SpawnRandomLoot] (StaticAirplaneCrate) :: Type: StaticObj_Misc_SupplyBox1_DE :: !!! Sum of container LootMax is lower than event child LootMax (4 < 8)
17:10:57 [CE][SpawnRandomLoot] (StaticAirplaneCrate) :: Type: StaticObj_Misc_SupplyBox1_DE :: !!! Wanting to spawn more loot than possible (6 > 4)
17:10:57 [CE][SpawnRandomLoot] (StaticAirplaneCrate) :: Type: StaticObj_Misc_SupplyBox2_DE, lootmin: 4, lootmax: 8, wanted: 6, deloot: 2, containermaxsum: 4
17:10:57 [CE][SpawnRandomLoot] (StaticAirplaneCrate) :: Type: StaticObj_Misc_SupplyBox2_DE :: !!! Sum of container LootMax is lower than event child LootMax (4 < 8)
17:10:57 [CE][SpawnRandomLoot] (StaticAirplaneCrate) :: Type: StaticObj_Misc_SupplyBox2_DE :: !!! Wanting to spawn more loot than possible (6 > 4)
17:10:57 [CE][SpawnRandomLoot] (StaticAirplaneCrate) :: Type: StaticObj_Misc_SupplyBox1_DE, lootmin: 4, lootmax: 8, wanted: 6, deloot: 2, containermaxsum: 4
17:10:57 [CE][SpawnRandomLoot] (StaticAirplaneCrate) :: Type: StaticObj_Misc_SupplyBox1_DE :: !!! Sum of container LootMax is lower than event child LootMax (4 < 8)
17:10:57 [CE][SpawnRandomLoot] (StaticAirplaneCrate) :: Type: StaticObj_Misc_SupplyBox1_DE :: !!! Wanting to spawn more loot than possible (6 > 4)
17:10:57 [CE][SpawnRandomLoot] (StaticAirplaneCrate) :: Type: StaticObj_Misc_SupplyBox3_DE, lootmin: 4, lootmax: 8, wanted: 7, deloot: 2, containermaxsum: 4
17:10:57 [CE][SpawnRandomLoot] (StaticAirplaneCrate) :: Type: StaticObj_Misc_SupplyBox3_DE :: !!! Sum of container LootMax is lower than event child LootMax (4 < 8)
17:10:57 [CE][SpawnRandomLoot] (StaticAirplaneCrate) :: Type: StaticObj_Misc_SupplyBox3_DE :: !!! Wanting to spawn more loot than possible (7 > 4)
17:10:57 [CE][SpawnRandomLoot] (StaticAirplaneCrate) :: Type: StaticObj_Misc_SupplyBox2_DE, lootmin: 4, lootmax: 8, wanted: 4, deloot: 2, containermaxsum: 4
17:10:57 [CE][SpawnRandomLoot] (StaticAirplaneCrate) :: Type: StaticObj_Misc_SupplyBox2_DE :: !!! Sum of container LootMax is lower than event child LootMax (4 < 8)
17:10:57 [CE][SpawnRandomLoot] (StaticAirplaneCrate) :: Type: StaticObj_Misc_SupplyBox3_DE, lootmin: 4, lootmax: 8, wanted: 5, deloot: 2, containermaxsum: 4
17:10:57 [CE][SpawnRandomLoot] (StaticAirplaneCrate) :: Type: StaticObj_Misc_SupplyBox3_DE :: !!! Sum of container LootMax is lower than event child LootMax (4 < 8)
17:10:57 [CE][SpawnRandomLoot] (StaticAirplaneCrate) :: Type: StaticObj_Misc_SupplyBox3_DE :: !!! Wanting to spawn more loot than possible (5 > 4)
17:10:57 [CE][VehicleRespawner] (PRIContaminatedArea) :: Initial random enabled for "StaticContaminatedArea" - Chosen nominal: 3
17:10:57 [CE][SpawnRandomLoot] (StaticHeliCrash) :: Type: Wreck_Mi8_Crashed, lootmin: 10, lootmax: 15, wanted: 11, deloot: 2, containermaxsum: 15
17:10:57 [CE][SpawnRandomLoot] (StaticHeliCrash) :: Type: Wreck_Mi8_Crashed, lootmin: 10, lootmax: 15, wanted: 11, deloot: 2, containermaxsum: 15
17:10:57 [CE][SpawnRandomLoot] (StaticHeliCrash) :: Type: Wreck_Mi8_Crashed, lootmin: 10, lootmax: 15, wanted: 14, deloot: 2, containermaxsum: 15
17:10:57 [CE][SpawnRandomLoot] (StaticMilitaryConvoy) :: Type: StaticObj_Wreck_BRDM_DE, lootmin: 2, lootmax: 3, wanted: 2, deloot: 1, containermaxsum: 3
17:10:57 [CE][SpawnRandomLoot] (StaticMilitaryConvoy) :: Type: StaticObj_Wreck_BMP2_DE, lootmin: 2, lootmax: 3, wanted: 2, deloot: 1, containermaxsum: 3
17:10:57 [CE][SpawnRandomLoot] (StaticMilitaryConvoy) :: Type: Land_Wreck_V3S_DE, lootmin: 2, lootmax: 3, wanted: 2, deloot: 1, containermaxsum: 3
17:10:57 [CE][SpawnRandomLoot] (StaticMilitaryConvoy) :: Type: StaticObj_Wreck_Uaz_DE, lootmin: 2, lootmax: 3, wanted: 2, deloot: 1, containermaxsum: 3
17:10:57 [CE][SpawnRandomLoot] (StaticMilitaryConvoy) :: Type: StaticObj_Wreck_T72_Chassis_DE, lootmin: 2, lootmax: 4, wanted: 3, deloot: 1, containermaxsum: 4
17:10:57 [CE][SpawnRandomLoot] (StaticMilitaryConvoy) :: Type: StaticObj_Wreck_BMP1_NoPlacement_DE, lootmin: 2, lootmax: 3, wanted: 2, deloot: 1, containermaxsum: 3
17:10:57 [CE][SpawnRandomLoot] (StaticMilitaryConvoy) :: Type: Land_wreck_truck01_aban2_green_DE, lootmin: 2, lootmax: 3, wanted: 2, deloot: 1, containermaxsum: 3
17:10:57 [CE][SpawnRandomLoot] (StaticMilitaryConvoy) :: Type: Land_Wreck_offroad02_aban1_DE, lootmin: 2, lootmax: 3, wanted: 2, deloot: 1, containermaxsum: 3
17:10:57 [CE][SpawnRandomLoot] (StaticMilitaryConvoy) :: Type: Land_Wreck_offroad02_aban2_DE, lootmin: 2, lootmax: 3, wanted: 2, deloot: 1, containermaxsum: 3
17:10:57 [CE][SpawnRandomLoot] (StaticMilitaryConvoy) :: Type: StaticObj_Wreck_BRDM_DE, lootmin: 2, lootmax: 3, wanted: 2, deloot: 1, containermaxsum: 3
17:10:57 [CE][SpawnRandomLoot] (StaticMilitaryConvoy) :: Type: Land_wreck_truck01_aban1_green_DE, lootmin: 2, lootmax: 3, wanted: 2, deloot: 1, containermaxsum: 3
17:10:57 [CE][SpawnRandomLoot] (StaticMilitaryConvoy) :: Type: StaticObj_Wreck_BMP1_NoPlacement_DE, lootmin: 2, lootmax: 3, wanted: 2, deloot: 1, containermaxsum: 3
17:10:57 [CE][SpawnRandomLoot] (StaticMilitaryConvoy) :: Type: StaticObj_Wreck_BMP2_DE, lootmin: 2, lootmax: 3, wanted: 2, deloot: 1, containermaxsum: 3
17:10:57 [CE][SpawnRandomLoot] (StaticMilitaryConvoy) :: Type: StaticObj_Wreck_Ural_DE, lootmin: 2, lootmax: 3, wanted: 2, deloot: 1, containermaxsum: 3
17:10:57 [CE][SpawnRandomLoot] (StaticMilitaryConvoy) :: Type: Land_Wreck_offroad02_aban1_DE, lootmin: 2, lootmax: 3, wanted: 2, deloot: 1, containermaxsum: 3
17:10:57 [CE][SpawnRandomLoot] (StaticMilitaryConvoy) :: Type: StaticObj_Wreck_BMP1_NoPlacement_DE, lootmin: 2, lootmax: 3, wanted: 2, deloot: 1, containermaxsum: 3
17:10:57 [CE][SpawnRandomLoot] (StaticMilitaryConvoy) :: Type: StaticObj_Wreck_Uaz_DE, lootmin: 2, lootmax: 3, wanted: 2, deloot: 1, containermaxsum: 3
17:10:57 [CE][SpawnRandomLoot] (StaticMilitaryConvoy) :: Type: Land_Wreck_V3S_DE, lootmin: 2, lootmax: 3, wanted: 2, deloot: 1, containermaxsum: 3
17:10:57 [CE][SpawnRandomLoot] (StaticMilitaryConvoy) :: Type: StaticObj_Wreck_Ural_DE, lootmin: 2, lootmax: 3, wanted: 2, deloot: 1, containermaxsum: 3
17:10:57 [CE][SpawnRandomLoot] (StaticMilitaryConvoy) :: Type: Land_wreck_truck01_aban1_green_DE, lootmin: 2, lootmax: 3, wanted: 2, deloot: 1, containermaxsum: 3
17:10:57 [CE][SpawnRandomLoot] (StaticMilitaryConvoy) :: Type: StaticObj_Wreck_Uaz_DE, lootmin: 2, lootmax: 3, wanted: 2, deloot: 1, containermaxsum: 3
17:10:57 [CE][SpawnRandomLoot] (StaticMilitaryConvoy) :: Type: Land_Wreck_offroad02_aban2_DE, lootmin: 2, lootmax: 3, wanted: 2, deloot: 1, containermaxsum: 3
17:10:57 [CE][SpawnRandomLoot] (StaticMilitaryConvoy) :: Type: Land_Wreck_V3S_DE, lootmin: 2, lootmax: 3, wanted: 2, deloot: 1, containermaxsum: 3
17:10:57 [CE][SpawnRandomLoot] (StaticMilitaryConvoy) :: Type: Land_wreck_truck01_aban1_green_DE, lootmin: 2, lootmax: 3, wanted: 2, deloot: 1, containermaxsum: 3
17:10:57 [CE][SpawnRandomLoot] (StaticMilitaryConvoy) :: Type: StaticObj_Wreck_Ural_DE, lootmin: 2, lootmax: 3, wanted: 2, deloot: 1, containermaxsum: 3
17:10:57 [CE][SpawnRandomLoot] (StaticMilitaryConvoy) :: Type: Land_wreck_truck01_aban2_green_DE, lootmin: 2, lootmax: 3, wanted: 2, deloot: 1, containermaxsum: 3
17:10:57 [CE][SpawnRandomLoot] (StaticMilitaryConvoy) :: Type: Land_wreck_truck01_aban2_green_DE, lootmin: 2, lootmax: 3, wanted: 2, deloot: 1, containermaxsum: 3
17:10:57 [CE][SpawnRandomLoot] (StaticPoliceSituation) :: Type: Land_Wreck_sed01_aban1_police_DE, lootmin: 2, lootmax: 4, wanted: 2, deloot: 1, containermaxsum: 4
17:10:57 [CE][SpawnRandomLoot] (StaticPoliceSituation) :: Type: Land_Wreck_sed01_aban1_wine_DE, lootmin: 2, lootmax: 2, wanted: 2, deloot: 1, containermaxsum: 2
17:10:57 [CE][SpawnRandomLoot] (StaticPoliceSituation) :: Type: Land_Wreck_truck01_aban1_orange_DE, lootmin: 2, lootmax: 2, wanted: 2, deloot: 1, containermaxsum: 3
17:10:57 [CE][SpawnRandomLoot] (StaticPoliceSituation) :: Type: Land_Wreck_sed01_aban2_police_DE, lootmin: 2, lootmax: 4, wanted: 3, deloot: 1, containermaxsum: 4
17:10:57 [CE][SpawnRandomLoot] (StaticPoliceSituation) :: Type: Land_wreck_truck01_aban2_firetruck_DE, lootmin: 3, lootmax: 5, wanted: 4, deloot: 0, containermaxsum: 2
17:10:57 [CE][SpawnRandomLoot] (StaticPoliceSituation) :: Type: Land_wreck_truck01_aban2_firetruck_DE :: !!! Sum of container LootMax is lower than event child LootMax (2 < 5)
17:10:57 [CE][SpawnRandomLoot] (StaticPoliceSituation) :: Type: Land_wreck_truck01_aban2_firetruck_DE :: !!! Wanting to spawn more loot than possible (4 > 2)
17:10:57 [CE][SpawnRandomLoot] (StaticPoliceSituation) :: Type: Land_Wreck_sed01_aban1_police_DE, lootmin: 2, lootmax: 4, wanted: 3, deloot: 1, containermaxsum: 4
17:10:57 [CE][SpawnRandomLoot] (StaticPoliceSituation) :: Type: Land_Wreck_sed01_aban2_police_DE, lootmin: 2, lootmax: 4, wanted: 2, deloot: 1, containermaxsum: 4
17:10:57 [CE][SpawnRandomLoot] (StaticPoliceSituation) :: Type: Land_Wreck_Ikarus_DE, lootmin: 2, lootmax: 3, wanted: 2, deloot: 1, containermaxsum: 3
17:10:57 [CE][SpawnRandomLoot] (StaticPoliceSituation) :: Type: Land_Wreck_truck01_aban1_orange_DE, lootmin: 2, lootmax: 3, wanted: 2, deloot: 1, containermaxsum: 3
17:10:57 [CE][SpawnRandomLoot] (StaticPoliceSituation) :: Type: Land_Wreck_hb02_aban2_blue_DE, lootmin: 2, lootmax: 2, wanted: 2, deloot: 1, containermaxsum: 2
17:10:57 [CE][SpawnRandomLoot] (StaticPoliceSituation) :: Type: Land_Wreck_sed01_aban1_police_DE, lootmin: 2, lootmax: 4, wanted: 3, deloot: 1, containermaxsum: 4
17:10:57 [CE][SpawnRandomLoot] (StaticPoliceSituation) :: Type: Land_wreck_truck01_aban1_firetruck_DE, lootmin: 3, lootmax: 5, wanted: 4, deloot: 0, containermaxsum: 2
17:10:57 [CE][SpawnRandomLoot] (StaticPoliceSituation) :: Type: Land_wreck_truck01_aban1_firetruck_DE :: !!! Sum of container LootMax is lower than event child LootMax (2 < 5)
17:10:57 [CE][SpawnRandomLoot] (StaticPoliceSituation) :: Type: Land_wreck_truck01_aban1_firetruck_DE :: !!! Wanting to spawn more loot than possible (4 > 2)
17:10:57 [CE][SpawnRandomLoot] (StaticPoliceSituation) :: Type: Land_Wreck_sed01_aban2_police_DE, lootmin: 2, lootmax: 4, wanted: 3, deloot: 1, containermaxsum: 4
17:10:57 [CE][SpawnRandomLoot] (StaticPoliceSituation) :: Type: Land_Wreck_hb02_aban1_red_DE, lootmin: 2, lootmax: 2, wanted: 2, deloot: 1, containermaxsum: 2
17:10:57 [CE][SpawnRandomLoot] (StaticPoliceSituation) :: Type: Land_Wreck_sed01_aban1_police_DE, lootmin: 2, lootmax: 4, wanted: 3, deloot: 1, containermaxsum: 4
17:10:57 [CE][SpawnRandomLoot] (StaticPoliceSituation) :: Type: Land_Wreck_hb02_aban1_blue_DE, lootmin: 2, lootmax: 2, wanted: 2, deloot: 1, containermaxsum: 2
17:10:57 [CE][SpawnRandomLoot] (StaticPoliceSituation) :: Type: Land_Wreck_sed01_aban2_police_DE, lootmin: 2, lootmax: 4, wanted: 2, deloot: 1, containermaxsum: 4
17:10:57 [CE][SpawnRandomLoot] (StaticPoliceSituation) :: Type: Land_Wreck_sed01_aban1_police_DE, lootmin: 2, lootmax: 4, wanted: 2, deloot: 1, containermaxsum: 4
17:10:57 [CE][SpawnRandomLoot] (StaticTrain) :: Type: StaticObj_Wreck_Train_742_Red_DE, lootmin: 1, lootmax: 3, wanted: 1, deloot: 0, containermaxsum: 15
17:10:57 [CE][SpawnRandomLoot] (StaticTrain) :: Type: Land_Container_1Aoh_DE, lootmin: 3, lootmax: 5, wanted: 4, deloot: 0, containermaxsum: 15
17:10:57 [CE][SpawnRandomLoot] (StaticTrain) :: Type: Land_Train_Wagon_Box_DE, lootmin: 2, lootmax: 3, wanted: 2, deloot: 0, containermaxsum: 15
17:10:57 [CE][SpawnRandomLoot] (StaticTrain) :: Type: Land_Train_Wagon_Box_DE, lootmin: 2, lootmax: 3, wanted: 2, deloot: 0, containermaxsum: 15
17:10:57 [CE][SpawnRandomLoot] (StaticTrain) :: Type: Land_Train_Wagon_Box_DE, lootmin: 2, lootmax: 3, wanted: 2, deloot: 0, containermaxsum: 15
17:10:57 [CE][SpawnRandomLoot] (StaticTrain) :: Type: StaticObj_Wreck_Train_Wagon_Flat_DE, lootmin: 1, lootmax: 3, wanted: 2, deloot: 0, containermaxsum: 15
17:10:57 [CE][SpawnRandomLoot] (StaticTrain) :: Type: Land_Container_1Aoh_DE, lootmin: 3, lootmax: 5, wanted: 3, deloot: 0, containermaxsum: 15
17:10:57 [CE][SpawnRandomLoot] (StaticTrain) :: Type: Land_Container_1Aoh_DE, lootmin: 3, lootmax: 5, wanted: 4, deloot: 0, containermaxsum: 15
17:10:57 [CE][SpawnRandomLoot] (StaticTrain) :: Type: StaticObj_Wreck_Train_Wagon_Flat_DE, lootmin: 1, lootmax: 3, wanted: 2, deloot: 0, containermaxsum: 15
17:10:57 [CE][SpawnRandomLoot] (StaticTrain) :: Type: StaticObj_Wreck_Train_Wagon_Flat_DE, lootmin: 1, lootmax: 3, wanted: 2, deloot: 0, containermaxsum: 15
17:10:57 [CE][SpawnRandomLoot] (StaticTrain) :: Type: StaticObj_Wreck_Train_Wagon_Flat_DE, lootmin: 1, lootmax: 3, wanted: 1, deloot: 0, containermaxsum: 15
17:10:57 [CE][SpawnRandomLoot] (StaticTrain) :: Type: Land_Container_1Bo_DE, lootmin: 2, lootmax: 4, wanted: 2, deloot: 0, containermaxsum: 15
17:10:57 [CE][SpawnRandomLoot] (StaticTrain) :: Type: StaticObj_Wreck_Train_742_Blue_DE, lootmin: 1, lootmax: 3, wanted: 1, deloot: 0, containermaxsum: 15
17:10:57 [CE][SpawnRandomLoot] (StaticTrain) :: Type: Land_Train_Wagon_Box_DE, lootmin: 2, lootmax: 3, wanted: 2, deloot: 0, containermaxsum: 15
17:10:57 [CE][SpawnRandomLoot] (StaticTrain) :: Type: Land_Train_Wagon_Box_DE, lootmin: 2, lootmax: 3, wanted: 2, deloot: 0, containermaxsum: 15
17:10:57 [CE][SpawnRandomLoot] (StaticTrain) :: Type: Land_Container_1Bo_DE, lootmin: 2, lootmax: 4, wanted: 3, deloot: 0, containermaxsum: 15
17:10:57 [CE][SpawnRandomLoot] (StaticTrain) :: Type: Land_Train_Wagon_Box_DE, lootmin: 2, lootmax: 3, wanted: 2, deloot: 0, containermaxsum: 15
17:10:57 [CE][SpawnRandomLoot] (StaticTrain) :: Type: Land_Train_Wagon_Box_DE, lootmin: 2, lootmax: 3, wanted: 2, deloot: 0, containermaxsum: 15
17:10:57 [CE][SpawnRandomLoot] (StaticTrain) :: Type: StaticObj_Train_Wagon_Flat_Industrial_Barrels_DE, lootmin: 1, lootmax: 3, wanted: 2, deloot: 0, containermaxsum: 15
17:10:57 [CE][SpawnRandomLoot] (StaticTrain) :: Type: StaticObj_Wreck_Train_Wagon_Flat_DE, lootmin: 1, lootmax: 3, wanted: 1, deloot: 0, containermaxsum: 15
17:10:57 [CE][SpawnRandomLoot] (StaticTrain) :: Type: Land_Container_1Aoh_DE, lootmin: 3, lootmax: 5, wanted: 4, deloot: 0, containermaxsum: 15
17:10:57 [CE][SpawnRandomLoot] (StaticTrain) :: Type: Land_Container_1Aoh_DE, lootmin: 3, lootmax: 5, wanted: 3, deloot: 0, containermaxsum: 15
17:10:57 [CE][SpawnRandomLoot] (StaticTrain) :: Type: StaticObj_Wreck_Train_742_Red_DE, lootmin: 1, lootmax: 3, wanted: 2, deloot: 0, containermaxsum: 15
17:10:57 [CE][SpawnRandomLoot] (StaticTrain) :: Type: Land_Wreck_truck01_aban2_blue_DE, lootmin: 1, lootmax: 3, wanted: 2, deloot: 0, containermaxsum: 3
17:10:57 [CE][SpawnRandomLoot] (StaticTrain) :: Type: Land_Train_Wagon_Box_DE, lootmin: 2, lootmax: 3, wanted: 2, deloot: 0, containermaxsum: 15
17:10:57 [CE][SpawnRandomLoot] (StaticTrain) :: Type: Land_Train_Wagon_Box_DE, lootmin: 2, lootmax: 3, wanted: 2, deloot: 0, containermaxsum: 15
17:10:57 [CE][SpawnRandomLoot] (StaticTrain) :: Type: Land_Train_Wagon_Box_DE, lootmin: 2, lootmax: 3, wanted: 2, deloot: 0, containermaxsum: 15
17:10:57 [CE][SpawnRandomLoot] (StaticTrain) :: Type: Land_Container_1Aoh_DE, lootmin: 3, lootmax: 5, wanted: 3, deloot: 0, containermaxsum: 15
17:10:57 [CE][SpawnRandomLoot] (StaticTrain) :: Type: Land_Container_1Aoh_DE, lootmin: 3, lootmax: 5, wanted: 4, deloot: 0, containermaxsum: 15
17:10:57 [CE][SpawnRandomLoot] (StaticTrain) :: Type: StaticObj_Wreck_Train_Wagon_Flat_DE, lootmin: 1, lootmax: 3, wanted: 1, deloot: 0, containermaxsum: 15
17:10:57 [CE][SpawnRandomLoot] (StaticTrain) :: Type: Land_Container_1Aoh_DE, lootmin: 3, lootmax: 5, wanted: 3, deloot: 0, containermaxsum: 15
17:10:57 [CE][SpawnRandomLoot] (StaticTrain) :: Type: Land_Container_1Aoh_DE, lootmin: 3, lootmax: 5, wanted: 3, deloot: 0, containermaxsum: 15
17:10:57 [CE][SpawnRandomLoot] (StaticTrain) :: Type: Land_Container_1Aoh_DE, lootmin: 3, lootmax: 5, wanted: 3, deloot: 0, containermaxsum: 15
17:10:57 [CE][SpawnRandomLoot] (StaticTrain) :: Type: Land_Container_1Bo_DE, lootmin: 2, lootmax: 4, wanted: 3, deloot: 0, containermaxsum: 15
17:10:57 [CE][SpawnRandomLoot] (StaticTrain) :: Type: StaticObj_Wreck_Train_Wagon_Flat_DE, lootmin: 1, lootmax: 3, wanted: 1, deloot: 0, containermaxsum: 15
17:10:57 [CE][SpawnRandomLoot] (StaticTrain) :: Type: StaticObj_Train_Wagon_Flat_Industrial_Planks_DE, lootmin: 1, lootmax: 3, wanted: 2, deloot: 0, containermaxsum: 15
17:10:57 [CE][SpawnRandomLoot] (StaticTrain) :: Type: StaticObj_Wreck_Train_Wagon_Flat_DE, lootmin: 1, lootmax: 3, wanted: 2, deloot: 0, containermaxsum: 15
17:10:57 [CE][SpawnRandomLoot] (StaticTrain) :: Type: StaticObj_Train_Wagon_Flat_Industrial_Barrels_DE, lootmin: 1, lootmax: 3, wanted: 1, deloot: 0, containermaxsum: 15
17:10:57 [CE][SpawnRandomLoot] (StaticTrain) :: Type: Land_Container_1Bo_DE, lootmin: 2, lootmax: 4, wanted: 2, deloot: 0, containermaxsum: 15
17:10:57 [CE][SpawnRandomLoot] (StaticTrain) :: Type: Land_Container_1Aoh_DE, lootmin: 3, lootmax: 5, wanted: 3, deloot: 0, containermaxsum: 15
17:10:58 [CE][DynEvent] :: 48 types
17:10:58 [00] AmbientHen
17:10:58   Primary Spawner: "Ambient", active: yes, repeat: 1
17:10:58 [01] AnimalBear
17:10:58   Primary Spawner: "Animal", active: yes, repeat: 1
17:10:58 [02] AnimalCow
17:10:58   Primary Spawner: "Animal", active: yes, repeat: 1
17:10:58 [03] AnimalDeer
17:10:58   Primary Spawner: "Animal", active: yes, repeat: 1
17:10:58 [04] AnimalGoat
17:10:58   Primary Spawner: "Animal", active: yes, repeat: 1
17:10:58 [05] AnimalPig
17:10:58   Primary Spawner: "Animal", active: yes, repeat: 1
17:10:58 [06] AnimalRoeDeer
17:10:58   Primary Spawner: "Animal", active: yes, repeat: 1
17:10:58 [07] AnimalSheep
17:10:58   Primary Spawner: "Animal", active: yes, repeat: 1
17:10:58 [08] AnimalWildBoar
17:10:58   Primary Spawner: "Animal", active: yes, repeat: 1
17:10:58 [09] AnimalWolf
17:10:58   Primary Spawner: "Animal", active: yes, repeat: 1
17:10:58 [10] InfectedArmy
17:10:58   Primary Spawner: "Infected", active: yes, repeat: 1
17:10:58 [11] InfectedArmyHard
17:10:58   Primary Spawner: "Infected", active: yes, repeat: 1
17:10:58 [12] InfectedCity
17:10:58   Primary Spawner: "Infected", active: yes, repeat: 1
17:10:58 [13] InfectedCityTier1
17:10:58   Primary Spawner: "Infected", active: yes, repeat: 1
17:10:58 [14] InfectedFirefighter
17:10:58   Primary Spawner: "Infected", active: yes, repeat: 1
17:10:58 [15] InfectedIndustrial
17:10:58   Primary Spawner: "Infected", active: yes, repeat: 1
17:10:58 [16] InfectedMedic
17:10:58   Primary Spawner: "Infected", active: yes, repeat: 1
17:10:58 [17] InfectedNBC
17:10:58   Primary Spawner: "Infected", active: yes, repeat: 1
17:10:58 [18] InfectedNBCYellow
17:10:58   Primary Spawner: "Infected", active: yes, repeat: 1
17:10:58 [19] InfectedPolice
17:10:58   Primary Spawner: "Infected", active: yes, repeat: 1
17:10:58 [20] InfectedPoliceHard
17:10:58   Primary Spawner: "Infected", active: yes, repeat: 1
17:10:58 [21] InfectedPrisoner
17:10:58   Primary Spawner: "Infected", active: yes, repeat: 1
17:10:58 [22] InfectedReligious
17:10:58   Primary Spawner: "Infected", active: yes, repeat: 1
17:10:58 [23] InfectedSanta
17:10:58   Primary Spawner: "Infected", active: yes, repeat: 1
17:10:58 [24] InfectedSolitude
17:10:58   Primary Spawner: "Infected", active: yes, repeat: 1
17:10:58 [25] InfectedVillage
17:10:58   Primary Spawner: "Infected", active: yes, repeat: 1
17:10:58 [26] InfectedVillageTier1
17:10:58   Primary Spawner: "Infected", active: yes, repeat: 1
17:10:58 [27] ItemPlanks
17:10:58   Primary Spawner: "Item", active: yes, repeat: 1
17:10:58 [28] Loot
17:10:58   Primary Spawner: "Loot", active: yes, repeat: 2
17:10:58 [29] StaticAirplaneCrate
17:10:58   Primary Spawner: "Static", active: yes, repeat: 1
17:10:58 [30] StaticContaminatedArea
17:10:58   Primary Spawner: "Static", active: yes, repeat: 1
17:10:58 [31] StaticHeliCrash
17:10:58   Primary Spawner: "Static", active: yes, repeat: 1
17:10:58   Secondary Spawner: "Infected", active: yes, repeat: 1
17:10:58 [32] StaticMilitaryConvoy
17:10:58   Primary Spawner: "Static", active: yes, repeat: 1
17:10:58   Secondary Spawner: "Infected", active: yes, repeat: 1
17:10:58 [33] StaticPoliceSituation
17:10:58   Primary Spawner: "Static", active: yes, repeat: 1
17:10:58   Secondary Spawner: "Infected", active: yes, repeat: 1
17:10:58 [34] StaticTrain
17:10:58   Primary Spawner: "Static", active: yes, repeat: 1
17:10:58   Secondary Spawner: "Infected", active: yes, repeat: 1
17:10:58 [35] TrajectoryApple
17:10:58   Primary Spawner: "Trajectory", active: yes, repeat: 1
17:10:58 [36] TrajectoryConiferous
17:10:58   Primary Spawner: "Trajectory", active: yes, repeat: 1
17:10:58 [37] TrajectoryDeciduous
17:10:58   Primary Spawner: "Trajectory", active: yes, repeat: 1
17:10:58 [38] TrajectoryHumus
17:10:58   Primary Spawner: "Trajectory", active: yes, repeat: 1
17:10:58 [39] TrajectoryPear
17:10:58   Primary Spawner: "Trajectory", active: yes, repeat: 1
17:10:58 [40] TrajectoryPlum
17:10:58   Primary Spawner: "Trajectory", active: yes, repeat: 1
17:10:58 [41] TrajectoryStones
17:10:58   Primary Spawner: "Trajectory", active: yes, repeat: 1
17:10:58 [42] VehicleCivilianSedan
17:10:58   Primary Spawner: "Vehicle", active: yes, repeat: 1
17:10:58 [43] VehicleHatchback02
17:10:58   Primary Spawner: "Vehicle", active: yes, repeat: 1
17:10:58 [44] VehicleOffroad02
17:10:58   Primary Spawner: "Vehicle", active: yes, repeat: 1
17:10:58 [45] VehicleOffroadHatchback
17:10:58   Primary Spawner: "Vehicle", active: yes, repeat: 1
17:10:58 [46] VehicleSedan02
17:10:58   Primary Spawner: "Vehicle", active: yes, repeat: 1
17:10:58 [47] VehicleTruck01
17:10:58   Primary Spawner: "Vehicle", active: yes, repeat: 1
17:10:58 [CE][Hive] :: Initializing of spawners done.
17:10:58 [CE][Hive] :: Init sequence finished.
17:12:50 BattlEye Server: Initialized (v1.219, DayZ 1.23.156951)
17:12:50 SUCCESS: SteamGameServer_Init(0,8766,2302,2305,3,1.23.156951)
17:12:50 BattlEye Server: Config entry: RConPassword DarkShyMW123Shy
17:12:50 BattlEye Server: Config entry: RestrictRCon 0
17:12:50 BattlEye Server: Config entry: RConPort 2306
17:12:50 Роли назначены.
17:12:50 Чтение задания...
17:13:27 [CE][Hive] :: Initializing OFFLINE
17:13:27 [StorageDirs] :: Selected storage directory: D:\dayz\DayZServer\mpmissions\dayzOffline.chernarusplus\storage_1\
17:13:27 [CE][Hive] :: Loading core data ... 
17:13:27 [CE][CoreData] :: 7 root classes, 18 defaults, 0 updaters...
17:13:40 [CE][TypeSetup] :: 525 classes setuped...
17:13:40 [CE][TypeSetup] :: 97 classes setuped...
17:13:42 [CE][RegisterBind] :: 0 classes binded...
17:13:42 [CE][RegisterConfig] :: 18099 config classes registered, 0 sub-counters...
17:13:42 [CE][Hive] :: Loading map data ... 
17:13:42 [CE][IgnoreList] "cfgignorelist.xml" :: loaded 19 types
17:13:42 [CE][LoadPrototype] :: loaded 426 prototypes
17:13:42   822 containers, 10869 points
17:13:42   71 dispatches, 250 proxies
17:13:42 !!! [CE][LoadPrototype] 5 groups have no points...
17:13:42 [CE][LoadPrototype] :: last group name: StaticObj_Misc_SupplyBox3_DE...
17:13:42 [CE][LoadPrototype] :: loaded 0 prototypes
17:13:42   55 containers, 232 points
17:13:42   0 dispatches, 0 proxies
17:13:42 [CE][LoadPrototype] :: last group name: Rail9...
17:13:43 [CE][LoadMap] "Group" :: loaded 11680 groups, groups failed: 0, largest group range: 34.2
17:13:43 [CE][LoadMap] "Dirt" :: loaded 0 groups, groups failed: 0, largest group range: 34.2
17:13:43 [CE][LoadClusters] "Cluster" :: Loading files...
17:13:43 [CE][LoadClusters] :: file: "mapgroupcluster.xml", 9 types, 50000 instances
17:13:43 [CE][LoadClusters] :: file: "mapgroupcluster01", 9 types, 50000 instances
17:13:43 [CE][LoadClusters] :: file: "mapgroupcluster02", 9 types, 50000 instances
17:13:44 [CE][LoadClusters] :: file: "mapgroupcluster03", 9 types, 50000 instances
17:13:44 [CE][LoadClusters] :: file: "mapgroupcluster04", 9 types, 17347 instances
17:13:44 [CE][Storage] ver:21 stamp:1, valid:yes, name:"D:\dayz\DayZServer\mpmissions\dayzOffline.chernarusplus\storage_1\data\types.bin"
17:13:44 [CE][Storage] ver:0 stamp:0, valid:NO, name:"D:\dayz\DayZServer\mpmissions\dayzOffline.chernarusplus\storage_1\data\types.001"
17:13:44 [CE][Storage] ver:0 stamp:0, valid:NO, name:"D:\dayz\DayZServer\mpmissions\dayzOffline.chernarusplus\storage_1\data\types.002"
17:13:44 [CE][Storage] Restoring file "D:\dayz\DayZServer\mpmissions\dayzOffline.chernarusplus\storage_1\data\types.bin".
17:13:44 !!! [CE][offlineDB] :: No Shutdown message present.
17:13:44 [CE][offlineDB] :: Loaded 48 dynamic events 228 total types.
17:13:44 !!! [CE][DE] (VehicleTruck01) :: Unable to create child (Truck_01_Covered_Grey) as the type does not exist.
17:13:44 [CE][offlineDB] :: Loaded 59 dynamic events 292 total types.
17:13:44 !!! [CE][offlineDB] :: Type 'ChristmasTree' will be ignored. (Not spawnable. (Scope is not public?))
17:13:44 !!! [CE][offlineDB] :: Type 'WitchHood_Chainmail_Black' will be ignored. (Type does not exist. (Typo?))
17:13:44 !!! [CE][offlineDB] :: Type 'WitchHood_Chainmail_Brown' will be ignored. (Type does not exist. (Typo?))
17:13:44 !!! [CE][offlineDB] :: Type 'WitchHood_Chainmail_Red' will be ignored. (Type does not exist. (Typo?))
17:13:44 !!! [CE][offlineDB] :: Type 'Expansion_M79' will be ignored. (Not spawnable. (Scope is not public?))
17:13:44 !!! [CE][offlineDB] :: Type 'ExpansionFlaregun' will be ignored. (Not spawnable. (Scope is not public?))
17:13:44 !!! [CE][offlineDB] :: Type 'Expansion_Longhorn' will be ignored. (Not spawnable. (Scope is not public?))
17:13:44 !!! [CE][DE][SPAWNS] :: [WARNING] :: Skipping entry for non-existing event 'VehicleTransitBus'.
17:13:44 [CE][DE][SPAWNS] :: Total positions: 1024
17:13:44 [CE][DE][GROUPS] :: Total eventgroups defined: 83, Eventgroups in use: 83
17:13:44 [CE][Storage] ver:21 stamp:1, valid:yes, name:"D:\dayz\DayZServer\mpmissions\dayzOffline.chernarusplus\storage_1\data\events.bin"
17:13:44 [CE][Storage] ver:0 stamp:0, valid:NO, name:"D:\dayz\DayZServer\mpmissions\dayzOffline.chernarusplus\storage_1\data\events.001"
17:13:44 [CE][Storage] ver:0 stamp:0, valid:NO, name:"D:\dayz\DayZServer\mpmissions\dayzOffline.chernarusplus\storage_1\data\events.002"
17:13:44 [CE][Storage] Restoring file "D:\dayz\DayZServer\mpmissions\dayzOffline.chernarusplus\storage_1\data\events.bin".
17:13:44 [CE][DynamicEvent] Load  Events:[48] Primary spawners: 48 Secondary spawners: 4
17:13:44 [CE][Storage] ver:25 stamp:1, valid:yes, name:"D:\dayz\DayZServer\mpmissions\dayzOffline.chernarusplus\storage_1\data\dynamic_000.bin"
17:13:44 [CE][Storage] ver:0 stamp:0, valid:NO, name:"D:\dayz\DayZServer\mpmissions\dayzOffline.chernarusplus\storage_1\data\dynamic_000.001"
17:13:44 [CE][Storage] ver:0 stamp:0, valid:NO, name:"D:\dayz\DayZServer\mpmissions\dayzOffline.chernarusplus\storage_1\data\dynamic_000.002"
17:13:44 [CE][Storage] Restoring file "D:\dayz\DayZServer\mpmissions\dayzOffline.chernarusplus\storage_1\data\dynamic_000.bin" 933 items.
17:13:45   933 items loaded. (0 failed)
17:13:45 [CE][Storage] ver:25 stamp:1, valid:yes, name:"D:\dayz\DayZServer\mpmissions\dayzOffline.chernarusplus\storage_1\data\dynamic_001.bin"
17:13:45 [CE][Storage] ver:0 stamp:0, valid:NO, name:"D:\dayz\DayZServer\mpmissions\dayzOffline.chernarusplus\storage_1\data\dynamic_001.001"
17:13:45 [CE][Storage] ver:0 stamp:0, valid:NO, name:"D:\dayz\DayZServer\mpmissions\dayzOffline.chernarusplus\storage_1\data\dynamic_001.002"
17:13:45 [CE][Storage] Restoring file "D:\dayz\DayZServer\mpmissions\dayzOffline.chernarusplus\storage_1\data\dynamic_001.bin" 1751 items.
17:13:46   1751 items loaded. (0 failed)
17:13:46 [CE][Storage] ver:25 stamp:1, valid:yes, name:"D:\dayz\DayZServer\mpmissions\dayzOffline.chernarusplus\storage_1\data\dynamic_002.bin"
17:13:46 [CE][Storage] ver:0 stamp:0, valid:NO, name:"D:\dayz\DayZServer\mpmissions\dayzOffline.chernarusplus\storage_1\data\dynamic_002.001"
17:13:46 [CE][Storage] ver:0 stamp:0, valid:NO, name:"D:\dayz\DayZServer\mpmissions\dayzOffline.chernarusplus\storage_1\data\dynamic_002.002"
17:13:46 [CE][Storage] Restoring file "D:\dayz\DayZServer\mpmissions\dayzOffline.chernarusplus\storage_1\data\dynamic_002.bin" 2557 items.
17:13:47   2557 items loaded. (0 failed)
17:13:47 [CE][Storage] ver:25 stamp:1, valid:yes, name:"D:\dayz\DayZServer\mpmissions\dayzOffline.chernarusplus\storage_1\data\dynamic_003.bin"
17:13:47 [CE][Storage] ver:0 stamp:0, valid:NO, name:"D:\dayz\DayZServer\mpmissions\dayzOffline.chernarusplus\storage_1\data\dynamic_003.001"
17:13:47 [CE][Storage] ver:0 stamp:0, valid:NO, name:"D:\dayz\DayZServer\mpmissions\dayzOffline.chernarusplus\storage_1\data\dynamic_003.002"
17:13:47 [CE][Storage] Restoring file "D:\dayz\DayZServer\mpmissions\dayzOffline.chernarusplus\storage_1\data\dynamic_003.bin" 2147 items.
17:13:48   2147 items loaded. (0 failed)
17:13:48 [CE][Storage] ver:25 stamp:1, valid:yes, name:"D:\dayz\DayZServer\mpmissions\dayzOffline.chernarusplus\storage_1\data\dynamic_004.bin"
17:13:48 [CE][Storage] ver:0 stamp:0, valid:NO, name:"D:\dayz\DayZServer\mpmissions\dayzOffline.chernarusplus\storage_1\data\dynamic_004.001"
17:13:48 [CE][Storage] ver:0 stamp:0, valid:NO, name:"D:\dayz\DayZServer\mpmissions\dayzOffline.chernarusplus\storage_1\data\dynamic_004.002"
17:13:48 [CE][Storage] Restoring file "D:\dayz\DayZServer\mpmissions\dayzOffline.chernarusplus\storage_1\data\dynamic_004.bin" 1803 items.
17:13:49   1803 items loaded. (0 failed)
17:13:49 [CE][Storage] ver:25 stamp:1, valid:yes, name:"D:\dayz\DayZServer\mpmissions\dayzOffline.chernarusplus\storage_1\data\dynamic_005.bin"
17:13:49 [CE][Storage] ver:0 stamp:0, valid:NO, name:"D:\dayz\DayZServer\mpmissions\dayzOffline.chernarusplus\storage_1\data\dynamic_005.001"
17:13:49 [CE][Storage] ver:0 stamp:0, valid:NO, name:"D:\dayz\DayZServer\mpmissions\dayzOffline.chernarusplus\storage_1\data\dynamic_005.002"
17:13:49 [CE][Storage] Restoring file "D:\dayz\DayZServer\mpmissions\dayzOffline.chernarusplus\storage_1\data\dynamic_005.bin" 2164 items.
17:13:49   2164 items loaded. (0 failed)
17:13:49 [CE][Storage] ver:25 stamp:1, valid:yes, name:"D:\dayz\DayZServer\mpmissions\dayzOffline.chernarusplus\storage_1\data\dynamic_006.bin"
17:13:49 [CE][Storage] ver:0 stamp:0, valid:NO, name:"D:\dayz\DayZServer\mpmissions\dayzOffline.chernarusplus\storage_1\data\dynamic_006.001"
17:13:49 [CE][Storage] ver:0 stamp:0, valid:NO, name:"D:\dayz\DayZServer\mpmissions\dayzOffline.chernarusplus\storage_1\data\dynamic_006.002"
17:13:49 [CE][Storage] Restoring file "D:\dayz\DayZServer\mpmissions\dayzOffline.chernarusplus\storage_1\data\dynamic_006.bin" 1570 items.
17:13:50   1570 items loaded. (0 failed)
17:13:50 [CE][Storage] ver:25 stamp:1, valid:yes, name:"D:\dayz\DayZServer\mpmissions\dayzOffline.chernarusplus\storage_1\data\dynamic_007.bin"
17:13:50 [CE][Storage] ver:0 stamp:0, valid:NO, name:"D:\dayz\DayZServer\mpmissions\dayzOffline.chernarusplus\storage_1\data\dynamic_007.001"
17:13:50 [CE][Storage] ver:0 stamp:0, valid:NO, name:"D:\dayz\DayZServer\mpmissions\dayzOffline.chernarusplus\storage_1\data\dynamic_007.002"
17:13:50 [CE][Storage] Restoring file "D:\dayz\DayZServer\mpmissions\dayzOffline.chernarusplus\storage_1\data\dynamic_007.bin" 1486 items.
17:13:51   1486 items loaded. (0 failed)
17:13:51 [CE][Storage] ver:25 stamp:1, valid:yes, name:"D:\dayz\DayZServer\mpmissions\dayzOffline.chernarusplus\storage_1\data\dynamic_008.bin"
17:13:51 [CE][Storage] ver:0 stamp:0, valid:NO, name:"D:\dayz\DayZServer\mpmissions\dayzOffline.chernarusplus\storage_1\data\dynamic_008.001"
17:13:51 [CE][Storage] ver:0 stamp:0, valid:NO, name:"D:\dayz\DayZServer\mpmissions\dayzOffline.chernarusplus\storage_1\data\dynamic_008.002"
17:13:51 [CE][Storage] Restoring file "D:\dayz\DayZServer\mpmissions\dayzOffline.chernarusplus\storage_1\data\dynamic_008.bin" 2155 items.
17:13:52   2155 items loaded. (0 failed)
17:13:52 [CE][Storage] ver:25 stamp:1, valid:yes, name:"D:\dayz\DayZServer\mpmissions\dayzOffline.chernarusplus\storage_1\data\dynamic_009.bin"
17:13:52 [CE][Storage] ver:0 stamp:0, valid:NO, name:"D:\dayz\DayZServer\mpmissions\dayzOffline.chernarusplus\storage_1\data\dynamic_009.001"
17:13:52 [CE][Storage] ver:0 stamp:0, valid:NO, name:"D:\dayz\DayZServer\mpmissions\dayzOffline.chernarusplus\storage_1\data\dynamic_009.002"
17:13:52 [CE][Storage] Restoring file "D:\dayz\DayZServer\mpmissions\dayzOffline.chernarusplus\storage_1\data\dynamic_009.bin" 2688 items.
17:13:53   2688 items loaded. (0 failed)
17:13:53 [CE][Storage] ver:25 stamp:1, valid:yes, name:"D:\dayz\DayZServer\mpmissions\dayzOffline.chernarusplus\storage_1\data\dynamic_010.bin"
17:13:53 [CE][Storage] ver:0 stamp:0, valid:NO, name:"D:\dayz\DayZServer\mpmissions\dayzOffline.chernarusplus\storage_1\data\dynamic_010.001"
17:13:53 [CE][Storage] ver:0 stamp:0, valid:NO, name:"D:\dayz\DayZServer\mpmissions\dayzOffline.chernarusplus\storage_1\data\dynamic_010.002"
17:13:53 [CE][Storage] Restoring file "D:\dayz\DayZServer\mpmissions\dayzOffline.chernarusplus\storage_1\data\dynamic_010.bin" 1779 items.
17:13:53   1779 items loaded. (0 failed)
17:13:53 [CE][Storage] ver:25 stamp:1, valid:yes, name:"D:\dayz\DayZServer\mpmissions\dayzOffline.chernarusplus\storage_1\data\dynamic_011.bin"
17:13:53 [CE][Storage] ver:0 stamp:0, valid:NO, name:"D:\dayz\DayZServer\mpmissions\dayzOffline.chernarusplus\storage_1\data\dynamic_011.001"
17:13:53 [CE][Storage] ver:0 stamp:0, valid:NO, name:"D:\dayz\DayZServer\mpmissions\dayzOffline.chernarusplus\storage_1\data\dynamic_011.002"
17:13:53 [CE][Storage] Restoring file "D:\dayz\DayZServer\mpmissions\dayzOffline.chernarusplus\storage_1\data\dynamic_011.bin" 170 items.
17:13:54   170 items loaded. (0 failed)
17:13:54 [CE][Storage] ver:26 stamp:1, valid:yes, name:"D:\dayz\DayZServer\mpmissions\dayzOffline.chernarusplus\storage_1\data\building.bin"
17:13:54 [CE][Storage] ver:0 stamp:0, valid:NO, name:"D:\dayz\DayZServer\mpmissions\dayzOffline.chernarusplus\storage_1\data\building.001"
17:13:54 [CE][Storage] ver:0 stamp:0, valid:NO, name:"D:\dayz\DayZServer\mpmissions\dayzOffline.chernarusplus\storage_1\data\building.002"
17:13:54 [CE][Storage] Restoring file "D:\dayz\DayZServer\mpmissions\dayzOffline.chernarusplus\storage_1\data\building.bin" 0 items.
17:13:54   0 items loaded. (0 failed)
17:13:54 [CE][Storage] ver:25 stamp:1, valid:yes, name:"D:\dayz\DayZServer\mpmissions\dayzOffline.chernarusplus\storage_1\data\vehicles.bin"
17:13:54 [CE][Storage] ver:0 stamp:0, valid:NO, name:"D:\dayz\DayZServer\mpmissions\dayzOffline.chernarusplus\storage_1\data\vehicles.001"
17:13:54 [CE][Storage] ver:0 stamp:0, valid:NO, name:"D:\dayz\DayZServer\mpmissions\dayzOffline.chernarusplus\storage_1\data\vehicles.002"
17:13:54 [CE][Storage] Restoring file "D:\dayz\DayZServer\mpmissions\dayzOffline.chernarusplus\storage_1\data\vehicles.bin" 250 items.
17:13:54   250 items loaded. (0 failed)
17:13:54 [CE][Hive] :: Storage load took:10.34 seconds, recovery stamp:1
17:13:54   entity: 22844, building: 0
17:13:54   no lifetime: 77
17:13:54   pathgraph's: 560
17:13:54 [CE][Hive] :: Initializing ... 
17:13:55 [CE][InitializeMap] :: initialized: 0
17:13:55 [CE][Hive] :: Initializing spawners ... 
17:13:55 [CE][LootRespawner] (PRIDummy) :: Initially (re)spawned:0, Nominal:23346, Total in Map: 21395 at 0 (sec)
17:13:55   tests:0, repeats:0 fails:0, overtime:0
17:13:55 !!! [CE][VehicleRespawner] (PRIZodiacBoat) :: Init: "VehicleZodiacBoat" - Failed to spawn the requested amount (13 < 16) within 48 attempts.
17:13:55 [CE][DynEvent] :: 59 types
17:13:55 [00] AmbientHen
17:13:55   Primary Spawner: "Ambient", active: yes, repeat: 1
17:13:55 [01] AnimalBear
17:13:55   Primary Spawner: "Animal", active: yes, repeat: 1
17:13:55 [02] AnimalCow
17:13:55   Primary Spawner: "Animal", active: yes, repeat: 1
17:13:55 [03] AnimalDeer
17:13:55   Primary Spawner: "Animal", active: yes, repeat: 1
17:13:55 [04] AnimalGoat
17:13:55   Primary Spawner: "Animal", active: yes, repeat: 1
17:13:55 [05] AnimalPig
17:13:55   Primary Spawner: "Animal", active: yes, repeat: 1
17:13:55 [06] AnimalRoeDeer
17:13:55   Primary Spawner: "Animal", active: yes, repeat: 1
17:13:55 [07] AnimalSheep
17:13:55   Primary Spawner: "Animal", active: yes, repeat: 1
17:13:55 [08] AnimalWildBoar
17:13:55   Primary Spawner: "Animal", active: yes, repeat: 1
17:13:55 [09] AnimalWolf
17:13:55   Primary Spawner: "Animal", active: yes, repeat: 1
17:13:55 [10] InfectedArmy
17:13:55   Primary Spawner: "Infected", active: yes, repeat: 1
17:13:55 [11] InfectedArmyHard
17:13:55   Primary Spawner: "Infected", active: yes, repeat: 1
17:13:55 [12] InfectedCity
17:13:55   Primary Spawner: "Infected", active: yes, repeat: 1
17:13:55 [13] InfectedCityTier1
17:13:55   Primary Spawner: "Infected", active: yes, repeat: 1
17:13:55 [14] InfectedFirefighter
17:13:55   Primary Spawner: "Infected", active: yes, repeat: 1
17:13:55 [15] InfectedIndustrial
17:13:55   Primary Spawner: "Infected", active: yes, repeat: 1
17:13:55 [16] InfectedMedic
17:13:55   Primary Spawner: "Infected", active: yes, repeat: 1
17:13:55 [17] InfectedNBC
17:13:55   Primary Spawner: "Infected", active: yes, repeat: 1
17:13:55 [18] InfectedNBCYellow
17:13:55   Primary Spawner: "Infected", active: yes, repeat: 1
17:13:55 [19] InfectedPolice
17:13:55   Primary Spawner: "Infected", active: yes, repeat: 1
17:13:55 [20] InfectedPoliceHard
17:13:55   Primary Spawner: "Infected", active: yes, repeat: 1
17:13:55 [21] InfectedPrisoner
17:13:55   Primary Spawner: "Infected", active: yes, repeat: 1
17:13:55 [22] InfectedReligious
17:13:55   Primary Spawner: "Infected", active: yes, repeat: 1
17:13:55 [23] InfectedSanta
17:13:55   Primary Spawner: "Infected", active: yes, repeat: 1
17:13:55 [24] InfectedSolitude
17:13:55   Primary Spawner: "Infected", active: yes, repeat: 1
17:13:55 [25] InfectedVillage
17:13:55   Primary Spawner: "Infected", active: yes, repeat: 1
17:13:55 [26] InfectedVillageTier1
17:13:55   Primary Spawner: "Infected", active: yes, repeat: 1
17:13:55 [27] ItemPlanks
17:13:55   Primary Spawner: "Item", active: yes, repeat: 1
17:13:55 [28] Loot
17:13:55   Primary Spawner: "Loot", active: yes, rep